[2025-07-15 09:37:58] INFO: inside refreshAccessToken  eyJhbGciOiJIUzI1NiIsInR5cCI6IkpXVCJ9.eyJpZCI6MSwiZW1haWwiOiJockBnbWFpbC5jb20iLCJpYXQiOjE3NTI0NzYyOTUsImV4cCI6MTc1MzA4MTA5NX0.XAaQKguzzYhujoJwEE60H6HH5kXodwjpb5_PM5sOJTo
[2025-07-15 09:37:58] INFO: 🍪 Refresh Cookie Present: Yes
[2025-07-15 09:37:58] INFO: access Token inside refreshAccessToken()  eyJhbGciOiJIUzI1NiIsInR5cCI6IkpXVCJ9.eyJpZCI6MSwiZW1haWwiOiJockBnbWFpbC5jb20iLCJpYXQiOjE3NTI1NTI0NzgsImV4cCI6MTc1MjU1MzY3OH0.KS-yx3rQ2oEeKQ6XS5d94e4E35BtkNy8b2CPjzyzcNE
[2025-07-15 09:38:12] INFO: inside getAllCandidates Controller
[2025-07-15 09:38:12] INFO: inside getAllCandidates Controller
[2025-07-15 09:38:12] INFO: inside getAllCandidates Controller
[2025-07-15 10:04:31] INFO: inside getAllCandidates Controller
[2025-07-15 10:04:32] INFO: inside getAllCandidates Controller
[2025-07-15 10:04:36] INFO: inside getAllCandidates Controller
[2025-07-15 10:04:40] INFO:  inside logout() BEFORE clear cookie  eyJhbGciOiJIUzI1NiIsInR5cCI6IkpXVCJ9.eyJpZCI6MSwiZW1haWwiOiJockBnbWFpbC5jb20iLCJpYXQiOjE3NTI0NzYyOTUsImV4cCI6MTc1MzA4MTA5NX0.XAaQKguzzYhujoJwEE60H6HH5kXodwjpb5_PM5sOJTo
[2025-07-15 10:04:40] INFO:  inside logout() AFTER clear cookie  eyJhbGciOiJIUzI1NiIsInR5cCI6IkpXVCJ9.eyJpZCI6MSwiZW1haWwiOiJockBnbWFpbC5jb20iLCJpYXQiOjE3NTI0NzYyOTUsImV4cCI6MTc1MzA4MTA5NX0.XAaQKguzzYhujoJwEE60H6HH5kXodwjpb5_PM5sOJTo
[2025-07-15 10:04:58] INFO: 🧠 Login attempt for hr@gmail.com
[2025-07-15 10:04:58] INFO: 🔑 accessToken: eyJhbGciOiJIUzI1NiIsInR5cCI6IkpXVCJ9.eyJpZCI6MSwiZW1haWwiOiJockBnbWFpbC5jb20iLCJpYXQiOjE3NTI1NTQwOTgsImV4cCI6MTc1MjU3NTY5OH0.x-Xy2x9fpicJAYsod3dxq5frB_om2FJQKVxBH0Qg2Io
[2025-07-15 10:04:58] INFO: 🔁 refreshToken cookie set eyJhbGciOiJIUzI1NiIsInR5cCI6IkpXVCJ9.eyJpZCI6MSwiZW1haWwiOiJockBnbWFpbC5jb20iLCJpYXQiOjE3NTI1NTQwOTgsImV4cCI6MTc1MzE1ODg5OH0.HZirltLM0iB48t4Mr6KRDEMEPRtq2rcsc4LUeWfZZlE
[2025-07-15 10:04:58] INFO: 🌐 Headers Sent: {
  "x-powered-by": "Express",
  "access-control-allow-origin": "http://localhost:3000",
  "vary": "Origin",
  "access-control-allow-credentials": "true",
  "set-cookie": "refreshToken=eyJhbGciOiJIUzI1NiIsInR5cCI6IkpXVCJ9.eyJpZCI6MSwiZW1haWwiOiJockBnbWFpbC5jb20iLCJpYXQiOjE3NTI1NTQwOTgsImV4cCI6MTc1MzE1ODg5OH0.HZirltLM0iB48t4Mr6KRDEMEPRtq2rcsc4LUeWfZZlE; Max-Age=604800; Path=/api/auth; Expires=Tue, 22 Jul 2025 04:34:58 GMT; HttpOnly; SameSite=Lax"
}
[2025-07-15 10:18:24] INFO: inside getAllCandidates Controller
[2025-07-15 10:36:34] INFO: inside getAllCandidates Controller
[2025-07-15 10:36:34] INFO: inside getAllCandidates Controller
[2025-07-15 10:36:39] INFO: inside getAllCandidates Controller
[2025-07-15 10:36:40] INFO: inside getAllCandidates Controller
[2025-07-15 10:37:13] INFO: inside getAllCandidates Controller
[2025-07-15 10:38:08] INFO: inside getAllCandidates Controller
[2025-07-15 10:40:04] INFO: inside getAllCandidates Controller
[2025-07-15 10:43:02] INFO: inside getAllCandidates Controller
[2025-07-15 10:43:04] INFO: inside getAllCandidates Controller
[2025-07-15 10:47:06] INFO: inside getAllCandidates Controller
[2025-07-15 10:47:07] INFO: inside getAllCandidates Controller
[2025-07-15 10:47:56] INFO: inside getAllCandidates Controller
[2025-07-15 10:49:31] INFO: inside getAllCandidates Controller
[2025-07-15 11:08:05] INFO: inside getAllCandidates Controller
[2025-07-15 11:08:15] INFO: inside getAllCandidates Controller
[2025-07-15 11:08:21] INFO: inside getAllCandidates Controller
[2025-07-15 11:08:40] INFO: inside getAllCandidates Controller
[2025-07-15 11:08:48] INFO: inside getAllCandidates Controller
[2025-07-15 11:08:52] INFO: inside getAllCandidates Controller
[2025-07-15 11:08:56] INFO: inside getAllCandidates Controller
[2025-07-15 11:09:02] INFO: inside getAllCandidates Controller
[2025-07-15 11:09:20] INFO: inside getAllCandidates Controller
[2025-07-15 11:09:21] INFO: inside getAllCandidates Controller
[2025-07-15 11:10:13] INFO: inside getAllCandidates Controller
[2025-07-15 11:10:34] INFO: inside getAllCandidates Controller
[2025-07-15 11:14:29] INFO: inside getAllCandidates Controller
[2025-07-15 11:14:39] INFO: inside getAllCandidates Controller
[2025-07-15 11:19:13] INFO: inside getAllCandidates Controller
[2025-07-15 11:19:16] INFO: inside getAllCandidates Controller
[2025-07-15 11:24:53] INFO: inside getAllCandidates Controller
[2025-07-15 11:25:42] INFO: inside getAllCandidates Controller
[2025-07-15 11:25:54] INFO: inside getAllCandidates Controller
[2025-07-15 11:26:17] INFO: inside getAllCandidates Controller
[2025-07-15 11:26:23] INFO: inside getAllCandidates Controller
[2025-07-15 11:37:21] INFO: inside getAllCandidates Controller
[2025-07-15 11:37:22] INFO: inside getAllCandidates Controller
[2025-07-15 11:37:23] INFO: inside getAllCandidates Controller
[2025-07-15 11:38:13] INFO: inside getAllCandidates Controller
[2025-07-15 11:38:20] INFO: inside getAllCandidates Controller
[2025-07-15 11:38:23] INFO: inside getAllCandidates Controller
[2025-07-15 11:38:45] INFO: inside getAllCandidates Controller
[2025-07-15 11:38:48] INFO: inside getAllCandidates Controller
[2025-07-15 11:38:52] INFO: inside getAllCandidates Controller
[2025-07-15 11:40:14] INFO: inside getAllCandidates Controller
[2025-07-15 11:40:23] INFO: inside getAllCandidates Controller
[2025-07-15 11:43:42] INFO: inside getAllCandidates Controller
[2025-07-15 11:43:42] INFO: inside getAllCandidates Controller
[2025-07-15 11:43:42] INFO: inside getAllCandidates Controller
[2025-07-15 11:44:17] INFO: inside getAllCandidates Controller
[2025-07-15 11:44:17] INFO: inside getAllCandidates Controller
[2025-07-15 11:44:18] INFO: inside getAllCandidates Controller
[2025-07-15 11:44:31] INFO: inside getAllCandidates Controller
[2025-07-15 11:44:36] INFO: inside getAllCandidates Controller
[2025-07-15 11:44:36] INFO: inside getAllCandidates Controller
[2025-07-15 11:44:43] INFO: inside getAllCandidates Controller
[2025-07-15 11:44:46] INFO: inside getAllCandidates Controller
[2025-07-15 11:44:49] INFO: inside getAllCandidates Controller
[2025-07-15 11:45:14] INFO: inside getAllCandidates Controller
[2025-07-15 11:45:16] INFO: inside getAllCandidates Controller
[2025-07-15 11:45:20] INFO: inside getAllCandidates Controller
[2025-07-15 11:45:23] INFO: inside getAllCandidates Controller
[2025-07-15 11:45:28] INFO: inside getAllCandidates Controller
[2025-07-15 11:45:30] INFO: inside getAllCandidates Controller
[2025-07-15 11:45:55] INFO: inside getAllCandidates Controller
[2025-07-15 11:45:55] INFO: inside getAllCandidates Controller
[2025-07-15 11:45:55] INFO: inside getAllCandidates Controller
[2025-07-15 11:45:58] INFO: inside getAllCandidates Controller
[2025-07-15 11:45:59] INFO: inside getAllCandidates Controller
[2025-07-15 11:46:00] INFO: inside getAllCandidates Controller
[2025-07-15 11:46:21] INFO: inside getAllCandidates Controller
[2025-07-15 11:46:26] INFO: inside getAllCandidates Controller
[2025-07-15 11:46:28] INFO: inside getAllCandidates Controller
[2025-07-15 11:49:33] INFO: inside getAllCandidates Controller
[2025-07-15 11:49:33] INFO: inside getAllCandidates Controller
[2025-07-15 11:49:37] INFO: inside getAllCandidates Controller
[2025-07-15 11:49:43] INFO: inside getAllCandidates Controller
[2025-07-15 11:49:44] INFO: inside getAllCandidates Controller
[2025-07-15 11:49:44] INFO: inside getAllCandidates Controller
[2025-07-15 11:49:46] INFO: inside getAllCandidates Controller
[2025-07-15 11:49:47] INFO: inside getAllCandidates Controller
[2025-07-15 11:49:48] INFO: inside getAllCandidates Controller
[2025-07-15 11:50:18] INFO: inside getAllCandidates Controller
[2025-07-15 11:50:55] INFO: inside getAllCandidates Controller
[2025-07-15 11:51:51] INFO: inside getAllCandidates Controller
[2025-07-15 11:51:55] INFO: inside getAllCandidates Controller
[2025-07-15 11:51:59] INFO: inside getAllCandidates Controller
[2025-07-15 11:52:03] INFO: inside getAllCandidates Controller
[2025-07-15 11:58:22] INFO: inside getAllCandidates Controller
[2025-07-15 11:58:22] INFO: inside getAllCandidates Controller
[2025-07-15 11:58:23] INFO: inside getAllCandidates Controller
[2025-07-15 11:58:39] INFO: inside getAllCandidates Controller
[2025-07-15 11:58:40] INFO: inside getAllCandidates Controller
[2025-07-15 11:58:40] INFO: inside getAllCandidates Controller
[2025-07-15 11:58:45] INFO: inside getAllCandidates Controller
[2025-07-15 11:58:46] INFO: inside getAllCandidates Controller
[2025-07-15 11:58:48] INFO: inside getAllCandidates Controller
[2025-07-15 11:58:49] INFO: inside getAllCandidates Controller
[2025-07-15 11:58:51] INFO: inside getAllCandidates Controller
[2025-07-15 11:58:58] INFO: inside getAllCandidates Controller
[2025-07-15 11:59:00] INFO: inside getAllCandidates Controller
[2025-07-15 11:59:03] INFO: inside getAllCandidates Controller
[2025-07-15 11:59:06] INFO: inside getAllCandidates Controller
[2025-07-15 11:59:08] INFO: inside getAllCandidates Controller
[2025-07-15 11:59:12] INFO: inside getAllCandidates Controller
[2025-07-15 11:59:14] INFO: inside getAllCandidates Controller
[2025-07-15 11:59:38] INFO: inside getAllCandidates Controller
[2025-07-15 11:59:41] INFO: inside getAllCandidates Controller
[2025-07-15 11:59:46] INFO: inside getAllCandidates Controller
[2025-07-15 12:00:17] INFO: inside getAllCandidates Controller
[2025-07-15 12:00:17] INFO: inside getAllCandidates Controller
[2025-07-15 12:00:22] INFO: inside getAllCandidates Controller
[2025-07-15 12:00:22] INFO: inside getAllCandidates Controller
[2025-07-15 12:00:55] INFO: inside getAllCandidates Controller
[2025-07-15 12:01:10] INFO: inside getAllCandidates Controller
[2025-07-15 12:01:11] INFO: inside getAllCandidates Controller
[2025-07-15 12:01:21] INFO: inside getAllCandidates Controller
[2025-07-15 12:01:21] INFO: inside getAllCandidates Controller
[2025-07-15 12:01:21] INFO: inside getAllCandidates Controller
[2025-07-15 12:01:26] INFO: inside getAllCandidates Controller
[2025-07-15 12:01:59] INFO: inside getAllCandidates Controller
[2025-07-15 12:01:59] INFO: inside getAllCandidates Controller
[2025-07-15 12:02:00] INFO: inside getAllCandidates Controller
[2025-07-15 12:02:15] INFO: inside getAllCandidates Controller
[2025-07-15 12:02:24] INFO: inside getAllCandidates Controller
[2025-07-15 12:02:31] INFO: inside getAllCandidates Controller
[2025-07-15 12:16:07] INFO: inside getAllCandidates Controller
[2025-07-15 12:35:53] INFO: inside getAllCandidates Controller
[2025-07-15 12:35:53] INFO: inside getAllCandidates Controller
[2025-07-15 12:35:54] INFO: inside getAllCandidates Controller
[2025-07-15 12:36:08] INFO: inside getAllCandidates Controller
[2025-07-15 12:36:08] INFO: inside getAllCandidates Controller
[2025-07-15 12:36:09] INFO: inside getAllCandidates Controller
[2025-07-15 12:36:21] INFO: inside getAllCandidates Controller
[2025-07-15 12:36:30] INFO: inside getAllCandidates Controller
[2025-07-15 12:36:57] INFO:  inside logout() BEFORE clear cookie  eyJhbGciOiJIUzI1NiIsInR5cCI6IkpXVCJ9.eyJpZCI6MSwiZW1haWwiOiJockBnbWFpbC5jb20iLCJpYXQiOjE3NTI1NTQwOTgsImV4cCI6MTc1MzE1ODg5OH0.HZirltLM0iB48t4Mr6KRDEMEPRtq2rcsc4LUeWfZZlE
[2025-07-15 12:36:57] INFO:  inside logout() AFTER clear cookie  eyJhbGciOiJIUzI1NiIsInR5cCI6IkpXVCJ9.eyJpZCI6MSwiZW1haWwiOiJockBnbWFpbC5jb20iLCJpYXQiOjE3NTI1NTQwOTgsImV4cCI6MTc1MzE1ODg5OH0.HZirltLM0iB48t4Mr6KRDEMEPRtq2rcsc4LUeWfZZlE
[2025-07-15 12:37:20] INFO: 🧠 Login attempt for hr@gmail.com
[2025-07-15 12:37:20] INFO: 🔑 accessToken: eyJhbGciOiJIUzI1NiIsInR5cCI6IkpXVCJ9.eyJpZCI6MSwiZW1haWwiOiJockBnbWFpbC5jb20iLCJpYXQiOjE3NTI1NjMyNDAsImV4cCI6MTc1MjU4NDg0MH0.2-bKqC8mxACQeUT5tDBY3h7XvrkRDb5tte4PPFfKi2s
[2025-07-15 12:37:20] INFO: 🔁 refreshToken cookie set eyJhbGciOiJIUzI1NiIsInR5cCI6IkpXVCJ9.eyJpZCI6MSwiZW1haWwiOiJockBnbWFpbC5jb20iLCJpYXQiOjE3NTI1NjMyNDAsImV4cCI6MTc1MzE2ODA0MH0.bByC8DvNOxsiKHxKSeU6OvWwFCm3a_D5GIwoxKmBfGk
[2025-07-15 12:37:20] INFO: 🌐 Headers Sent: {
  "x-powered-by": "Express",
  "access-control-allow-origin": "http://localhost:3000",
  "vary": "Origin",
  "access-control-allow-credentials": "true",
  "set-cookie": "refreshToken=eyJhbGciOiJIUzI1NiIsInR5cCI6IkpXVCJ9.eyJpZCI6MSwiZW1haWwiOiJockBnbWFpbC5jb20iLCJpYXQiOjE3NTI1NjMyNDAsImV4cCI6MTc1MzE2ODA0MH0.bByC8DvNOxsiKHxKSeU6OvWwFCm3a_D5GIwoxKmBfGk; Max-Age=604800; Path=/api/auth; Expires=Tue, 22 Jul 2025 07:07:20 GMT; HttpOnly; SameSite=Lax"
}
[2025-07-15 12:41:06] INFO: inside getAllCandidates Controller
[2025-07-15 12:41:33] INFO: inside getAllCandidates Controller
[2025-07-15 12:51:46] INFO: inside getAllCandidates Controller
[2025-07-15 12:51:50] INFO: inside getAllCandidates Controller
[2025-07-15 12:52:06] INFO: inside getAllCandidates Controller
[2025-07-15 12:52:08] INFO: inside getAllCandidates Controller
[2025-07-15 12:53:30] INFO: inside getAllCandidates Controller
[2025-07-15 13:04:11] INFO: inside getAllCandidates Controller
[2025-07-15 13:11:06] INFO: inside getAllCandidates Controller
[2025-07-15 13:18:23] INFO: inside getAllCandidates Controller
[2025-07-15 13:18:39] INFO: inside getAllCandidates Controller
[2025-07-15 13:23:00] INFO: inside getAllCandidates Controller
[2025-07-15 13:24:41] INFO: inside getAllCandidates Controller
[2025-07-15 13:29:30] INFO: inside getAllCandidates Controller
[2025-07-15 13:33:03] INFO: inside getAllCandidates Controller
[2025-07-15 13:33:14] INFO: inside getAllCandidates Controller
[2025-07-15 13:33:25] INFO: inside getAllCandidates Controller
[2025-07-15 13:38:26] INFO: inside getAllCandidates Controller
[2025-07-15 13:38:45] INFO: inside getAllCandidates Controller
[2025-07-15 13:38:49] INFO: inside getAllCandidates Controller
[2025-07-15 13:40:16] INFO: inside getAllCandidates Controller
[2025-07-15 13:40:19] INFO: inside getAllCandidates Controller
[2025-07-15 13:40:37] INFO: inside getAllCandidates Controller
[2025-07-15 13:41:09] INFO: inside getAllCandidates Controller
[2025-07-15 13:41:54] INFO: inside getAllCandidates Controller
[2025-07-15 13:42:22] INFO: inside getAllCandidates Controller
[2025-07-15 13:42:33] INFO: inside getAllCandidates Controller
[2025-07-15 14:07:53] INFO: inside getAllCandidates Controller
[2025-07-15 14:08:08] INFO: inside getAllCandidates Controller
[2025-07-15 14:10:54] INFO: inside getAllCandidates Controller
[2025-07-15 14:10:56] INFO: inside getAllCandidates Controller
[2025-07-15 14:10:56] INFO: inside getAllCandidates Controller
[2025-07-15 14:11:03] INFO: inside getAllCandidates Controller
[2025-07-15 14:11:04] INFO: inside getAllCandidates Controller
[2025-07-15 14:11:04] INFO: inside getAllCandidates Controller
[2025-07-15 14:11:04] INFO: inside getAllCandidates Controller
[2025-07-15 14:11:07] INFO: inside getAllCandidates Controller
[2025-07-15 14:11:08] INFO: inside getAllCandidates Controller
[2025-07-15 14:11:29] INFO: inside getAllCandidates Controller
[2025-07-15 14:11:29] INFO: inside getAllCandidates Controller
[2025-07-15 14:11:30] INFO: inside getAllCandidates Controller
[2025-07-15 14:12:48] INFO: inside getAllCandidates Controller
[2025-07-15 14:12:49] INFO: inside getAllCandidates Controller
[2025-07-15 14:12:49] INFO: inside getAllCandidates Controller
[2025-07-15 14:13:16] INFO: inside getAllCandidates Controller
[2025-07-15 14:13:25] INFO: inside getAllCandidates Controller
[2025-07-15 14:13:25] INFO: inside getAllCandidates Controller
[2025-07-15 14:16:21] INFO: inside getAllCandidates Controller
[2025-07-15 14:19:33] INFO: inside getAllCandidates Controller
[2025-07-15 14:20:00] INFO: inside getAllCandidates Controller
[2025-07-15 14:20:13] INFO: inside getAllCandidates Controller
[2025-07-15 14:20:20] INFO: inside getAllCandidates Controller
[2025-07-15 14:29:48] INFO: inside getAllCandidates Controller
[2025-07-15 14:29:55] INFO: inside getAllCandidates Controller
[2025-07-15 14:30:10] INFO: inside getAllCandidates Controller
[2025-07-15 14:31:36] INFO: inside getAllCandidates Controller
[2025-07-15 14:31:37] INFO: inside getAllCandidates Controller
[2025-07-15 14:31:41] INFO: inside getAllCandidates Controller
[2025-07-15 14:31:42] INFO: inside getAllCandidates Controller
[2025-07-15 14:31:50] INFO: inside getAllCandidates Controller
[2025-07-15 14:31:50] INFO: inside getAllCandidates Controller
[2025-07-15 14:32:19] INFO: inside getAllCandidates Controller
[2025-07-15 14:32:20] INFO: inside getAllCandidates Controller
[2025-07-15 14:33:04] INFO: inside getAllCandidates Controller
[2025-07-15 14:33:04] INFO: inside getAllCandidates Controller
[2025-07-15 14:33:36] INFO: inside getAllCandidates Controller
[2025-07-15 14:33:37] INFO: inside getAllCandidates Controller
[2025-07-15 14:33:52] INFO: inside getAllCandidates Controller
[2025-07-15 14:33:52] INFO: inside getAllCandidates Controller
[2025-07-15 14:33:52] INFO: inside getAllCandidates Controller
[2025-07-15 14:33:58] INFO: inside getAllCandidates Controller
[2025-07-15 14:33:58] INFO: inside getAllCandidates Controller
[2025-07-15 14:33:58] INFO: inside getAllCandidates Controller
[2025-07-15 14:34:06] INFO: inside getAllCandidates Controller
[2025-07-15 14:34:07] INFO: inside getAllCandidates Controller
[2025-07-15 14:34:07] INFO: inside getAllCandidates Controller
[2025-07-15 14:34:36] INFO: inside getAllCandidates Controller
[2025-07-15 14:34:36] INFO: inside getAllCandidates Controller
[2025-07-15 14:34:36] INFO: inside getAllCandidates Controller
[2025-07-15 14:34:43] INFO: inside getAllCandidates Controller
[2025-07-15 14:34:43] INFO: inside getAllCandidates Controller
[2025-07-15 14:34:43] INFO: inside getAllCandidates Controller
[2025-07-15 14:34:54] INFO: inside getAllCandidates Controller
[2025-07-15 14:34:54] INFO: inside getAllCandidates Controller
[2025-07-15 14:34:54] INFO: inside getAllCandidates Controller
[2025-07-15 14:35:03] INFO: inside getAllCandidates Controller
[2025-07-15 14:35:03] INFO: inside getAllCandidates Controller
[2025-07-15 14:35:03] INFO: inside getAllCandidates Controller
[2025-07-15 14:35:10] INFO: inside getAllCandidates Controller
[2025-07-15 14:35:10] INFO: inside getAllCandidates Controller
[2025-07-15 14:35:10] INFO: inside getAllCandidates Controller
[2025-07-15 14:35:10] INFO: inside getAllCandidates Controller
[2025-07-15 14:35:16] INFO: inside getAllCandidates Controller
[2025-07-15 14:35:18] INFO: inside getAllCandidates Controller
[2025-07-15 14:35:20] INFO: inside getAllCandidates Controller
[2025-07-15 14:35:21] INFO: inside getAllCandidates Controller
[2025-07-15 14:35:54] INFO: inside getAllCandidates Controller
[2025-07-15 14:35:57] INFO: inside getAllCandidates Controller
[2025-07-15 14:35:58] INFO: inside getAllCandidates Controller
[2025-07-15 14:35:58] INFO: inside getAllCandidates Controller
[2025-07-15 14:36:28] INFO: inside getAllCandidates Controller
[2025-07-15 14:36:28] INFO: inside getAllCandidates Controller
[2025-07-15 14:36:28] INFO: inside getAllCandidates Controller
[2025-07-15 14:36:49] INFO: inside getAllCandidates Controller
[2025-07-15 14:37:26] INFO: inside getAllCandidates Controller
[2025-07-15 14:38:03] INFO: inside getAllCandidates Controller
[2025-07-15 14:38:04] INFO: inside getAllCandidates Controller
[2025-07-15 14:38:37] INFO: inside getAllCandidates Controller
[2025-07-15 14:38:41] INFO: inside getAllCandidates Controller
[2025-07-15 14:38:57] INFO: inside getAllCandidates Controller
[2025-07-15 14:39:26] INFO: inside getAllCandidates Controller
[2025-07-15 14:42:12] INFO: inside getAllCandidates Controller
[2025-07-15 14:42:13] INFO: inside getAllCandidates Controller
[2025-07-15 14:42:14] INFO: inside getAllCandidates Controller
[2025-07-15 14:42:16] INFO: inside getAllCandidates Controller
[2025-07-15 14:42:17] INFO: inside getAllCandidates Controller
[2025-07-15 14:42:19] INFO: inside getAllCandidates Controller
[2025-07-15 14:43:02] INFO: inside getAllCandidates Controller
[2025-07-15 14:43:36] INFO: inside getAllCandidates Controller
[2025-07-15 14:43:37] INFO: inside getAllCandidates Controller
[2025-07-15 14:43:37] INFO: inside getAllCandidates Controller
[2025-07-15 14:43:51] INFO: inside getAllCandidates Controller
[2025-07-15 14:44:35] INFO: inside getAllCandidates Controller
[2025-07-15 14:45:10] INFO: inside getAllCandidates Controller
[2025-07-15 14:46:33] INFO: inside getAllCandidates Controller
[2025-07-15 14:46:47] INFO: inside getAllCandidates Controller
[2025-07-15 14:47:24] INFO: inside getAllCandidates Controller
[2025-07-15 14:47:59] INFO: inside getAllCandidates Controller
[2025-07-15 14:51:15] INFO: inside getAllCandidates Controller
[2025-07-15 14:51:16] INFO: inside getAllCandidates Controller
[2025-07-15 14:51:16] INFO: inside getAllCandidates Controller
[2025-07-15 14:53:42] INFO: inside getAllCandidates Controller
[2025-07-15 14:53:44] INFO: inside getAllCandidates Controller
[2025-07-15 14:55:49] INFO: inside getAllCandidates Controller
[2025-07-15 14:55:51] INFO: inside getAllCandidates Controller
[2025-07-15 14:55:51] INFO: inside getAllCandidates Controller
[2025-07-15 14:55:59] INFO: inside getAllCandidates Controller
[2025-07-15 14:55:59] INFO: inside getAllCandidates Controller
[2025-07-15 14:56:05] INFO: inside getAllCandidates Controller
[2025-07-15 14:56:07] INFO: inside getAllCandidates Controller
[2025-07-15 14:56:09] INFO: inside getAllCandidates Controller
[2025-07-15 14:56:11] INFO: inside getAllCandidates Controller
[2025-07-15 14:56:32] INFO: inside getAllCandidates Controller
[2025-07-15 14:57:07] INFO: inside getAllCandidates Controller
[2025-07-15 14:57:09] INFO: inside getAllCandidates Controller
[2025-07-15 14:57:24] INFO: inside getAllCandidates Controller
[2025-07-15 14:57:25] INFO: inside getAllCandidates Controller
[2025-07-15 14:57:31] INFO: inside getAllCandidates Controller
[2025-07-15 14:57:32] INFO: inside getAllCandidates Controller
[2025-07-15 14:57:40] INFO: inside getAllCandidates Controller
[2025-07-15 14:57:47] INFO: inside getAllCandidates Controller
[2025-07-15 14:57:51] INFO: inside getAllCandidates Controller
[2025-07-15 14:58:05] INFO: inside getAllCandidates Controller
[2025-07-15 14:58:06] INFO: inside getAllCandidates Controller
[2025-07-15 14:58:42] INFO: inside getAllCandidates Controller
[2025-07-15 14:59:10] INFO: inside getAllCandidates Controller
[2025-07-15 14:59:11] INFO: inside getAllCandidates Controller
[2025-07-15 14:59:11] INFO: inside getAllCandidates Controller
[2025-07-15 14:59:21] INFO: inside getAllCandidates Controller
[2025-07-15 14:59:22] INFO: inside getAllCandidates Controller
[2025-07-15 14:59:24] INFO: inside getAllCandidates Controller
[2025-07-15 15:00:14] INFO: inside getAllCandidates Controller
[2025-07-15 15:00:32] INFO: inside getAllCandidates Controller
[2025-07-15 15:00:32] INFO: inside getAllCandidates Controller
[2025-07-15 15:00:33] INFO: inside getAllCandidates Controller
[2025-07-15 15:00:47] INFO: inside getAllCandidates Controller
[2025-07-15 15:01:20] INFO: inside getAllCandidates Controller
[2025-07-15 15:01:55] INFO: inside getAllCandidates Controller
[2025-07-15 15:05:43] INFO: inside getAllCandidates Controller
[2025-07-15 15:05:44] INFO: inside getAllCandidates Controller
[2025-07-15 15:05:44] INFO: inside getAllCandidates Controller
[2025-07-15 15:05:52] INFO: inside getAllCandidates Controller
[2025-07-15 15:05:55] INFO: inside getAllCandidates Controller
[2025-07-15 15:05:58] INFO: inside getAllCandidates Controller
[2025-07-15 15:06:01] INFO: inside getAllCandidates Controller
[2025-07-15 15:30:19] INFO: inside getAllCandidates Controller
[2025-07-15 15:30:25] INFO: inside getAllCandidates Controller
[2025-07-15 15:32:28] INFO: inside getAllCandidates Controller
[2025-07-15 15:34:28] INFO: inside getAllCandidates Controller
[2025-07-15 15:35:17] INFO: inside getAllCandidates Controller
[2025-07-15 15:37:56] INFO: inside getAllCandidates Controller
[2025-07-15 15:59:27] INFO: inside getAllCandidates Controller
[2025-07-15 16:00:25] INFO: inside getAllCandidates Controller
[2025-07-15 16:00:53] INFO: inside getAllCandidates Controller
[2025-07-15 16:02:03] INFO: inside getAllCandidates Controller
[2025-07-15 16:03:31] INFO: inside getAllCandidates Controller
[2025-07-15 16:04:16] INFO: inside getAllCandidates Controller
[2025-07-15 16:08:46] INFO: inside getAllCandidates Controller
[2025-07-15 16:08:50] INFO: inside getAllCandidates Controller
[2025-07-15 16:10:48] INFO: inside refreshAccessToken  eyJhbGciOiJIUzI1NiIsInR5cCI6IkpXVCJ9.eyJpZCI6MSwiZW1haWwiOiJockBnbWFpbC5jb20iLCJpYXQiOjE3NTI1NjMyNDAsImV4cCI6MTc1MzE2ODA0MH0.bByC8DvNOxsiKHxKSeU6OvWwFCm3a_D5GIwoxKmBfGk
[2025-07-15 16:10:48] INFO: 🍪 Refresh Cookie Present: Yes
[2025-07-15 16:10:48] INFO: access Token inside refreshAccessToken()  eyJhbGciOiJIUzI1NiIsInR5cCI6IkpXVCJ9.eyJpZCI6MSwiZW1haWwiOiJockBnbWFpbC5jb20iLCJpYXQiOjE3NTI1NzYwNDgsImV4cCI6MTc1MjU3NzI0OH0.Y4gya8jesOzeOFn7GXOcwDkRY4YZTuhhfD6CwDHyrFY
