[2025-07-12 09:37:25] INFO: inside refreshAccessToken  eyJhbGciOiJIUzI1NiIsInR5cCI6IkpXVCJ9.eyJpZCI6MSwiZW1haWwiOiJockBnbWFpbC5jb20iLCJpYXQiOjE3NTIyMzUyMjEsImV4cCI6MTc1Mjg0MDAyMX0.dUv6-1Nm97VqPiSS0ZMV-kH8_aLStVmTNmPNNMLHzH8
[2025-07-12 09:37:25] INFO: 🍪 Refresh Cookie Present: Yes
[2025-07-12 09:37:25] INFO: access Token inside refreshAccessToken()  eyJhbGciOiJIUzI1NiIsInR5cCI6IkpXVCJ9.eyJpZCI6MSwiZW1haWwiOiJockBnbWFpbC5jb20iLCJpYXQiOjE3NTIyOTMyNDUsImV4cCI6MTc1MjI5NDQ0NX0.3o3n_aFs7qxCsH0EVRwwu1jLQDGkuKbr1hLXHGQUsE8
[2025-07-12 09:37:35] INFO: inside getAllCandidates Controller
[2025-07-12 09:37:41] INFO: inside getAllCandidates Controller
[2025-07-12 09:37:41] INFO: inside getAllCandidates Controller
[2025-07-12 09:37:47] INFO: inside getAllCandidates Controller
[2025-07-12 09:37:47] INFO: inside getAllCandidates Controller
[2025-07-12 09:37:53] INFO: inside getAllCandidates Controller
[2025-07-12 09:38:34] INFO:  inside logout() BEFORE clear cookie  eyJhbGciOiJIUzI1NiIsInR5cCI6IkpXVCJ9.eyJpZCI6MSwiZW1haWwiOiJockBnbWFpbC5jb20iLCJpYXQiOjE3NTIyMzUyMjEsImV4cCI6MTc1Mjg0MDAyMX0.dUv6-1Nm97VqPiSS0ZMV-kH8_aLStVmTNmPNNMLHzH8
[2025-07-12 09:38:34] INFO:  inside logout() AFTER clear cookie  eyJhbGciOiJIUzI1NiIsInR5cCI6IkpXVCJ9.eyJpZCI6MSwiZW1haWwiOiJockBnbWFpbC5jb20iLCJpYXQiOjE3NTIyMzUyMjEsImV4cCI6MTc1Mjg0MDAyMX0.dUv6-1Nm97VqPiSS0ZMV-kH8_aLStVmTNmPNNMLHzH8
[2025-07-12 09:38:37] INFO: 🧠 Login attempt for hr@gmail.com
[2025-07-12 09:38:37] INFO: 🔑 accessToken: eyJhbGciOiJIUzI1NiIsInR5cCI6IkpXVCJ9.eyJpZCI6MSwiZW1haWwiOiJockBnbWFpbC5jb20iLCJpYXQiOjE3NTIyOTMzMTcsImV4cCI6MTc1MjMxNDkxN30.yuSw__6wWH8VpFhvKxoOCoUCB5oph8JnWbT-o_TcF20
[2025-07-12 09:38:37] INFO: 🔁 refreshToken cookie set eyJhbGciOiJIUzI1NiIsInR5cCI6IkpXVCJ9.eyJpZCI6MSwiZW1haWwiOiJockBnbWFpbC5jb20iLCJpYXQiOjE3NTIyOTMzMTcsImV4cCI6MTc1Mjg5ODExN30.WFbaIxVa-y3EPI-akatxCJB8BkhoMDp1pFBpNOxeg2c
[2025-07-12 09:38:37] INFO: 🌐 Headers Sent: {
  "x-powered-by": "Express",
  "access-control-allow-origin": "http://localhost:3000",
  "vary": "Origin",
  "access-control-allow-credentials": "true",
  "set-cookie": "refreshToken=eyJhbGciOiJIUzI1NiIsInR5cCI6IkpXVCJ9.eyJpZCI6MSwiZW1haWwiOiJockBnbWFpbC5jb20iLCJpYXQiOjE3NTIyOTMzMTcsImV4cCI6MTc1Mjg5ODExN30.WFbaIxVa-y3EPI-akatxCJB8BkhoMDp1pFBpNOxeg2c; Max-Age=604800; Path=/api/auth; Expires=Sat, 19 Jul 2025 04:08:37 GMT; HttpOnly; SameSite=Lax"
}
[2025-07-12 09:38:44] INFO: 🧠 Login attempt for hr@gmail.com
[2025-07-12 09:38:44] INFO: 🔑 accessToken: eyJhbGciOiJIUzI1NiIsInR5cCI6IkpXVCJ9.eyJpZCI6MSwiZW1haWwiOiJockBnbWFpbC5jb20iLCJpYXQiOjE3NTIyOTMzMjQsImV4cCI6MTc1MjMxNDkyNH0.PPwXE_gGsc8ken9giq6vhnx5N9gJlj3O1NcY2vNJTMU
[2025-07-12 09:38:44] INFO: 🔁 refreshToken cookie set eyJhbGciOiJIUzI1NiIsInR5cCI6IkpXVCJ9.eyJpZCI6MSwiZW1haWwiOiJockBnbWFpbC5jb20iLCJpYXQiOjE3NTIyOTMzMjQsImV4cCI6MTc1Mjg5ODEyNH0.v1hsm2O9rIHSUKHmV0p0qO4czjvwMxQoG2K8-APUAgw
[2025-07-12 09:38:44] INFO: 🌐 Headers Sent: {
  "x-powered-by": "Express",
  "access-control-allow-origin": "http://localhost:3000",
  "vary": "Origin",
  "access-control-allow-credentials": "true",
  "set-cookie": "refreshToken=eyJhbGciOiJIUzI1NiIsInR5cCI6IkpXVCJ9.eyJpZCI6MSwiZW1haWwiOiJockBnbWFpbC5jb20iLCJpYXQiOjE3NTIyOTMzMjQsImV4cCI6MTc1Mjg5ODEyNH0.v1hsm2O9rIHSUKHmV0p0qO4czjvwMxQoG2K8-APUAgw; Max-Age=604800; Path=/api/auth; Expires=Sat, 19 Jul 2025 04:08:44 GMT; HttpOnly; SameSite=Lax"
}
[2025-07-12 09:38:47] INFO: inside getAllCandidates Controller
[2025-07-12 09:38:49] INFO: 🧠 Login attempt for hr@gmail.com
[2025-07-12 09:38:49] INFO: 🔑 accessToken: eyJhbGciOiJIUzI1NiIsInR5cCI6IkpXVCJ9.eyJpZCI6MSwiZW1haWwiOiJockBnbWFpbC5jb20iLCJpYXQiOjE3NTIyOTMzMjksImV4cCI6MTc1MjMxNDkyOX0.e57FEKzCV3EouaSd8dHsVoealNYymXZzCI3baBvX9lk
[2025-07-12 09:38:49] INFO: 🔁 refreshToken cookie set eyJhbGciOiJIUzI1NiIsInR5cCI6IkpXVCJ9.eyJpZCI6MSwiZW1haWwiOiJockBnbWFpbC5jb20iLCJpYXQiOjE3NTIyOTMzMjksImV4cCI6MTc1Mjg5ODEyOX0.3d80DBX1bHub18bzUQOvkFDoUTIKPnJgaFkEe_RXHWQ
[2025-07-12 09:38:49] INFO: 🌐 Headers Sent: {
  "x-powered-by": "Express",
  "access-control-allow-origin": "http://localhost:3000",
  "vary": "Origin",
  "access-control-allow-credentials": "true",
  "set-cookie": "refreshToken=eyJhbGciOiJIUzI1NiIsInR5cCI6IkpXVCJ9.eyJpZCI6MSwiZW1haWwiOiJockBnbWFpbC5jb20iLCJpYXQiOjE3NTIyOTMzMjksImV4cCI6MTc1Mjg5ODEyOX0.3d80DBX1bHub18bzUQOvkFDoUTIKPnJgaFkEe_RXHWQ; Max-Age=604800; Path=/api/auth; Expires=Sat, 19 Jul 2025 04:08:49 GMT; HttpOnly; SameSite=Lax"
}
[2025-07-12 09:38:55] INFO: 🧠 Login attempt for hr@gmail.com
[2025-07-12 09:38:55] INFO: 🔑 accessToken: eyJhbGciOiJIUzI1NiIsInR5cCI6IkpXVCJ9.eyJpZCI6MSwiZW1haWwiOiJockBnbWFpbC5jb20iLCJpYXQiOjE3NTIyOTMzMzUsImV4cCI6MTc1MjMxNDkzNX0.YbxSvaMzvs-28iTea8NsYKmSO__ObuIB5lyeAUf1Yh4
[2025-07-12 09:38:55] INFO: 🔁 refreshToken cookie set eyJhbGciOiJIUzI1NiIsInR5cCI6IkpXVCJ9.eyJpZCI6MSwiZW1haWwiOiJockBnbWFpbC5jb20iLCJpYXQiOjE3NTIyOTMzMzUsImV4cCI6MTc1Mjg5ODEzNX0.THoTHHcVAlptuiALiT44Qy2VAJW0q56_63U8i3bWuvk
[2025-07-12 09:38:55] INFO: 🌐 Headers Sent: {
  "x-powered-by": "Express",
  "access-control-allow-origin": "http://localhost:3000",
  "vary": "Origin",
  "access-control-allow-credentials": "true",
  "set-cookie": "refreshToken=eyJhbGciOiJIUzI1NiIsInR5cCI6IkpXVCJ9.eyJpZCI6MSwiZW1haWwiOiJockBnbWFpbC5jb20iLCJpYXQiOjE3NTIyOTMzMzUsImV4cCI6MTc1Mjg5ODEzNX0.THoTHHcVAlptuiALiT44Qy2VAJW0q56_63U8i3bWuvk; Max-Age=604800; Path=/api/auth; Expires=Sat, 19 Jul 2025 04:08:55 GMT; HttpOnly; SameSite=Lax"
}
[2025-07-12 09:40:52] INFO: inside getAllCandidates Controller
[2025-07-12 09:40:56] INFO: 🧠 Login attempt for hr@gmail.com
[2025-07-12 09:40:56] INFO: 🔑 accessToken: eyJhbGciOiJIUzI1NiIsInR5cCI6IkpXVCJ9.eyJpZCI6MSwiZW1haWwiOiJockBnbWFpbC5jb20iLCJpYXQiOjE3NTIyOTM0NTYsImV4cCI6MTc1MjMxNTA1Nn0.NV1wibOx3d0nIwC4toYjZrIq6nQbPZFFaGcqpOCy1wM
[2025-07-12 09:40:56] INFO: 🔁 refreshToken cookie set eyJhbGciOiJIUzI1NiIsInR5cCI6IkpXVCJ9.eyJpZCI6MSwiZW1haWwiOiJockBnbWFpbC5jb20iLCJpYXQiOjE3NTIyOTM0NTYsImV4cCI6MTc1Mjg5ODI1Nn0.S0yPiP0uRfas2o4q6PxH24AlmbZ0YI4xGTLdkaDEMyk
[2025-07-12 09:40:56] INFO: 🌐 Headers Sent: {
  "x-powered-by": "Express",
  "access-control-allow-origin": "http://localhost:3000",
  "vary": "Origin",
  "access-control-allow-credentials": "true",
  "set-cookie": "refreshToken=eyJhbGciOiJIUzI1NiIsInR5cCI6IkpXVCJ9.eyJpZCI6MSwiZW1haWwiOiJockBnbWFpbC5jb20iLCJpYXQiOjE3NTIyOTM0NTYsImV4cCI6MTc1Mjg5ODI1Nn0.S0yPiP0uRfas2o4q6PxH24AlmbZ0YI4xGTLdkaDEMyk; Max-Age=604800; Path=/api/auth; Expires=Sat, 19 Jul 2025 04:10:56 GMT; HttpOnly; SameSite=Lax"
}
[2025-07-12 09:40:57] INFO: inside getAllCandidates Controller
[2025-07-12 09:41:01] INFO: 🧠 Login attempt for hr@gmail.com
[2025-07-12 09:41:01] INFO: 🔑 accessToken: eyJhbGciOiJIUzI1NiIsInR5cCI6IkpXVCJ9.eyJpZCI6MSwiZW1haWwiOiJockBnbWFpbC5jb20iLCJpYXQiOjE3NTIyOTM0NjEsImV4cCI6MTc1MjMxNTA2MX0.7voGF3vKF2roDWalrKyAyQ8VeEAvo_Y9oOI5AQlRR1g
[2025-07-12 09:41:01] INFO: 🔁 refreshToken cookie set eyJhbGciOiJIUzI1NiIsInR5cCI6IkpXVCJ9.eyJpZCI6MSwiZW1haWwiOiJockBnbWFpbC5jb20iLCJpYXQiOjE3NTIyOTM0NjEsImV4cCI6MTc1Mjg5ODI2MX0.WGE8VmWG8xuYPZQDdr6qnnlxTQPyvVGSHNKveCiiIAw
[2025-07-12 09:41:01] INFO: 🌐 Headers Sent: {
  "x-powered-by": "Express",
  "access-control-allow-origin": "http://localhost:3000",
  "vary": "Origin",
  "access-control-allow-credentials": "true",
  "set-cookie": "refreshToken=eyJhbGciOiJIUzI1NiIsInR5cCI6IkpXVCJ9.eyJpZCI6MSwiZW1haWwiOiJockBnbWFpbC5jb20iLCJpYXQiOjE3NTIyOTM0NjEsImV4cCI6MTc1Mjg5ODI2MX0.WGE8VmWG8xuYPZQDdr6qnnlxTQPyvVGSHNKveCiiIAw; Max-Age=604800; Path=/api/auth; Expires=Sat, 19 Jul 2025 04:11:01 GMT; HttpOnly; SameSite=Lax"
}
[2025-07-12 09:41:02] INFO: inside getAllCandidates Controller
[2025-07-12 09:41:06] INFO: 🧠 Login attempt for hr@gmail.com
[2025-07-12 09:41:06] INFO: 🔑 accessToken: eyJhbGciOiJIUzI1NiIsInR5cCI6IkpXVCJ9.eyJpZCI6MSwiZW1haWwiOiJockBnbWFpbC5jb20iLCJpYXQiOjE3NTIyOTM0NjYsImV4cCI6MTc1MjMxNTA2Nn0.hdC6wjl0u9xsH6CyFlSqhOl-xLpkTsrGkKXcxTUjlKM
[2025-07-12 09:41:06] INFO: 🔁 refreshToken cookie set eyJhbGciOiJIUzI1NiIsInR5cCI6IkpXVCJ9.eyJpZCI6MSwiZW1haWwiOiJockBnbWFpbC5jb20iLCJpYXQiOjE3NTIyOTM0NjYsImV4cCI6MTc1Mjg5ODI2Nn0.to-EC5-K_8oUkj1uoshno_BsQX1Ee2ZGuiLvhEO095k
[2025-07-12 09:41:06] INFO: 🌐 Headers Sent: {
  "x-powered-by": "Express",
  "access-control-allow-origin": "http://localhost:3000",
  "vary": "Origin",
  "access-control-allow-credentials": "true",
  "set-cookie": "refreshToken=eyJhbGciOiJIUzI1NiIsInR5cCI6IkpXVCJ9.eyJpZCI6MSwiZW1haWwiOiJockBnbWFpbC5jb20iLCJpYXQiOjE3NTIyOTM0NjYsImV4cCI6MTc1Mjg5ODI2Nn0.to-EC5-K_8oUkj1uoshno_BsQX1Ee2ZGuiLvhEO095k; Max-Age=604800; Path=/api/auth; Expires=Sat, 19 Jul 2025 04:11:06 GMT; HttpOnly; SameSite=Lax"
}
[2025-07-12 09:41:07] INFO: inside getAllCandidates Controller
[2025-07-12 09:41:13] INFO: inside getAllCandidates Controller
[2025-07-12 09:41:16] INFO: 🧠 Login attempt for hr@gmail.com
[2025-07-12 09:41:16] INFO: 🔑 accessToken: eyJhbGciOiJIUzI1NiIsInR5cCI6IkpXVCJ9.eyJpZCI6MSwiZW1haWwiOiJockBnbWFpbC5jb20iLCJpYXQiOjE3NTIyOTM0NzYsImV4cCI6MTc1MjMxNTA3Nn0.xdvRc5ngpwWRsMXbJZ0BPtsSFUrxj2vPZGOgcTMr4Xg
[2025-07-12 09:41:16] INFO: 🔁 refreshToken cookie set eyJhbGciOiJIUzI1NiIsInR5cCI6IkpXVCJ9.eyJpZCI6MSwiZW1haWwiOiJockBnbWFpbC5jb20iLCJpYXQiOjE3NTIyOTM0NzYsImV4cCI6MTc1Mjg5ODI3Nn0.dAWPkcX9xZmgVw8cZPduA8iAlaV8aYBnrruzJHelum8
[2025-07-12 09:41:16] INFO: 🌐 Headers Sent: {
  "x-powered-by": "Express",
  "access-control-allow-origin": "http://localhost:3000",
  "vary": "Origin",
  "access-control-allow-credentials": "true",
  "set-cookie": "refreshToken=eyJhbGciOiJIUzI1NiIsInR5cCI6IkpXVCJ9.eyJpZCI6MSwiZW1haWwiOiJockBnbWFpbC5jb20iLCJpYXQiOjE3NTIyOTM0NzYsImV4cCI6MTc1Mjg5ODI3Nn0.dAWPkcX9xZmgVw8cZPduA8iAlaV8aYBnrruzJHelum8; Max-Age=604800; Path=/api/auth; Expires=Sat, 19 Jul 2025 04:11:16 GMT; HttpOnly; SameSite=Lax"
}
[2025-07-12 09:41:17] INFO: inside getAllCandidates Controller
[2025-07-12 09:41:30] INFO: 🧠 Login attempt for hr@gmail.com
[2025-07-12 09:41:30] INFO: 🔑 accessToken: eyJhbGciOiJIUzI1NiIsInR5cCI6IkpXVCJ9.eyJpZCI6MSwiZW1haWwiOiJockBnbWFpbC5jb20iLCJpYXQiOjE3NTIyOTM0OTAsImV4cCI6MTc1MjMxNTA5MH0.00_2HCJTo7Eldk68eqFDggwezCMjr8XLkXBl-iNTwys
[2025-07-12 09:41:30] INFO: 🔁 refreshToken cookie set eyJhbGciOiJIUzI1NiIsInR5cCI6IkpXVCJ9.eyJpZCI6MSwiZW1haWwiOiJockBnbWFpbC5jb20iLCJpYXQiOjE3NTIyOTM0OTAsImV4cCI6MTc1Mjg5ODI5MH0.K--mblQApcSZEW699IIba9LLrMGJ51DafVClKHfDjJs
[2025-07-12 09:41:30] INFO: 🌐 Headers Sent: {
  "x-powered-by": "Express",
  "access-control-allow-origin": "http://localhost:3000",
  "vary": "Origin",
  "access-control-allow-credentials": "true",
  "set-cookie": "refreshToken=eyJhbGciOiJIUzI1NiIsInR5cCI6IkpXVCJ9.eyJpZCI6MSwiZW1haWwiOiJockBnbWFpbC5jb20iLCJpYXQiOjE3NTIyOTM0OTAsImV4cCI6MTc1Mjg5ODI5MH0.K--mblQApcSZEW699IIba9LLrMGJ51DafVClKHfDjJs; Max-Age=604800; Path=/api/auth; Expires=Sat, 19 Jul 2025 04:11:30 GMT; HttpOnly; SameSite=Lax"
}
[2025-07-12 09:41:31] INFO: inside getAllCandidates Controller
[2025-07-12 09:43:33] INFO: inside getAllCandidates Controller
[2025-07-12 09:43:41] INFO: 🧠 Login attempt for hr@gmail.com
[2025-07-12 09:43:41] INFO: 🔑 accessToken: eyJhbGciOiJIUzI1NiIsInR5cCI6IkpXVCJ9.eyJpZCI6MSwiZW1haWwiOiJockBnbWFpbC5jb20iLCJpYXQiOjE3NTIyOTM2MjEsImV4cCI6MTc1MjMxNTIyMX0.cl-3hfBPFmpJAZDRXJvJOgbwRL2QDQtyS-ZqaOuKuJw
[2025-07-12 09:43:41] INFO: 🔁 refreshToken cookie set eyJhbGciOiJIUzI1NiIsInR5cCI6IkpXVCJ9.eyJpZCI6MSwiZW1haWwiOiJockBnbWFpbC5jb20iLCJpYXQiOjE3NTIyOTM2MjEsImV4cCI6MTc1Mjg5ODQyMX0.HdhXMUMPlMinh015uTH7vuBHfg_yrwFrnOiEel8DkaY
[2025-07-12 09:43:41] INFO: 🌐 Headers Sent: {
  "x-powered-by": "Express",
  "access-control-allow-origin": "http://localhost:3000",
  "vary": "Origin",
  "access-control-allow-credentials": "true",
  "set-cookie": "refreshToken=eyJhbGciOiJIUzI1NiIsInR5cCI6IkpXVCJ9.eyJpZCI6MSwiZW1haWwiOiJockBnbWFpbC5jb20iLCJpYXQiOjE3NTIyOTM2MjEsImV4cCI6MTc1Mjg5ODQyMX0.HdhXMUMPlMinh015uTH7vuBHfg_yrwFrnOiEel8DkaY; Max-Age=604800; Path=/api/auth; Expires=Sat, 19 Jul 2025 04:13:41 GMT; HttpOnly; SameSite=Lax"
}
[2025-07-12 09:43:43] INFO: inside getAllCandidates Controller
[2025-07-12 09:43:50] INFO: 🧠 Login attempt for hr@gmail.com
[2025-07-12 09:43:50] INFO: 🔑 accessToken: eyJhbGciOiJIUzI1NiIsInR5cCI6IkpXVCJ9.eyJpZCI6MSwiZW1haWwiOiJockBnbWFpbC5jb20iLCJpYXQiOjE3NTIyOTM2MzAsImV4cCI6MTc1MjMxNTIzMH0.ON4zrr4V4nnRUPF1-h_fef-z6Pw-Sqm-wyfbhuVw8FQ
[2025-07-12 09:43:50] INFO: 🔁 refreshToken cookie set eyJhbGciOiJIUzI1NiIsInR5cCI6IkpXVCJ9.eyJpZCI6MSwiZW1haWwiOiJockBnbWFpbC5jb20iLCJpYXQiOjE3NTIyOTM2MzAsImV4cCI6MTc1Mjg5ODQzMH0.3R6Ic2i3iR_PenmE8q5HGlJ49Ay26i_dAnBfhHbXLh0
[2025-07-12 09:43:50] INFO: 🌐 Headers Sent: {
  "x-powered-by": "Express",
  "access-control-allow-origin": "http://localhost:3000",
  "vary": "Origin",
  "access-control-allow-credentials": "true",
  "set-cookie": "refreshToken=eyJhbGciOiJIUzI1NiIsInR5cCI6IkpXVCJ9.eyJpZCI6MSwiZW1haWwiOiJockBnbWFpbC5jb20iLCJpYXQiOjE3NTIyOTM2MzAsImV4cCI6MTc1Mjg5ODQzMH0.3R6Ic2i3iR_PenmE8q5HGlJ49Ay26i_dAnBfhHbXLh0; Max-Age=604800; Path=/api/auth; Expires=Sat, 19 Jul 2025 04:13:50 GMT; HttpOnly; SameSite=Lax"
}
[2025-07-12 09:43:51] INFO: inside getAllCandidates Controller
[2025-07-12 09:45:26] INFO: inside getAllCandidates Controller
[2025-07-12 09:46:39] INFO: 🧠 Login attempt for hr@gmail.com
[2025-07-12 09:46:39] INFO: 🔑 accessToken: eyJhbGciOiJIUzI1NiIsInR5cCI6IkpXVCJ9.eyJpZCI6MSwiZW1haWwiOiJockBnbWFpbC5jb20iLCJpYXQiOjE3NTIyOTM3OTksImV4cCI6MTc1MjMxNTM5OX0.wpDzLOaHoQo3we5YzKrx0X7R-g4r3Yi1Qn3IaBNuxCI
[2025-07-12 09:46:39] INFO: 🔁 refreshToken cookie set eyJhbGciOiJIUzI1NiIsInR5cCI6IkpXVCJ9.eyJpZCI6MSwiZW1haWwiOiJockBnbWFpbC5jb20iLCJpYXQiOjE3NTIyOTM3OTksImV4cCI6MTc1Mjg5ODU5OX0.9uV9YWH7C06-fzs3g8_XxHMz4TXSAI7029kHq7dwU2Q
[2025-07-12 09:46:39] INFO: 🌐 Headers Sent: {
  "x-powered-by": "Express",
  "access-control-allow-origin": "http://localhost:3000",
  "vary": "Origin",
  "access-control-allow-credentials": "true",
  "set-cookie": "refreshToken=eyJhbGciOiJIUzI1NiIsInR5cCI6IkpXVCJ9.eyJpZCI6MSwiZW1haWwiOiJockBnbWFpbC5jb20iLCJpYXQiOjE3NTIyOTM3OTksImV4cCI6MTc1Mjg5ODU5OX0.9uV9YWH7C06-fzs3g8_XxHMz4TXSAI7029kHq7dwU2Q; Max-Age=604800; Path=/api/auth; Expires=Sat, 19 Jul 2025 04:16:39 GMT; HttpOnly; SameSite=Lax"
}
[2025-07-12 09:46:40] INFO: inside getAllCandidates Controller
[2025-07-12 09:46:48] INFO: inside getAllCandidates Controller
[2025-07-12 09:46:49] INFO: 🧠 Login attempt for hr@gmail.com
[2025-07-12 09:46:49] INFO: 🔑 accessToken: eyJhbGciOiJIUzI1NiIsInR5cCI6IkpXVCJ9.eyJpZCI6MSwiZW1haWwiOiJockBnbWFpbC5jb20iLCJpYXQiOjE3NTIyOTM4MDksImV4cCI6MTc1MjMxNTQwOX0.eIRnWzW4fq09hW5lMWpmiQV75HoC5DKZ_P5kSnNAplI
[2025-07-12 09:46:49] INFO: 🔁 refreshToken cookie set eyJhbGciOiJIUzI1NiIsInR5cCI6IkpXVCJ9.eyJpZCI6MSwiZW1haWwiOiJockBnbWFpbC5jb20iLCJpYXQiOjE3NTIyOTM4MDksImV4cCI6MTc1Mjg5ODYwOX0.hqGeoie5Ey36PaBK3U02BPLZK6A088FOyRNPDKziYx4
[2025-07-12 09:46:49] INFO: 🌐 Headers Sent: {
  "x-powered-by": "Express",
  "access-control-allow-origin": "http://localhost:3000",
  "vary": "Origin",
  "access-control-allow-credentials": "true",
  "set-cookie": "refreshToken=eyJhbGciOiJIUzI1NiIsInR5cCI6IkpXVCJ9.eyJpZCI6MSwiZW1haWwiOiJockBnbWFpbC5jb20iLCJpYXQiOjE3NTIyOTM4MDksImV4cCI6MTc1Mjg5ODYwOX0.hqGeoie5Ey36PaBK3U02BPLZK6A088FOyRNPDKziYx4; Max-Age=604800; Path=/api/auth; Expires=Sat, 19 Jul 2025 04:16:49 GMT; HttpOnly; SameSite=Lax"
}
[2025-07-12 09:46:50] INFO: inside getAllCandidates Controller
[2025-07-12 09:46:52] INFO: 🧠 Login attempt for hr@gmail.com
[2025-07-12 09:46:52] INFO: 🔑 accessToken: eyJhbGciOiJIUzI1NiIsInR5cCI6IkpXVCJ9.eyJpZCI6MSwiZW1haWwiOiJockBnbWFpbC5jb20iLCJpYXQiOjE3NTIyOTM4MTIsImV4cCI6MTc1MjMxNTQxMn0.yHV15TTJAigrUNy87LnpDvKoIAPz0xMXblqW-Phnh7Y
[2025-07-12 09:46:52] INFO: 🔁 refreshToken cookie set eyJhbGciOiJIUzI1NiIsInR5cCI6IkpXVCJ9.eyJpZCI6MSwiZW1haWwiOiJockBnbWFpbC5jb20iLCJpYXQiOjE3NTIyOTM4MTIsImV4cCI6MTc1Mjg5ODYxMn0.puI7qxRK_-557nGANuuWO5D7rvPARyBxJ2c96k6bn7g
[2025-07-12 09:46:52] INFO: 🌐 Headers Sent: {
  "x-powered-by": "Express",
  "access-control-allow-origin": "http://localhost:3000",
  "vary": "Origin",
  "access-control-allow-credentials": "true",
  "set-cookie": "refreshToken=eyJhbGciOiJIUzI1NiIsInR5cCI6IkpXVCJ9.eyJpZCI6MSwiZW1haWwiOiJockBnbWFpbC5jb20iLCJpYXQiOjE3NTIyOTM4MTIsImV4cCI6MTc1Mjg5ODYxMn0.puI7qxRK_-557nGANuuWO5D7rvPARyBxJ2c96k6bn7g; Max-Age=604800; Path=/api/auth; Expires=Sat, 19 Jul 2025 04:16:52 GMT; HttpOnly; SameSite=Lax"
}
[2025-07-12 09:46:53] INFO: inside getAllCandidates Controller
[2025-07-12 09:47:46] INFO: inside getAllCandidates Controller
[2025-07-12 09:47:48] INFO: 🧠 Login attempt for hr@gmail.com
[2025-07-12 09:47:48] INFO: 🔑 accessToken: eyJhbGciOiJIUzI1NiIsInR5cCI6IkpXVCJ9.eyJpZCI6MSwiZW1haWwiOiJockBnbWFpbC5jb20iLCJpYXQiOjE3NTIyOTM4NjgsImV4cCI6MTc1MjMxNTQ2OH0.0oHSPoi8edx9BrIIEujYS8FI1NUUu-RzdTdwukBHNfU
[2025-07-12 09:47:48] INFO: 🔁 refreshToken cookie set eyJhbGciOiJIUzI1NiIsInR5cCI6IkpXVCJ9.eyJpZCI6MSwiZW1haWwiOiJockBnbWFpbC5jb20iLCJpYXQiOjE3NTIyOTM4NjgsImV4cCI6MTc1Mjg5ODY2OH0.5REaR9VUkTvXFphHmU26BZdOZ18RsZUTMrkQMUiU_Dk
[2025-07-12 09:47:48] INFO: 🌐 Headers Sent: {
  "x-powered-by": "Express",
  "access-control-allow-origin": "http://localhost:3000",
  "vary": "Origin",
  "access-control-allow-credentials": "true",
  "set-cookie": "refreshToken=eyJhbGciOiJIUzI1NiIsInR5cCI6IkpXVCJ9.eyJpZCI6MSwiZW1haWwiOiJockBnbWFpbC5jb20iLCJpYXQiOjE3NTIyOTM4NjgsImV4cCI6MTc1Mjg5ODY2OH0.5REaR9VUkTvXFphHmU26BZdOZ18RsZUTMrkQMUiU_Dk; Max-Age=604800; Path=/api/auth; Expires=Sat, 19 Jul 2025 04:17:48 GMT; HttpOnly; SameSite=Lax"
}
[2025-07-12 09:47:49] INFO: inside getAllCandidates Controller
[2025-07-12 09:49:02] INFO: inside getAllCandidates Controller
[2025-07-12 09:56:55] INFO: inside getAllCandidates Controller
[2025-07-12 09:56:55] INFO: 🧠 Login attempt for hr@gmail.com
[2025-07-12 09:56:55] INFO: 🔑 accessToken: eyJhbGciOiJIUzI1NiIsInR5cCI6IkpXVCJ9.eyJpZCI6MSwiZW1haWwiOiJockBnbWFpbC5jb20iLCJpYXQiOjE3NTIyOTQ0MTUsImV4cCI6MTc1MjMxNjAxNX0.WoJlNrX9QhW-7GttOEeI7VcAz0THeI22mzvyZQ54NI4
[2025-07-12 09:56:55] INFO: 🔁 refreshToken cookie set eyJhbGciOiJIUzI1NiIsInR5cCI6IkpXVCJ9.eyJpZCI6MSwiZW1haWwiOiJockBnbWFpbC5jb20iLCJpYXQiOjE3NTIyOTQ0MTUsImV4cCI6MTc1Mjg5OTIxNX0.81pNc14NLSkK2L2DPbcOSDy59gI5fzIzB24OeLuV_mM
[2025-07-12 09:56:55] INFO: 🌐 Headers Sent: {
  "x-powered-by": "Express",
  "access-control-allow-origin": "http://localhost:3000",
  "vary": "Origin",
  "access-control-allow-credentials": "true",
  "set-cookie": "refreshToken=eyJhbGciOiJIUzI1NiIsInR5cCI6IkpXVCJ9.eyJpZCI6MSwiZW1haWwiOiJockBnbWFpbC5jb20iLCJpYXQiOjE3NTIyOTQ0MTUsImV4cCI6MTc1Mjg5OTIxNX0.81pNc14NLSkK2L2DPbcOSDy59gI5fzIzB24OeLuV_mM; Max-Age=604800; Path=/api/auth; Expires=Sat, 19 Jul 2025 04:26:55 GMT; HttpOnly; SameSite=Lax"
}
[2025-07-12 10:15:32] INFO: inside getAllCandidates Controller
[2025-07-12 10:15:52] INFO: inside getAllCandidates Controller
[2025-07-12 10:16:03] INFO: inside getAllCandidates Controller
[2025-07-12 10:19:52] INFO: inside getAllCandidates Controller
[2025-07-12 10:20:03] INFO: inside getAllCandidates Controller
[2025-07-12 10:23:32] INFO: inside getAllCandidates Controller
[2025-07-12 10:24:10] INFO: inside getAllCandidates Controller
[2025-07-12 10:24:29] INFO: inside getAllCandidates Controller
[2025-07-12 10:24:44] INFO: inside getAllCandidates Controller
[2025-07-12 10:24:58] INFO: inside getAllCandidates Controller
[2025-07-12 10:25:40] INFO: inside getAllCandidates Controller
[2025-07-12 10:26:03] INFO: inside getAllCandidates Controller
[2025-07-12 10:26:54] INFO: inside getAllCandidates Controller
[2025-07-12 10:28:32] INFO: inside getAllCandidates Controller
[2025-07-12 10:35:30] INFO: inside getAllCandidates Controller
[2025-07-12 10:35:45] INFO: ✅ Inside updateCandidatetatus Controller
[2025-07-12 10:35:48] INFO: inside getAllCandidates Controller
[2025-07-12 10:36:01] INFO: ✅ Inside updateCandidatetatus Controller
[2025-07-12 10:36:11] INFO: ✅ Inside updateCandidatetatus Controller
[2025-07-12 10:36:14] INFO: inside getAllCandidates Controller
[2025-07-12 10:36:31] INFO: ✅ Inside updateCandidatetatus Controller
[2025-07-12 10:36:35] INFO: inside getAllCandidates Controller
[2025-07-12 10:37:04] INFO: inside getAllCandidates Controller
[2025-07-12 10:40:30] INFO: inside getAllCandidates Controller
[2025-07-12 10:42:13] INFO: inside getAllCandidates Controller
[2025-07-12 10:46:44] INFO: inside getAllCandidates Controller
[2025-07-12 10:52:02] INFO: inside getAllCandidates Controller
[2025-07-12 10:56:51] INFO: inside getAllCandidates Controller
[2025-07-12 10:57:00] INFO: inside getAllCandidates Controller
[2025-07-12 10:57:23] INFO: inside getAllCandidates Controller
[2025-07-12 10:58:51] INFO: inside getAllCandidates Controller
[2025-07-12 10:59:22] INFO: inside getAllCandidates Controller
[2025-07-12 11:01:40] INFO: inside getAllCandidates Controller
[2025-07-12 11:02:13] INFO: inside getAllCandidates Controller
[2025-07-12 11:05:59] INFO: inside getAllCandidates Controller
[2025-07-12 11:07:13] INFO: inside getAllCandidates Controller
[2025-07-12 11:07:32] INFO: inside getAllCandidates Controller
[2025-07-12 11:07:54] INFO: inside getAllCandidates Controller
[2025-07-12 11:49:58] INFO: inside getAllCandidates Controller
[2025-07-12 11:52:26] INFO:  inside logout() BEFORE clear cookie  eyJhbGciOiJIUzI1NiIsInR5cCI6IkpXVCJ9.eyJpZCI6MSwiZW1haWwiOiJockBnbWFpbC5jb20iLCJpYXQiOjE3NTIyOTQ0MTUsImV4cCI6MTc1Mjg5OTIxNX0.81pNc14NLSkK2L2DPbcOSDy59gI5fzIzB24OeLuV_mM
[2025-07-12 11:52:26] INFO:  inside logout() AFTER clear cookie  eyJhbGciOiJIUzI1NiIsInR5cCI6IkpXVCJ9.eyJpZCI6MSwiZW1haWwiOiJockBnbWFpbC5jb20iLCJpYXQiOjE3NTIyOTQ0MTUsImV4cCI6MTc1Mjg5OTIxNX0.81pNc14NLSkK2L2DPbcOSDy59gI5fzIzB24OeLuV_mM
[2025-07-12 11:52:32] INFO: inside getAllCandidates Controller
[2025-07-12 11:52:33] INFO: 🧠 Login attempt for hr@gmail.com
[2025-07-12 11:52:33] INFO: 🔑 accessToken: eyJhbGciOiJIUzI1NiIsInR5cCI6IkpXVCJ9.eyJpZCI6MSwiZW1haWwiOiJockBnbWFpbC5jb20iLCJpYXQiOjE3NTIzMDEzNTMsImV4cCI6MTc1MjMyMjk1M30.iu7AkGE8RT094qrDbk5fvarmOag6zXy3fzJ9JHNuqcU
[2025-07-12 11:52:33] INFO: 🔁 refreshToken cookie set eyJhbGciOiJIUzI1NiIsInR5cCI6IkpXVCJ9.eyJpZCI6MSwiZW1haWwiOiJockBnbWFpbC5jb20iLCJpYXQiOjE3NTIzMDEzNTMsImV4cCI6MTc1MjkwNjE1M30.PauAl2tIRdeW5sdH8Q6WVn1bX0kgg2CKYvvMxnRruAY
[2025-07-12 11:52:33] INFO: 🌐 Headers Sent: {
  "x-powered-by": "Express",
  "access-control-allow-origin": "http://localhost:3000",
  "vary": "Origin",
  "access-control-allow-credentials": "true",
  "set-cookie": "refreshToken=eyJhbGciOiJIUzI1NiIsInR5cCI6IkpXVCJ9.eyJpZCI6MSwiZW1haWwiOiJockBnbWFpbC5jb20iLCJpYXQiOjE3NTIzMDEzNTMsImV4cCI6MTc1MjkwNjE1M30.PauAl2tIRdeW5sdH8Q6WVn1bX0kgg2CKYvvMxnRruAY; Max-Age=604800; Path=/api/auth; Expires=Sat, 19 Jul 2025 06:22:33 GMT; HttpOnly; SameSite=Lax"
}
[2025-07-12 12:04:06] INFO: 🧠 Login attempt for @gmail.com
[2025-07-12 12:04:06] WARN: ❌ Admin not found for email: @gmail.com
[2025-07-12 12:06:01] INFO: 🧠 Change password attempt for 1
[2025-07-12 12:07:09] INFO: 🧠 Change password attempt for 1
[2025-07-12 12:07:24] INFO:  inside logout() BEFORE clear cookie  eyJhbGciOiJIUzI1NiIsInR5cCI6IkpXVCJ9.eyJpZCI6MSwiZW1haWwiOiJockBnbWFpbC5jb20iLCJpYXQiOjE3NTIzMDEzNTMsImV4cCI6MTc1MjkwNjE1M30.PauAl2tIRdeW5sdH8Q6WVn1bX0kgg2CKYvvMxnRruAY
[2025-07-12 12:07:24] INFO:  inside logout() AFTER clear cookie  eyJhbGciOiJIUzI1NiIsInR5cCI6IkpXVCJ9.eyJpZCI6MSwiZW1haWwiOiJockBnbWFpbC5jb20iLCJpYXQiOjE3NTIzMDEzNTMsImV4cCI6MTc1MjkwNjE1M30.PauAl2tIRdeW5sdH8Q6WVn1bX0kgg2CKYvvMxnRruAY
[2025-07-12 12:07:26] INFO: 🧠 Login attempt for hr@gmail.com
[2025-07-12 12:07:26] WARN: ❌ Incorrect password for email: hr@gmail.com
[2025-07-12 12:07:30] INFO: 🧠 Login attempt for hr@gmail.com
[2025-07-12 12:07:30] INFO: 🔑 accessToken: eyJhbGciOiJIUzI1NiIsInR5cCI6IkpXVCJ9.eyJpZCI6MSwiZW1haWwiOiJockBnbWFpbC5jb20iLCJpYXQiOjE3NTIzMDIyNTAsImV4cCI6MTc1MjMyMzg1MH0.ZaGcHMfZl32cZ4Pie4_IeGrq098acf92o9W6dgHWIUo
[2025-07-12 12:07:30] INFO: 🔁 refreshToken cookie set eyJhbGciOiJIUzI1NiIsInR5cCI6IkpXVCJ9.eyJpZCI6MSwiZW1haWwiOiJockBnbWFpbC5jb20iLCJpYXQiOjE3NTIzMDIyNTAsImV4cCI6MTc1MjkwNzA1MH0.-DCCt3fasxPU8tNs7DbGDYF6BJbA0iRXLmnLslp071g
[2025-07-12 12:07:30] INFO: 🌐 Headers Sent: {
  "x-powered-by": "Express",
  "access-control-allow-origin": "http://localhost:3000",
  "vary": "Origin",
  "access-control-allow-credentials": "true",
  "set-cookie": "refreshToken=eyJhbGciOiJIUzI1NiIsInR5cCI6IkpXVCJ9.eyJpZCI6MSwiZW1haWwiOiJockBnbWFpbC5jb20iLCJpYXQiOjE3NTIzMDIyNTAsImV4cCI6MTc1MjkwNzA1MH0.-DCCt3fasxPU8tNs7DbGDYF6BJbA0iRXLmnLslp071g; Max-Age=604800; Path=/api/auth; Expires=Sat, 19 Jul 2025 06:37:30 GMT; HttpOnly; SameSite=Lax"
}
[2025-07-12 12:07:39] INFO: 🧠 Change password attempt for 1
[2025-07-12 12:07:43] INFO:  inside logout() BEFORE clear cookie  eyJhbGciOiJIUzI1NiIsInR5cCI6IkpXVCJ9.eyJpZCI6MSwiZW1haWwiOiJockBnbWFpbC5jb20iLCJpYXQiOjE3NTIzMDIyNTAsImV4cCI6MTc1MjkwNzA1MH0.-DCCt3fasxPU8tNs7DbGDYF6BJbA0iRXLmnLslp071g
[2025-07-12 12:07:43] INFO:  inside logout() AFTER clear cookie  eyJhbGciOiJIUzI1NiIsInR5cCI6IkpXVCJ9.eyJpZCI6MSwiZW1haWwiOiJockBnbWFpbC5jb20iLCJpYXQiOjE3NTIzMDIyNTAsImV4cCI6MTc1MjkwNzA1MH0.-DCCt3fasxPU8tNs7DbGDYF6BJbA0iRXLmnLslp071g
[2025-07-12 12:07:44] INFO: 🧠 Login attempt for hr@gmail.com
[2025-07-12 12:07:44] INFO: 🔑 accessToken: eyJhbGciOiJIUzI1NiIsInR5cCI6IkpXVCJ9.eyJpZCI6MSwiZW1haWwiOiJockBnbWFpbC5jb20iLCJpYXQiOjE3NTIzMDIyNjQsImV4cCI6MTc1MjMyMzg2NH0.mTNagREg8ZEKKHxsZMNIsjuxwuWusuf8MvPjaA2TBRs
[2025-07-12 12:07:44] INFO: 🔁 refreshToken cookie set eyJhbGciOiJIUzI1NiIsInR5cCI6IkpXVCJ9.eyJpZCI6MSwiZW1haWwiOiJockBnbWFpbC5jb20iLCJpYXQiOjE3NTIzMDIyNjQsImV4cCI6MTc1MjkwNzA2NH0.BwGeHKFyz4tItTveRJHy7U22ZRegMCzBg7GYE8KztQc
[2025-07-12 12:07:44] INFO: 🌐 Headers Sent: {
  "x-powered-by": "Express",
  "access-control-allow-origin": "http://localhost:3000",
  "vary": "Origin",
  "access-control-allow-credentials": "true",
  "set-cookie": "refreshToken=eyJhbGciOiJIUzI1NiIsInR5cCI6IkpXVCJ9.eyJpZCI6MSwiZW1haWwiOiJockBnbWFpbC5jb20iLCJpYXQiOjE3NTIzMDIyNjQsImV4cCI6MTc1MjkwNzA2NH0.BwGeHKFyz4tItTveRJHy7U22ZRegMCzBg7GYE8KztQc; Max-Age=604800; Path=/api/auth; Expires=Sat, 19 Jul 2025 06:37:44 GMT; HttpOnly; SameSite=Lax"
}
[2025-07-12 12:14:49] INFO: inside getAllCandidates Controller
[2025-07-12 12:14:54] INFO: inside getAllCandidates Controller
[2025-07-12 12:15:04] INFO: inside getAllCandidates Controller
[2025-07-12 12:16:31] INFO: inside getAllCandidates Controller
[2025-07-12 12:16:33] INFO:  inside logout() BEFORE clear cookie  eyJhbGciOiJIUzI1NiIsInR5cCI6IkpXVCJ9.eyJpZCI6MSwiZW1haWwiOiJockBnbWFpbC5jb20iLCJpYXQiOjE3NTIzMDIyNjQsImV4cCI6MTc1MjkwNzA2NH0.BwGeHKFyz4tItTveRJHy7U22ZRegMCzBg7GYE8KztQc
[2025-07-12 12:16:33] INFO:  inside logout() AFTER clear cookie  eyJhbGciOiJIUzI1NiIsInR5cCI6IkpXVCJ9.eyJpZCI6MSwiZW1haWwiOiJockBnbWFpbC5jb20iLCJpYXQiOjE3NTIzMDIyNjQsImV4cCI6MTc1MjkwNzA2NH0.BwGeHKFyz4tItTveRJHy7U22ZRegMCzBg7GYE8KztQc
[2025-07-12 12:16:41] INFO: inside getAllCandidates Controller
[2025-07-12 12:16:43] INFO: 🧠 Login attempt for hr@gmail.com
[2025-07-12 12:16:43] INFO: 🔑 accessToken: eyJhbGciOiJIUzI1NiIsInR5cCI6IkpXVCJ9.eyJpZCI6MSwiZW1haWwiOiJockBnbWFpbC5jb20iLCJpYXQiOjE3NTIzMDI4MDMsImV4cCI6MTc1MjMyNDQwM30.yAgyb5CCExrwGPNdq2jJSkHHlRq7tBIzQOXyhVAe31U
[2025-07-12 12:16:43] INFO: 🔁 refreshToken cookie set eyJhbGciOiJIUzI1NiIsInR5cCI6IkpXVCJ9.eyJpZCI6MSwiZW1haWwiOiJockBnbWFpbC5jb20iLCJpYXQiOjE3NTIzMDI4MDMsImV4cCI6MTc1MjkwNzYwM30.ND-1hsSUSICKMPwfi44ff0SRJysjZYAPjgoABdnIFjY
[2025-07-12 12:16:43] INFO: 🌐 Headers Sent: {
  "x-powered-by": "Express",
  "access-control-allow-origin": "http://localhost:3000",
  "vary": "Origin",
  "access-control-allow-credentials": "true",
  "set-cookie": "refreshToken=eyJhbGciOiJIUzI1NiIsInR5cCI6IkpXVCJ9.eyJpZCI6MSwiZW1haWwiOiJockBnbWFpbC5jb20iLCJpYXQiOjE3NTIzMDI4MDMsImV4cCI6MTc1MjkwNzYwM30.ND-1hsSUSICKMPwfi44ff0SRJysjZYAPjgoABdnIFjY; Max-Age=604800; Path=/api/auth; Expires=Sat, 19 Jul 2025 06:46:43 GMT; HttpOnly; SameSite=Lax"
}
[2025-07-12 12:17:45] INFO:  inside logout() BEFORE clear cookie  eyJhbGciOiJIUzI1NiIsInR5cCI6IkpXVCJ9.eyJpZCI6MSwiZW1haWwiOiJockBnbWFpbC5jb20iLCJpYXQiOjE3NTIzMDI4MDMsImV4cCI6MTc1MjkwNzYwM30.ND-1hsSUSICKMPwfi44ff0SRJysjZYAPjgoABdnIFjY
[2025-07-12 12:17:45] INFO:  inside logout() AFTER clear cookie  eyJhbGciOiJIUzI1NiIsInR5cCI6IkpXVCJ9.eyJpZCI6MSwiZW1haWwiOiJockBnbWFpbC5jb20iLCJpYXQiOjE3NTIzMDI4MDMsImV4cCI6MTc1MjkwNzYwM30.ND-1hsSUSICKMPwfi44ff0SRJysjZYAPjgoABdnIFjY
[2025-07-12 12:17:48] INFO: inside getAllCandidates Controller
[2025-07-12 12:18:08] INFO: inside getAllCandidates Controller
[2025-07-12 12:18:49] INFO: inside getAllCandidates Controller
[2025-07-12 12:18:53] INFO: inside getAllCandidates Controller
[2025-07-12 12:19:11] INFO: inside getAllCandidates Controller
[2025-07-12 12:19:15] INFO: inside getAllCandidates Controller
[2025-07-12 12:19:17] INFO: inside getAllCandidates Controller
[2025-07-12 12:23:11] INFO: inside getAllCandidates Controller
[2025-07-12 12:25:23] INFO: inside getAllCandidates Controller
[2025-07-12 12:28:32] INFO: inside getAllCandidates Controller
[2025-07-12 12:28:59] INFO: inside getAllCandidates Controller
[2025-07-12 12:29:01] INFO: 🧠 Login attempt for hr@gmail.com
[2025-07-12 12:29:01] INFO: 🔑 accessToken: eyJhbGciOiJIUzI1NiIsInR5cCI6IkpXVCJ9.eyJpZCI6MSwiZW1haWwiOiJockBnbWFpbC5jb20iLCJpYXQiOjE3NTIzMDM1NDEsImV4cCI6MTc1MjMyNTE0MX0.-KK37cfiOCd3Ol6CckwYMMRnIEVt5SAlzibudYqFLz0
[2025-07-12 12:29:01] INFO: 🔁 refreshToken cookie set eyJhbGciOiJIUzI1NiIsInR5cCI6IkpXVCJ9.eyJpZCI6MSwiZW1haWwiOiJockBnbWFpbC5jb20iLCJpYXQiOjE3NTIzMDM1NDEsImV4cCI6MTc1MjkwODM0MX0.eyXKZ7raOVWZFmoFuHbtfY5rjTOQHYVRScX3WVa6IrU
[2025-07-12 12:29:01] INFO: 🌐 Headers Sent: {
  "x-powered-by": "Express",
  "access-control-allow-origin": "http://localhost:3000",
  "vary": "Origin",
  "access-control-allow-credentials": "true",
  "set-cookie": "refreshToken=eyJhbGciOiJIUzI1NiIsInR5cCI6IkpXVCJ9.eyJpZCI6MSwiZW1haWwiOiJockBnbWFpbC5jb20iLCJpYXQiOjE3NTIzMDM1NDEsImV4cCI6MTc1MjkwODM0MX0.eyXKZ7raOVWZFmoFuHbtfY5rjTOQHYVRScX3WVa6IrU; Max-Age=604800; Path=/api/auth; Expires=Sat, 19 Jul 2025 06:59:01 GMT; HttpOnly; SameSite=Lax"
}
[2025-07-12 12:37:47] INFO: inside getAllCandidates Controller
[2025-07-12 13:20:00] INFO: inside getAllCandidates Controller
[2025-07-12 13:23:40] INFO: inside getAllCandidates Controller
[2025-07-12 13:30:14] INFO: inside getAllCandidates Controller
[2025-07-12 13:30:27] INFO: inside getAllCandidates Controller
[2025-07-12 13:34:04] INFO: inside getAllCandidates Controller
[2025-07-12 13:39:20] INFO: inside getAllCandidates Controller
[2025-07-12 13:43:26] INFO: inside getAllCandidates Controller
[2025-07-12 13:44:10] INFO: inside getAllCandidates Controller
[2025-07-12 13:46:29] INFO: inside getAllCandidates Controller
[2025-07-12 13:46:50] INFO: inside getAllCandidates Controller
[2025-07-12 13:54:20] INFO: inside getAllCandidates Controller
[2025-07-12 13:54:31] INFO: inside getAllCandidates Controller
[2025-07-12 14:00:37] INFO: inside getAllCandidates Controller
[2025-07-12 14:00:45] INFO:  inside logout() BEFORE clear cookie  eyJhbGciOiJIUzI1NiIsInR5cCI6IkpXVCJ9.eyJpZCI6MSwiZW1haWwiOiJockBnbWFpbC5jb20iLCJpYXQiOjE3NTIzMDM1NDEsImV4cCI6MTc1MjkwODM0MX0.eyXKZ7raOVWZFmoFuHbtfY5rjTOQHYVRScX3WVa6IrU
[2025-07-12 14:00:45] INFO:  inside logout() AFTER clear cookie  eyJhbGciOiJIUzI1NiIsInR5cCI6IkpXVCJ9.eyJpZCI6MSwiZW1haWwiOiJockBnbWFpbC5jb20iLCJpYXQiOjE3NTIzMDM1NDEsImV4cCI6MTc1MjkwODM0MX0.eyXKZ7raOVWZFmoFuHbtfY5rjTOQHYVRScX3WVa6IrU
[2025-07-12 14:00:54] INFO: 🧠 Login attempt for hr@gmail.com
[2025-07-12 14:00:55] INFO: 🔑 accessToken: eyJhbGciOiJIUzI1NiIsInR5cCI6IkpXVCJ9.eyJpZCI6MSwiZW1haWwiOiJockBnbWFpbC5jb20iLCJpYXQiOjE3NTIzMDkwNTUsImV4cCI6MTc1MjMzMDY1NX0.zGxFfQogWhHCzBLvZDMrNYSJELIablG1xLzRlx9Cr0A
[2025-07-12 14:00:55] INFO: 🔁 refreshToken cookie set eyJhbGciOiJIUzI1NiIsInR5cCI6IkpXVCJ9.eyJpZCI6MSwiZW1haWwiOiJockBnbWFpbC5jb20iLCJpYXQiOjE3NTIzMDkwNTUsImV4cCI6MTc1MjkxMzg1NX0.Uu2uo-KBtnhQFirZJCQQxmyHW3HZbjmoz7tpl_cQ9aE
[2025-07-12 14:00:55] INFO: 🌐 Headers Sent: {
  "x-powered-by": "Express",
  "access-control-allow-origin": "http://localhost:3000",
  "vary": "Origin",
  "access-control-allow-credentials": "true",
  "set-cookie": "refreshToken=eyJhbGciOiJIUzI1NiIsInR5cCI6IkpXVCJ9.eyJpZCI6MSwiZW1haWwiOiJockBnbWFpbC5jb20iLCJpYXQiOjE3NTIzMDkwNTUsImV4cCI6MTc1MjkxMzg1NX0.Uu2uo-KBtnhQFirZJCQQxmyHW3HZbjmoz7tpl_cQ9aE; Max-Age=604800; Path=/api/auth; Expires=Sat, 19 Jul 2025 08:30:55 GMT; HttpOnly; SameSite=Lax"
}
[2025-07-12 14:03:49] INFO: 🧠 Change password attempt for 1
[2025-07-12 14:04:03] INFO: inside getAllCandidates Controller
[2025-07-12 14:04:06] INFO:  inside logout() BEFORE clear cookie  eyJhbGciOiJIUzI1NiIsInR5cCI6IkpXVCJ9.eyJpZCI6MSwiZW1haWwiOiJockBnbWFpbC5jb20iLCJpYXQiOjE3NTIzMDkwNTUsImV4cCI6MTc1MjkxMzg1NX0.Uu2uo-KBtnhQFirZJCQQxmyHW3HZbjmoz7tpl_cQ9aE
[2025-07-12 14:04:06] INFO:  inside logout() AFTER clear cookie  eyJhbGciOiJIUzI1NiIsInR5cCI6IkpXVCJ9.eyJpZCI6MSwiZW1haWwiOiJockBnbWFpbC5jb20iLCJpYXQiOjE3NTIzMDkwNTUsImV4cCI6MTc1MjkxMzg1NX0.Uu2uo-KBtnhQFirZJCQQxmyHW3HZbjmoz7tpl_cQ9aE
[2025-07-12 14:04:19] INFO: 🧠 Login attempt for hr@gmail.com
[2025-07-12 14:04:20] INFO: 🔑 accessToken: eyJhbGciOiJIUzI1NiIsInR5cCI6IkpXVCJ9.eyJpZCI6MSwiZW1haWwiOiJockBnbWFpbC5jb20iLCJpYXQiOjE3NTIzMDkyNjAsImV4cCI6MTc1MjMzMDg2MH0.FoiKIq15-2mZU_PqtmLoBBJQ9skcLEUDx6wMVqr3Umo
[2025-07-12 14:04:20] INFO: 🔁 refreshToken cookie set eyJhbGciOiJIUzI1NiIsInR5cCI6IkpXVCJ9.eyJpZCI6MSwiZW1haWwiOiJockBnbWFpbC5jb20iLCJpYXQiOjE3NTIzMDkyNjAsImV4cCI6MTc1MjkxNDA2MH0.rUEKPwHrsGX8RgLmrp9lfSUQkJxX0Hi03lnjKbT_HEw
[2025-07-12 14:04:20] INFO: 🌐 Headers Sent: {
  "x-powered-by": "Express",
  "access-control-allow-origin": "http://localhost:3000",
  "vary": "Origin",
  "access-control-allow-credentials": "true",
  "set-cookie": "refreshToken=eyJhbGciOiJIUzI1NiIsInR5cCI6IkpXVCJ9.eyJpZCI6MSwiZW1haWwiOiJockBnbWFpbC5jb20iLCJpYXQiOjE3NTIzMDkyNjAsImV4cCI6MTc1MjkxNDA2MH0.rUEKPwHrsGX8RgLmrp9lfSUQkJxX0Hi03lnjKbT_HEw; Max-Age=604800; Path=/api/auth; Expires=Sat, 19 Jul 2025 08:34:20 GMT; HttpOnly; SameSite=Lax"
}
[2025-07-12 14:04:31] INFO: 🧠 Change password attempt for 1
[2025-07-12 14:04:35] INFO:  inside logout() BEFORE clear cookie  eyJhbGciOiJIUzI1NiIsInR5cCI6IkpXVCJ9.eyJpZCI6MSwiZW1haWwiOiJockBnbWFpbC5jb20iLCJpYXQiOjE3NTIzMDkyNjAsImV4cCI6MTc1MjkxNDA2MH0.rUEKPwHrsGX8RgLmrp9lfSUQkJxX0Hi03lnjKbT_HEw
[2025-07-12 14:04:35] INFO:  inside logout() AFTER clear cookie  eyJhbGciOiJIUzI1NiIsInR5cCI6IkpXVCJ9.eyJpZCI6MSwiZW1haWwiOiJockBnbWFpbC5jb20iLCJpYXQiOjE3NTIzMDkyNjAsImV4cCI6MTc1MjkxNDA2MH0.rUEKPwHrsGX8RgLmrp9lfSUQkJxX0Hi03lnjKbT_HEw
[2025-07-12 14:04:40] INFO: 🧠 Login attempt for hr@gmail.com
[2025-07-12 14:04:41] INFO: 🔑 accessToken: eyJhbGciOiJIUzI1NiIsInR5cCI6IkpXVCJ9.eyJpZCI6MSwiZW1haWwiOiJockBnbWFpbC5jb20iLCJpYXQiOjE3NTIzMDkyODEsImV4cCI6MTc1MjMzMDg4MX0.KZS_U9BCrgc0bzqLVeXZ1jI42CE7PaKYIuj1BX8HnJE
[2025-07-12 14:04:41] INFO: 🔁 refreshToken cookie set eyJhbGciOiJIUzI1NiIsInR5cCI6IkpXVCJ9.eyJpZCI6MSwiZW1haWwiOiJockBnbWFpbC5jb20iLCJpYXQiOjE3NTIzMDkyODEsImV4cCI6MTc1MjkxNDA4MX0.0JFdr3wd5XSviIB4rkcgQaMdZ5wfwkB62MjtubvJGrg
[2025-07-12 14:04:41] INFO: 🌐 Headers Sent: {
  "x-powered-by": "Express",
  "access-control-allow-origin": "http://localhost:3000",
  "vary": "Origin",
  "access-control-allow-credentials": "true",
  "set-cookie": "refreshToken=eyJhbGciOiJIUzI1NiIsInR5cCI6IkpXVCJ9.eyJpZCI6MSwiZW1haWwiOiJockBnbWFpbC5jb20iLCJpYXQiOjE3NTIzMDkyODEsImV4cCI6MTc1MjkxNDA4MX0.0JFdr3wd5XSviIB4rkcgQaMdZ5wfwkB62MjtubvJGrg; Max-Age=604800; Path=/api/auth; Expires=Sat, 19 Jul 2025 08:34:41 GMT; HttpOnly; SameSite=Lax"
}
[2025-07-12 14:05:23] INFO: inside getAllCandidates Controller
[2025-07-12 14:05:32] INFO:  inside logout() BEFORE clear cookie  eyJhbGciOiJIUzI1NiIsInR5cCI6IkpXVCJ9.eyJpZCI6MSwiZW1haWwiOiJockBnbWFpbC5jb20iLCJpYXQiOjE3NTIzMDkyODEsImV4cCI6MTc1MjkxNDA4MX0.0JFdr3wd5XSviIB4rkcgQaMdZ5wfwkB62MjtubvJGrg
[2025-07-12 14:05:32] INFO:  inside logout() AFTER clear cookie  eyJhbGciOiJIUzI1NiIsInR5cCI6IkpXVCJ9.eyJpZCI6MSwiZW1haWwiOiJockBnbWFpbC5jb20iLCJpYXQiOjE3NTIzMDkyODEsImV4cCI6MTc1MjkxNDA4MX0.0JFdr3wd5XSviIB4rkcgQaMdZ5wfwkB62MjtubvJGrg
[2025-07-12 14:05:39] INFO: 🧠 Login attempt for hr@gmail.com
[2025-07-12 14:05:39] WARN: ❌ Incorrect password for email: hr@gmail.com
[2025-07-12 14:05:45] INFO: 🧠 Login attempt for hr@gmail.com
[2025-07-12 14:05:45] INFO: 🔑 accessToken: eyJhbGciOiJIUzI1NiIsInR5cCI6IkpXVCJ9.eyJpZCI6MSwiZW1haWwiOiJockBnbWFpbC5jb20iLCJpYXQiOjE3NTIzMDkzNDUsImV4cCI6MTc1MjMzMDk0NX0.cjR_cY3Rjmjz8onbD-dXuSGAuO3m8gwV4p-CRkeIx2o
[2025-07-12 14:05:45] INFO: 🔁 refreshToken cookie set eyJhbGciOiJIUzI1NiIsInR5cCI6IkpXVCJ9.eyJpZCI6MSwiZW1haWwiOiJockBnbWFpbC5jb20iLCJpYXQiOjE3NTIzMDkzNDUsImV4cCI6MTc1MjkxNDE0NX0._Ri5JRo4QmADwzz8V-dL7jn24g0DSSuF4w0TpQOMpRM
[2025-07-12 14:05:45] INFO: 🌐 Headers Sent: {
  "x-powered-by": "Express",
  "access-control-allow-origin": "http://localhost:3000",
  "vary": "Origin",
  "access-control-allow-credentials": "true",
  "set-cookie": "refreshToken=eyJhbGciOiJIUzI1NiIsInR5cCI6IkpXVCJ9.eyJpZCI6MSwiZW1haWwiOiJockBnbWFpbC5jb20iLCJpYXQiOjE3NTIzMDkzNDUsImV4cCI6MTc1MjkxNDE0NX0._Ri5JRo4QmADwzz8V-dL7jn24g0DSSuF4w0TpQOMpRM; Max-Age=604800; Path=/api/auth; Expires=Sat, 19 Jul 2025 08:35:45 GMT; HttpOnly; SameSite=Lax"
}
[2025-07-12 14:06:03] INFO: 🧠 Change password attempt for 1
[2025-07-12 14:06:09] INFO:  inside logout() BEFORE clear cookie  eyJhbGciOiJIUzI1NiIsInR5cCI6IkpXVCJ9.eyJpZCI6MSwiZW1haWwiOiJockBnbWFpbC5jb20iLCJpYXQiOjE3NTIzMDkzNDUsImV4cCI6MTc1MjkxNDE0NX0._Ri5JRo4QmADwzz8V-dL7jn24g0DSSuF4w0TpQOMpRM
[2025-07-12 14:06:09] INFO:  inside logout() AFTER clear cookie  eyJhbGciOiJIUzI1NiIsInR5cCI6IkpXVCJ9.eyJpZCI6MSwiZW1haWwiOiJockBnbWFpbC5jb20iLCJpYXQiOjE3NTIzMDkzNDUsImV4cCI6MTc1MjkxNDE0NX0._Ri5JRo4QmADwzz8V-dL7jn24g0DSSuF4w0TpQOMpRM
[2025-07-12 14:06:20] INFO: 🧠 Login attempt for hr@gmail.com
[2025-07-12 14:06:20] WARN: ❌ Incorrect password for email: hr@gmail.com
[2025-07-12 14:06:23] INFO: 🧠 Login attempt for hr@gmail.com
[2025-07-12 14:06:23] INFO: 🔑 accessToken: eyJhbGciOiJIUzI1NiIsInR5cCI6IkpXVCJ9.eyJpZCI6MSwiZW1haWwiOiJockBnbWFpbC5jb20iLCJpYXQiOjE3NTIzMDkzODMsImV4cCI6MTc1MjMzMDk4M30.DAISXZ2RHAKYvl1Hxl6qV0zFKOPj0bV6O5FSQn8cpsA
[2025-07-12 14:06:23] INFO: 🔁 refreshToken cookie set eyJhbGciOiJIUzI1NiIsInR5cCI6IkpXVCJ9.eyJpZCI6MSwiZW1haWwiOiJockBnbWFpbC5jb20iLCJpYXQiOjE3NTIzMDkzODMsImV4cCI6MTc1MjkxNDE4M30.iI52Vj7g2Y8RXoxrx0uznYSGbm1afYD8edLw_qMwhXc
[2025-07-12 14:06:23] INFO: 🌐 Headers Sent: {
  "x-powered-by": "Express",
  "access-control-allow-origin": "http://localhost:3000",
  "vary": "Origin",
  "access-control-allow-credentials": "true",
  "set-cookie": "refreshToken=eyJhbGciOiJIUzI1NiIsInR5cCI6IkpXVCJ9.eyJpZCI6MSwiZW1haWwiOiJockBnbWFpbC5jb20iLCJpYXQiOjE3NTIzMDkzODMsImV4cCI6MTc1MjkxNDE4M30.iI52Vj7g2Y8RXoxrx0uznYSGbm1afYD8edLw_qMwhXc; Max-Age=604800; Path=/api/auth; Expires=Sat, 19 Jul 2025 08:36:23 GMT; HttpOnly; SameSite=Lax"
}
[2025-07-12 14:06:32] INFO: 🧠 Change password attempt for 1
[2025-07-12 14:07:51] INFO:  inside logout() BEFORE clear cookie  eyJhbGciOiJIUzI1NiIsInR5cCI6IkpXVCJ9.eyJpZCI6MSwiZW1haWwiOiJockBnbWFpbC5jb20iLCJpYXQiOjE3NTIzMDkzODMsImV4cCI6MTc1MjkxNDE4M30.iI52Vj7g2Y8RXoxrx0uznYSGbm1afYD8edLw_qMwhXc
[2025-07-12 14:07:51] INFO:  inside logout() AFTER clear cookie  eyJhbGciOiJIUzI1NiIsInR5cCI6IkpXVCJ9.eyJpZCI6MSwiZW1haWwiOiJockBnbWFpbC5jb20iLCJpYXQiOjE3NTIzMDkzODMsImV4cCI6MTc1MjkxNDE4M30.iI52Vj7g2Y8RXoxrx0uznYSGbm1afYD8edLw_qMwhXc
[2025-07-12 14:09:12] INFO: inside getAllCandidates Controller
[2025-07-12 14:10:04] INFO: inside getAllCandidates Controller
[2025-07-12 14:14:06] INFO: 🧠 Login attempt for hr@gmail.com
[2025-07-12 14:14:06] WARN: ❌ Incorrect password for email: hr@gmail.com
[2025-07-12 14:14:09] INFO: 🧠 Login attempt for hr@gmail.com
[2025-07-12 14:14:09] INFO: 🔑 accessToken: eyJhbGciOiJIUzI1NiIsInR5cCI6IkpXVCJ9.eyJpZCI6MSwiZW1haWwiOiJockBnbWFpbC5jb20iLCJpYXQiOjE3NTIzMDk4NDksImV4cCI6MTc1MjMzMTQ0OX0.cHQLPTlQam6qKAS0leMlOYZA2Zrd8nPgP9Dnhj5lQQE
[2025-07-12 14:14:09] INFO: 🔁 refreshToken cookie set eyJhbGciOiJIUzI1NiIsInR5cCI6IkpXVCJ9.eyJpZCI6MSwiZW1haWwiOiJockBnbWFpbC5jb20iLCJpYXQiOjE3NTIzMDk4NDksImV4cCI6MTc1MjkxNDY0OX0.gDgTgu1C1ELr2B_1z2zoEoJcE0cK_dbetliBRJLs8yo
[2025-07-12 14:14:09] INFO: 🌐 Headers Sent: {
  "x-powered-by": "Express",
  "access-control-allow-origin": "http://localhost:3000",
  "vary": "Origin",
  "access-control-allow-credentials": "true",
  "set-cookie": "refreshToken=eyJhbGciOiJIUzI1NiIsInR5cCI6IkpXVCJ9.eyJpZCI6MSwiZW1haWwiOiJockBnbWFpbC5jb20iLCJpYXQiOjE3NTIzMDk4NDksImV4cCI6MTc1MjkxNDY0OX0.gDgTgu1C1ELr2B_1z2zoEoJcE0cK_dbetliBRJLs8yo; Max-Age=604800; Path=/api/auth; Expires=Sat, 19 Jul 2025 08:44:09 GMT; HttpOnly; SameSite=Lax"
}
[2025-07-12 14:14:34] INFO: 🧠 Change password attempt for 1
[2025-07-12 14:14:36] INFO:  inside logout() BEFORE clear cookie  eyJhbGciOiJIUzI1NiIsInR5cCI6IkpXVCJ9.eyJpZCI6MSwiZW1haWwiOiJockBnbWFpbC5jb20iLCJpYXQiOjE3NTIzMDk4NDksImV4cCI6MTc1MjkxNDY0OX0.gDgTgu1C1ELr2B_1z2zoEoJcE0cK_dbetliBRJLs8yo
[2025-07-12 14:14:36] INFO:  inside logout() AFTER clear cookie  eyJhbGciOiJIUzI1NiIsInR5cCI6IkpXVCJ9.eyJpZCI6MSwiZW1haWwiOiJockBnbWFpbC5jb20iLCJpYXQiOjE3NTIzMDk4NDksImV4cCI6MTc1MjkxNDY0OX0.gDgTgu1C1ELr2B_1z2zoEoJcE0cK_dbetliBRJLs8yo
[2025-07-12 14:14:43] INFO: 🧠 Login attempt for hr@gmail.com
[2025-07-12 14:14:43] WARN: ❌ Incorrect password for email: hr@gmail.com
[2025-07-12 14:14:46] INFO: 🧠 Login attempt for hr@gmail.com
[2025-07-12 14:14:47] INFO: 🔑 accessToken: eyJhbGciOiJIUzI1NiIsInR5cCI6IkpXVCJ9.eyJpZCI6MSwiZW1haWwiOiJockBnbWFpbC5jb20iLCJpYXQiOjE3NTIzMDk4ODcsImV4cCI6MTc1MjMzMTQ4N30.k2RYPUz8NsqAzfTPU0AIOB33BRuEW-gPlrs23Q-dneU
[2025-07-12 14:14:47] INFO: 🔁 refreshToken cookie set eyJhbGciOiJIUzI1NiIsInR5cCI6IkpXVCJ9.eyJpZCI6MSwiZW1haWwiOiJockBnbWFpbC5jb20iLCJpYXQiOjE3NTIzMDk4ODcsImV4cCI6MTc1MjkxNDY4N30.H2cCwrNI5JQ5angpKKD2etDzsCUMhB2mQhUKtrbK21I
[2025-07-12 14:14:47] INFO: 🌐 Headers Sent: {
  "x-powered-by": "Express",
  "access-control-allow-origin": "http://localhost:3000",
  "vary": "Origin",
  "access-control-allow-credentials": "true",
  "set-cookie": "refreshToken=eyJhbGciOiJIUzI1NiIsInR5cCI6IkpXVCJ9.eyJpZCI6MSwiZW1haWwiOiJockBnbWFpbC5jb20iLCJpYXQiOjE3NTIzMDk4ODcsImV4cCI6MTc1MjkxNDY4N30.H2cCwrNI5JQ5angpKKD2etDzsCUMhB2mQhUKtrbK21I; Max-Age=604800; Path=/api/auth; Expires=Sat, 19 Jul 2025 08:44:47 GMT; HttpOnly; SameSite=Lax"
}
[2025-07-12 14:14:50] INFO:  inside logout() BEFORE clear cookie  eyJhbGciOiJIUzI1NiIsInR5cCI6IkpXVCJ9.eyJpZCI6MSwiZW1haWwiOiJockBnbWFpbC5jb20iLCJpYXQiOjE3NTIzMDk4ODcsImV4cCI6MTc1MjkxNDY4N30.H2cCwrNI5JQ5angpKKD2etDzsCUMhB2mQhUKtrbK21I
[2025-07-12 14:14:50] INFO:  inside logout() AFTER clear cookie  eyJhbGciOiJIUzI1NiIsInR5cCI6IkpXVCJ9.eyJpZCI6MSwiZW1haWwiOiJockBnbWFpbC5jb20iLCJpYXQiOjE3NTIzMDk4ODcsImV4cCI6MTc1MjkxNDY4N30.H2cCwrNI5JQ5angpKKD2etDzsCUMhB2mQhUKtrbK21I
[2025-07-12 14:14:53] INFO: 🧠 Login attempt for hr@gmail.com
[2025-07-12 14:14:53] WARN: ❌ Incorrect password for email: hr@gmail.com
[2025-07-12 14:14:57] INFO: 🧠 Login attempt for hr@gmail.com
[2025-07-12 14:14:58] INFO: 🔑 accessToken: eyJhbGciOiJIUzI1NiIsInR5cCI6IkpXVCJ9.eyJpZCI6MSwiZW1haWwiOiJockBnbWFpbC5jb20iLCJpYXQiOjE3NTIzMDk4OTgsImV4cCI6MTc1MjMzMTQ5OH0.of6Rb8j4P82v84GDLDpIBmX_6cEl_DKH-uuKv0MgqQ8
[2025-07-12 14:14:58] INFO: 🔁 refreshToken cookie set eyJhbGciOiJIUzI1NiIsInR5cCI6IkpXVCJ9.eyJpZCI6MSwiZW1haWwiOiJockBnbWFpbC5jb20iLCJpYXQiOjE3NTIzMDk4OTgsImV4cCI6MTc1MjkxNDY5OH0.5idAeHdHiBG5jL5qxwQ6A1BQdUchLcBctFXDYM1VdZk
[2025-07-12 14:14:58] INFO: 🌐 Headers Sent: {
  "x-powered-by": "Express",
  "access-control-allow-origin": "http://localhost:3000",
  "vary": "Origin",
  "access-control-allow-credentials": "true",
  "set-cookie": "refreshToken=eyJhbGciOiJIUzI1NiIsInR5cCI6IkpXVCJ9.eyJpZCI6MSwiZW1haWwiOiJockBnbWFpbC5jb20iLCJpYXQiOjE3NTIzMDk4OTgsImV4cCI6MTc1MjkxNDY5OH0.5idAeHdHiBG5jL5qxwQ6A1BQdUchLcBctFXDYM1VdZk; Max-Age=604800; Path=/api/auth; Expires=Sat, 19 Jul 2025 08:44:58 GMT; HttpOnly; SameSite=Lax"
}
[2025-07-12 14:15:05] INFO: 🧠 Change password attempt for 1
[2025-07-12 14:15:07] INFO:  inside logout() BEFORE clear cookie  eyJhbGciOiJIUzI1NiIsInR5cCI6IkpXVCJ9.eyJpZCI6MSwiZW1haWwiOiJockBnbWFpbC5jb20iLCJpYXQiOjE3NTIzMDk4OTgsImV4cCI6MTc1MjkxNDY5OH0.5idAeHdHiBG5jL5qxwQ6A1BQdUchLcBctFXDYM1VdZk
[2025-07-12 14:15:07] INFO:  inside logout() AFTER clear cookie  eyJhbGciOiJIUzI1NiIsInR5cCI6IkpXVCJ9.eyJpZCI6MSwiZW1haWwiOiJockBnbWFpbC5jb20iLCJpYXQiOjE3NTIzMDk4OTgsImV4cCI6MTc1MjkxNDY5OH0.5idAeHdHiBG5jL5qxwQ6A1BQdUchLcBctFXDYM1VdZk
[2025-07-12 14:15:12] INFO: 🧠 Login attempt for hr@gmail.com
[2025-07-12 14:15:12] INFO: 🔑 accessToken: eyJhbGciOiJIUzI1NiIsInR5cCI6IkpXVCJ9.eyJpZCI6MSwiZW1haWwiOiJockBnbWFpbC5jb20iLCJpYXQiOjE3NTIzMDk5MTIsImV4cCI6MTc1MjMzMTUxMn0.J-ymBXZ9PbVOavoyIYZZLHsntZJAYC4EuVu_YIsTBJc
[2025-07-12 14:15:12] INFO: 🔁 refreshToken cookie set eyJhbGciOiJIUzI1NiIsInR5cCI6IkpXVCJ9.eyJpZCI6MSwiZW1haWwiOiJockBnbWFpbC5jb20iLCJpYXQiOjE3NTIzMDk5MTIsImV4cCI6MTc1MjkxNDcxMn0.kXgOUVHFFnGHzZ10rFxfS7Jc_Rk2hbhSHi0xf5Vh4E0
[2025-07-12 14:15:12] INFO: 🌐 Headers Sent: {
  "x-powered-by": "Express",
  "access-control-allow-origin": "http://localhost:3000",
  "vary": "Origin",
  "access-control-allow-credentials": "true",
  "set-cookie": "refreshToken=eyJhbGciOiJIUzI1NiIsInR5cCI6IkpXVCJ9.eyJpZCI6MSwiZW1haWwiOiJockBnbWFpbC5jb20iLCJpYXQiOjE3NTIzMDk5MTIsImV4cCI6MTc1MjkxNDcxMn0.kXgOUVHFFnGHzZ10rFxfS7Jc_Rk2hbhSHi0xf5Vh4E0; Max-Age=604800; Path=/api/auth; Expires=Sat, 19 Jul 2025 08:45:12 GMT; HttpOnly; SameSite=Lax"
}
[2025-07-12 14:16:04] INFO: inside getAllCandidates Controller
[2025-07-12 14:16:37] INFO: inside getAllCandidates Controller
[2025-07-12 14:23:20] INFO: inside getAllCandidates Controller
[2025-07-12 14:23:48] INFO: inside getAllCandidates Controller
[2025-07-12 14:23:54] INFO:  inside logout() BEFORE clear cookie  eyJhbGciOiJIUzI1NiIsInR5cCI6IkpXVCJ9.eyJpZCI6MSwiZW1haWwiOiJockBnbWFpbC5jb20iLCJpYXQiOjE3NTIzMDk5MTIsImV4cCI6MTc1MjkxNDcxMn0.kXgOUVHFFnGHzZ10rFxfS7Jc_Rk2hbhSHi0xf5Vh4E0
[2025-07-12 14:23:54] INFO:  inside logout() AFTER clear cookie  eyJhbGciOiJIUzI1NiIsInR5cCI6IkpXVCJ9.eyJpZCI6MSwiZW1haWwiOiJockBnbWFpbC5jb20iLCJpYXQiOjE3NTIzMDk5MTIsImV4cCI6MTc1MjkxNDcxMn0.kXgOUVHFFnGHzZ10rFxfS7Jc_Rk2hbhSHi0xf5Vh4E0
[2025-07-12 14:23:59] INFO: 🧠 Login attempt for hr@gmail.com
[2025-07-12 14:23:59] INFO: 🔑 accessToken: eyJhbGciOiJIUzI1NiIsInR5cCI6IkpXVCJ9.eyJpZCI6MSwiZW1haWwiOiJockBnbWFpbC5jb20iLCJpYXQiOjE3NTIzMTA0MzksImV4cCI6MTc1MjMzMjAzOX0.XYqDOvqIl8RtCtd7O9Fo_K88tJ-69Eqc_Tu_uBKKyGA
[2025-07-12 14:23:59] INFO: 🔁 refreshToken cookie set eyJhbGciOiJIUzI1NiIsInR5cCI6IkpXVCJ9.eyJpZCI6MSwiZW1haWwiOiJockBnbWFpbC5jb20iLCJpYXQiOjE3NTIzMTA0MzksImV4cCI6MTc1MjkxNTIzOX0.CUQQPhFyOu1HRrmwHDCrC3p8nQti5ibUPnfYAVlIAP8
[2025-07-12 14:23:59] INFO: 🌐 Headers Sent: {
  "x-powered-by": "Express",
  "access-control-allow-origin": "http://localhost:3000",
  "vary": "Origin",
  "access-control-allow-credentials": "true",
  "set-cookie": "refreshToken=eyJhbGciOiJIUzI1NiIsInR5cCI6IkpXVCJ9.eyJpZCI6MSwiZW1haWwiOiJockBnbWFpbC5jb20iLCJpYXQiOjE3NTIzMTA0MzksImV4cCI6MTc1MjkxNTIzOX0.CUQQPhFyOu1HRrmwHDCrC3p8nQti5ibUPnfYAVlIAP8; Max-Age=604800; Path=/api/auth; Expires=Sat, 19 Jul 2025 08:53:59 GMT; HttpOnly; SameSite=Lax"
}
[2025-07-12 14:24:11] INFO: 🧠 Change password attempt for 1
[2025-07-12 14:24:17] INFO:  inside logout() BEFORE clear cookie  eyJhbGciOiJIUzI1NiIsInR5cCI6IkpXVCJ9.eyJpZCI6MSwiZW1haWwiOiJockBnbWFpbC5jb20iLCJpYXQiOjE3NTIzMTA0MzksImV4cCI6MTc1MjkxNTIzOX0.CUQQPhFyOu1HRrmwHDCrC3p8nQti5ibUPnfYAVlIAP8
[2025-07-12 14:24:17] INFO:  inside logout() AFTER clear cookie  eyJhbGciOiJIUzI1NiIsInR5cCI6IkpXVCJ9.eyJpZCI6MSwiZW1haWwiOiJockBnbWFpbC5jb20iLCJpYXQiOjE3NTIzMTA0MzksImV4cCI6MTc1MjkxNTIzOX0.CUQQPhFyOu1HRrmwHDCrC3p8nQti5ibUPnfYAVlIAP8
[2025-07-12 14:24:23] INFO: 🧠 Login attempt for hr@gmail.com
[2025-07-12 14:24:23] WARN: ❌ Incorrect password for email: hr@gmail.com
[2025-07-12 14:24:26] INFO: 🧠 Login attempt for hr@gmail.com
[2025-07-12 14:24:26] INFO: 🔑 accessToken: eyJhbGciOiJIUzI1NiIsInR5cCI6IkpXVCJ9.eyJpZCI6MSwiZW1haWwiOiJockBnbWFpbC5jb20iLCJpYXQiOjE3NTIzMTA0NjYsImV4cCI6MTc1MjMzMjA2Nn0.Y95WYhKAEvme-5FZyCqPvIuCxY8rzJEJnBJp-MlutOM
[2025-07-12 14:24:26] INFO: 🔁 refreshToken cookie set eyJhbGciOiJIUzI1NiIsInR5cCI6IkpXVCJ9.eyJpZCI6MSwiZW1haWwiOiJockBnbWFpbC5jb20iLCJpYXQiOjE3NTIzMTA0NjYsImV4cCI6MTc1MjkxNTI2Nn0.wDLQ6yCyQqmLAqICL71dwjv_BJj81CLKFoLVlXwkr2o
[2025-07-12 14:24:26] INFO: 🌐 Headers Sent: {
  "x-powered-by": "Express",
  "access-control-allow-origin": "http://localhost:3000",
  "vary": "Origin",
  "access-control-allow-credentials": "true",
  "set-cookie": "refreshToken=eyJhbGciOiJIUzI1NiIsInR5cCI6IkpXVCJ9.eyJpZCI6MSwiZW1haWwiOiJockBnbWFpbC5jb20iLCJpYXQiOjE3NTIzMTA0NjYsImV4cCI6MTc1MjkxNTI2Nn0.wDLQ6yCyQqmLAqICL71dwjv_BJj81CLKFoLVlXwkr2o; Max-Age=604800; Path=/api/auth; Expires=Sat, 19 Jul 2025 08:54:26 GMT; HttpOnly; SameSite=Lax"
}
[2025-07-12 14:24:35] INFO: 🧠 Change password attempt for 1
[2025-07-12 14:24:42] INFO:  inside logout() BEFORE clear cookie  eyJhbGciOiJIUzI1NiIsInR5cCI6IkpXVCJ9.eyJpZCI6MSwiZW1haWwiOiJockBnbWFpbC5jb20iLCJpYXQiOjE3NTIzMTA0NjYsImV4cCI6MTc1MjkxNTI2Nn0.wDLQ6yCyQqmLAqICL71dwjv_BJj81CLKFoLVlXwkr2o
[2025-07-12 14:24:42] INFO:  inside logout() AFTER clear cookie  eyJhbGciOiJIUzI1NiIsInR5cCI6IkpXVCJ9.eyJpZCI6MSwiZW1haWwiOiJockBnbWFpbC5jb20iLCJpYXQiOjE3NTIzMTA0NjYsImV4cCI6MTc1MjkxNTI2Nn0.wDLQ6yCyQqmLAqICL71dwjv_BJj81CLKFoLVlXwkr2o
[2025-07-12 14:24:49] INFO: 🧠 Login attempt for hr@gmail.com
[2025-07-12 14:24:49] INFO: 🔑 accessToken: eyJhbGciOiJIUzI1NiIsInR5cCI6IkpXVCJ9.eyJpZCI6MSwiZW1haWwiOiJockBnbWFpbC5jb20iLCJpYXQiOjE3NTIzMTA0ODksImV4cCI6MTc1MjMzMjA4OX0.NzeCAHWgHLhO7qgMGa7A-ja9DFSJ6pGFJAzKKK4m0Fc
[2025-07-12 14:24:49] INFO: 🔁 refreshToken cookie set eyJhbGciOiJIUzI1NiIsInR5cCI6IkpXVCJ9.eyJpZCI6MSwiZW1haWwiOiJockBnbWFpbC5jb20iLCJpYXQiOjE3NTIzMTA0ODksImV4cCI6MTc1MjkxNTI4OX0.HAJAkwGSnPPk1InKOd07YPlZ_6EBxiC0V8gYYbZdBDM
[2025-07-12 14:24:49] INFO: 🌐 Headers Sent: {
  "x-powered-by": "Express",
  "access-control-allow-origin": "http://localhost:3000",
  "vary": "Origin",
  "access-control-allow-credentials": "true",
  "set-cookie": "refreshToken=eyJhbGciOiJIUzI1NiIsInR5cCI6IkpXVCJ9.eyJpZCI6MSwiZW1haWwiOiJockBnbWFpbC5jb20iLCJpYXQiOjE3NTIzMTA0ODksImV4cCI6MTc1MjkxNTI4OX0.HAJAkwGSnPPk1InKOd07YPlZ_6EBxiC0V8gYYbZdBDM; Max-Age=604800; Path=/api/auth; Expires=Sat, 19 Jul 2025 08:54:49 GMT; HttpOnly; SameSite=Lax"
}
[2025-07-12 14:25:37] INFO: inside getAllCandidates Controller
[2025-07-12 14:25:38] INFO:  inside logout() BEFORE clear cookie  eyJhbGciOiJIUzI1NiIsInR5cCI6IkpXVCJ9.eyJpZCI6MSwiZW1haWwiOiJockBnbWFpbC5jb20iLCJpYXQiOjE3NTIzMTA0ODksImV4cCI6MTc1MjkxNTI4OX0.HAJAkwGSnPPk1InKOd07YPlZ_6EBxiC0V8gYYbZdBDM
[2025-07-12 14:25:38] INFO:  inside logout() AFTER clear cookie  eyJhbGciOiJIUzI1NiIsInR5cCI6IkpXVCJ9.eyJpZCI6MSwiZW1haWwiOiJockBnbWFpbC5jb20iLCJpYXQiOjE3NTIzMTA0ODksImV4cCI6MTc1MjkxNTI4OX0.HAJAkwGSnPPk1InKOd07YPlZ_6EBxiC0V8gYYbZdBDM
[2025-07-12 14:25:48] INFO: inside getAllCandidates Controller
[2025-07-12 14:25:58] INFO: 🧠 Login attempt for hr@gmail.com
[2025-07-12 14:25:58] INFO: 🔑 accessToken: eyJhbGciOiJIUzI1NiIsInR5cCI6IkpXVCJ9.eyJpZCI6MSwiZW1haWwiOiJockBnbWFpbC5jb20iLCJpYXQiOjE3NTIzMTA1NTgsImV4cCI6MTc1MjMzMjE1OH0.MVwFV6wgBroOpeZgI6GWZuXcvWNgzCRhrhlGgbZV_xg
[2025-07-12 14:25:58] INFO: 🔁 refreshToken cookie set eyJhbGciOiJIUzI1NiIsInR5cCI6IkpXVCJ9.eyJpZCI6MSwiZW1haWwiOiJockBnbWFpbC5jb20iLCJpYXQiOjE3NTIzMTA1NTgsImV4cCI6MTc1MjkxNTM1OH0.MsM-2fhq0KhdHf6nCocEGh5gz9glG2-8gd8HrBLv3G4
[2025-07-12 14:25:58] INFO: 🌐 Headers Sent: {
  "x-powered-by": "Express",
  "access-control-allow-origin": "http://localhost:3000",
  "vary": "Origin",
  "access-control-allow-credentials": "true",
  "set-cookie": "refreshToken=eyJhbGciOiJIUzI1NiIsInR5cCI6IkpXVCJ9.eyJpZCI6MSwiZW1haWwiOiJockBnbWFpbC5jb20iLCJpYXQiOjE3NTIzMTA1NTgsImV4cCI6MTc1MjkxNTM1OH0.MsM-2fhq0KhdHf6nCocEGh5gz9glG2-8gd8HrBLv3G4; Max-Age=604800; Path=/api/auth; Expires=Sat, 19 Jul 2025 08:55:58 GMT; HttpOnly; SameSite=Lax"
}
[2025-07-12 14:26:10] INFO:  inside logout() BEFORE clear cookie  eyJhbGciOiJIUzI1NiIsInR5cCI6IkpXVCJ9.eyJpZCI6MSwiZW1haWwiOiJockBnbWFpbC5jb20iLCJpYXQiOjE3NTIzMTA1NTgsImV4cCI6MTc1MjkxNTM1OH0.MsM-2fhq0KhdHf6nCocEGh5gz9glG2-8gd8HrBLv3G4
[2025-07-12 14:26:10] INFO:  inside logout() AFTER clear cookie  eyJhbGciOiJIUzI1NiIsInR5cCI6IkpXVCJ9.eyJpZCI6MSwiZW1haWwiOiJockBnbWFpbC5jb20iLCJpYXQiOjE3NTIzMTA1NTgsImV4cCI6MTc1MjkxNTM1OH0.MsM-2fhq0KhdHf6nCocEGh5gz9glG2-8gd8HrBLv3G4
[2025-07-12 14:26:17] INFO: 🧠 Login attempt for hr@gmail.com
[2025-07-12 14:26:17] INFO: 🔑 accessToken: eyJhbGciOiJIUzI1NiIsInR5cCI6IkpXVCJ9.eyJpZCI6MSwiZW1haWwiOiJockBnbWFpbC5jb20iLCJpYXQiOjE3NTIzMTA1NzcsImV4cCI6MTc1MjMzMjE3N30.YlMHBWGuSedhLfEt99JdXlrZomE_Iofqv608QJEcGkk
[2025-07-12 14:26:17] INFO: 🔁 refreshToken cookie set eyJhbGciOiJIUzI1NiIsInR5cCI6IkpXVCJ9.eyJpZCI6MSwiZW1haWwiOiJockBnbWFpbC5jb20iLCJpYXQiOjE3NTIzMTA1NzcsImV4cCI6MTc1MjkxNTM3N30.VyMrTV5qN2yoVfslKdhIzQyv7OEiXvvgyy-YgXdXEUI
[2025-07-12 14:26:17] INFO: 🌐 Headers Sent: {
  "x-powered-by": "Express",
  "access-control-allow-origin": "http://localhost:3000",
  "vary": "Origin",
  "access-control-allow-credentials": "true",
  "set-cookie": "refreshToken=eyJhbGciOiJIUzI1NiIsInR5cCI6IkpXVCJ9.eyJpZCI6MSwiZW1haWwiOiJockBnbWFpbC5jb20iLCJpYXQiOjE3NTIzMTA1NzcsImV4cCI6MTc1MjkxNTM3N30.VyMrTV5qN2yoVfslKdhIzQyv7OEiXvvgyy-YgXdXEUI; Max-Age=604800; Path=/api/auth; Expires=Sat, 19 Jul 2025 08:56:17 GMT; HttpOnly; SameSite=Lax"
}
[2025-07-12 14:26:28] INFO: 🧠 Change password attempt for 1
[2025-07-12 14:27:35] INFO:  inside logout() BEFORE clear cookie  eyJhbGciOiJIUzI1NiIsInR5cCI6IkpXVCJ9.eyJpZCI6MSwiZW1haWwiOiJockBnbWFpbC5jb20iLCJpYXQiOjE3NTIzMTA1NzcsImV4cCI6MTc1MjkxNTM3N30.VyMrTV5qN2yoVfslKdhIzQyv7OEiXvvgyy-YgXdXEUI
[2025-07-12 14:27:35] INFO:  inside logout() AFTER clear cookie  eyJhbGciOiJIUzI1NiIsInR5cCI6IkpXVCJ9.eyJpZCI6MSwiZW1haWwiOiJockBnbWFpbC5jb20iLCJpYXQiOjE3NTIzMTA1NzcsImV4cCI6MTc1MjkxNTM3N30.VyMrTV5qN2yoVfslKdhIzQyv7OEiXvvgyy-YgXdXEUI
[2025-07-12 14:27:43] INFO: 🧠 Login attempt for hr@gmail.com
[2025-07-12 14:27:43] INFO: 🔑 accessToken: eyJhbGciOiJIUzI1NiIsInR5cCI6IkpXVCJ9.eyJpZCI6MSwiZW1haWwiOiJockBnbWFpbC5jb20iLCJpYXQiOjE3NTIzMTA2NjMsImV4cCI6MTc1MjMzMjI2M30.l3_ZbaQhxMIfhwfQIo7MYxFB0zvqVdKkj-XnSJ3rZy0
[2025-07-12 14:27:43] INFO: 🔁 refreshToken cookie set eyJhbGciOiJIUzI1NiIsInR5cCI6IkpXVCJ9.eyJpZCI6MSwiZW1haWwiOiJockBnbWFpbC5jb20iLCJpYXQiOjE3NTIzMTA2NjMsImV4cCI6MTc1MjkxNTQ2M30.rePx0kX06R0bDkwkwDEBPC426cAP_vvfYnr-4ycKrF4
[2025-07-12 14:27:43] INFO: 🌐 Headers Sent: {
  "x-powered-by": "Express",
  "access-control-allow-origin": "http://localhost:3000",
  "vary": "Origin",
  "access-control-allow-credentials": "true",
  "set-cookie": "refreshToken=eyJhbGciOiJIUzI1NiIsInR5cCI6IkpXVCJ9.eyJpZCI6MSwiZW1haWwiOiJockBnbWFpbC5jb20iLCJpYXQiOjE3NTIzMTA2NjMsImV4cCI6MTc1MjkxNTQ2M30.rePx0kX06R0bDkwkwDEBPC426cAP_vvfYnr-4ycKrF4; Max-Age=604800; Path=/api/auth; Expires=Sat, 19 Jul 2025 08:57:43 GMT; HttpOnly; SameSite=Lax"
}
[2025-07-12 14:27:51] INFO: 🧠 Change password attempt for 1
[2025-07-12 14:27:56] INFO:  inside logout() BEFORE clear cookie  eyJhbGciOiJIUzI1NiIsInR5cCI6IkpXVCJ9.eyJpZCI6MSwiZW1haWwiOiJockBnbWFpbC5jb20iLCJpYXQiOjE3NTIzMTA2NjMsImV4cCI6MTc1MjkxNTQ2M30.rePx0kX06R0bDkwkwDEBPC426cAP_vvfYnr-4ycKrF4
[2025-07-12 14:27:56] INFO:  inside logout() AFTER clear cookie  eyJhbGciOiJIUzI1NiIsInR5cCI6IkpXVCJ9.eyJpZCI6MSwiZW1haWwiOiJockBnbWFpbC5jb20iLCJpYXQiOjE3NTIzMTA2NjMsImV4cCI6MTc1MjkxNTQ2M30.rePx0kX06R0bDkwkwDEBPC426cAP_vvfYnr-4ycKrF4
[2025-07-12 14:28:00] INFO: 🧠 Login attempt for hr@gmail.com
[2025-07-12 14:28:00] INFO: 🔑 accessToken: eyJhbGciOiJIUzI1NiIsInR5cCI6IkpXVCJ9.eyJpZCI6MSwiZW1haWwiOiJockBnbWFpbC5jb20iLCJpYXQiOjE3NTIzMTA2ODAsImV4cCI6MTc1MjMzMjI4MH0.3WAhXhMnbd_RbT_o__cYQ44buvaGTghYudzDXPymXa0
[2025-07-12 14:28:00] INFO: 🔁 refreshToken cookie set eyJhbGciOiJIUzI1NiIsInR5cCI6IkpXVCJ9.eyJpZCI6MSwiZW1haWwiOiJockBnbWFpbC5jb20iLCJpYXQiOjE3NTIzMTA2ODAsImV4cCI6MTc1MjkxNTQ4MH0.olyWdl0HXWALncaTiclmyRlRV8LEOFr1fVZsM9uGxO4
[2025-07-12 14:28:00] INFO: 🌐 Headers Sent: {
  "x-powered-by": "Express",
  "access-control-allow-origin": "http://localhost:3000",
  "vary": "Origin",
  "access-control-allow-credentials": "true",
  "set-cookie": "refreshToken=eyJhbGciOiJIUzI1NiIsInR5cCI6IkpXVCJ9.eyJpZCI6MSwiZW1haWwiOiJockBnbWFpbC5jb20iLCJpYXQiOjE3NTIzMTA2ODAsImV4cCI6MTc1MjkxNTQ4MH0.olyWdl0HXWALncaTiclmyRlRV8LEOFr1fVZsM9uGxO4; Max-Age=604800; Path=/api/auth; Expires=Sat, 19 Jul 2025 08:58:00 GMT; HttpOnly; SameSite=Lax"
}
[2025-07-12 14:29:52] INFO:  inside logout() BEFORE clear cookie  eyJhbGciOiJIUzI1NiIsInR5cCI6IkpXVCJ9.eyJpZCI6MSwiZW1haWwiOiJockBnbWFpbC5jb20iLCJpYXQiOjE3NTIzMTA2ODAsImV4cCI6MTc1MjkxNTQ4MH0.olyWdl0HXWALncaTiclmyRlRV8LEOFr1fVZsM9uGxO4
[2025-07-12 14:29:52] INFO:  inside logout() AFTER clear cookie  eyJhbGciOiJIUzI1NiIsInR5cCI6IkpXVCJ9.eyJpZCI6MSwiZW1haWwiOiJockBnbWFpbC5jb20iLCJpYXQiOjE3NTIzMTA2ODAsImV4cCI6MTc1MjkxNTQ4MH0.olyWdl0HXWALncaTiclmyRlRV8LEOFr1fVZsM9uGxO4
[2025-07-12 14:34:07] INFO: inside getAllCandidates Controller
[2025-07-12 14:34:23] INFO: inside getAllCandidates Controller
[2025-07-12 14:34:27] INFO: inside getAllCandidates Controller
[2025-07-12 14:35:09] INFO: inside getAllCandidates Controller
[2025-07-12 14:36:09] INFO: inside getAllCandidates Controller
[2025-07-12 14:37:18] INFO: inside getAllCandidates Controller
[2025-07-12 14:37:50] INFO: inside getAllCandidates Controller
[2025-07-12 14:38:10] INFO: inside getAllCandidates Controller
[2025-07-12 14:39:31] INFO: inside getAllCandidates Controller
[2025-07-12 14:40:07] INFO: inside getAllCandidates Controller
[2025-07-12 14:40:16] INFO: inside getAllCandidates Controller
[2025-07-12 14:40:46] INFO: inside getAllCandidates Controller
[2025-07-12 14:51:51] INFO: 🧠 Login attempt for hr@gmail.com
[2025-07-12 14:51:51] INFO: 🔑 accessToken: eyJhbGciOiJIUzI1NiIsInR5cCI6IkpXVCJ9.eyJpZCI6MSwiZW1haWwiOiJockBnbWFpbC5jb20iLCJpYXQiOjE3NTIzMTIxMTEsImV4cCI6MTc1MjMzMzcxMX0.6_X7uTLsIielna0pdE31VTNpjsC6T64imOmnhZZFC7U
[2025-07-12 14:51:51] INFO: 🔁 refreshToken cookie set eyJhbGciOiJIUzI1NiIsInR5cCI6IkpXVCJ9.eyJpZCI6MSwiZW1haWwiOiJockBnbWFpbC5jb20iLCJpYXQiOjE3NTIzMTIxMTEsImV4cCI6MTc1MjkxNjkxMX0.ePPWe8qi5Hr76Ss0ZJ_u0wszb1n9ZvW-YJGqembB_7I
[2025-07-12 14:51:51] INFO: 🌐 Headers Sent: {
  "x-powered-by": "Express",
  "access-control-allow-origin": "http://localhost:3000",
  "vary": "Origin",
  "access-control-allow-credentials": "true",
  "set-cookie": "refreshToken=eyJhbGciOiJIUzI1NiIsInR5cCI6IkpXVCJ9.eyJpZCI6MSwiZW1haWwiOiJockBnbWFpbC5jb20iLCJpYXQiOjE3NTIzMTIxMTEsImV4cCI6MTc1MjkxNjkxMX0.ePPWe8qi5Hr76Ss0ZJ_u0wszb1n9ZvW-YJGqembB_7I; Max-Age=604800; Path=/api/auth; Expires=Sat, 19 Jul 2025 09:21:51 GMT; HttpOnly; SameSite=Lax"
}
[2025-07-12 14:53:39] INFO: inside getAllCandidates Controller
[2025-07-12 14:54:53] INFO: inside getAllCandidates Controller
[2025-07-12 14:56:52] INFO: inside getAllCandidates Controller
[2025-07-12 14:58:12] INFO: inside getAllCandidates Controller
[2025-07-12 14:59:25] INFO: inside getAllCandidates Controller
[2025-07-12 15:00:12] INFO:  inside logout() BEFORE clear cookie  eyJhbGciOiJIUzI1NiIsInR5cCI6IkpXVCJ9.eyJpZCI6MSwiZW1haWwiOiJockBnbWFpbC5jb20iLCJpYXQiOjE3NTIzMTIxMTEsImV4cCI6MTc1MjkxNjkxMX0.ePPWe8qi5Hr76Ss0ZJ_u0wszb1n9ZvW-YJGqembB_7I
[2025-07-12 15:00:12] INFO:  inside logout() AFTER clear cookie  eyJhbGciOiJIUzI1NiIsInR5cCI6IkpXVCJ9.eyJpZCI6MSwiZW1haWwiOiJockBnbWFpbC5jb20iLCJpYXQiOjE3NTIzMTIxMTEsImV4cCI6MTc1MjkxNjkxMX0.ePPWe8qi5Hr76Ss0ZJ_u0wszb1n9ZvW-YJGqembB_7I
[2025-07-12 15:00:17] INFO: 🧠 Login attempt for hr@gmail.com
[2025-07-12 15:00:17] INFO: 🔑 accessToken: eyJhbGciOiJIUzI1NiIsInR5cCI6IkpXVCJ9.eyJpZCI6MSwiZW1haWwiOiJockBnbWFpbC5jb20iLCJpYXQiOjE3NTIzMTI2MTcsImV4cCI6MTc1MjMzNDIxN30.62Z0XiZ-JoHXH7zlvAInOXtj3d_OeM1NlKBuI8W1hP0
[2025-07-12 15:00:17] INFO: 🔁 refreshToken cookie set eyJhbGciOiJIUzI1NiIsInR5cCI6IkpXVCJ9.eyJpZCI6MSwiZW1haWwiOiJockBnbWFpbC5jb20iLCJpYXQiOjE3NTIzMTI2MTcsImV4cCI6MTc1MjkxNzQxN30.bDu7D40TCdi1MD70Pg1_5SVJQfYeOnaBWJleUZxRXsU
[2025-07-12 15:00:17] INFO: 🌐 Headers Sent: {
  "x-powered-by": "Express",
  "access-control-allow-origin": "http://localhost:3000",
  "vary": "Origin",
  "access-control-allow-credentials": "true",
  "set-cookie": "refreshToken=eyJhbGciOiJIUzI1NiIsInR5cCI6IkpXVCJ9.eyJpZCI6MSwiZW1haWwiOiJockBnbWFpbC5jb20iLCJpYXQiOjE3NTIzMTI2MTcsImV4cCI6MTc1MjkxNzQxN30.bDu7D40TCdi1MD70Pg1_5SVJQfYeOnaBWJleUZxRXsU; Max-Age=604800; Path=/api/auth; Expires=Sat, 19 Jul 2025 09:30:17 GMT; HttpOnly; SameSite=Lax"
}
[2025-07-12 15:00:25] INFO: 🧠 Change password attempt for 1
[2025-07-12 15:00:26] INFO:  inside logout() BEFORE clear cookie  eyJhbGciOiJIUzI1NiIsInR5cCI6IkpXVCJ9.eyJpZCI6MSwiZW1haWwiOiJockBnbWFpbC5jb20iLCJpYXQiOjE3NTIzMTI2MTcsImV4cCI6MTc1MjkxNzQxN30.bDu7D40TCdi1MD70Pg1_5SVJQfYeOnaBWJleUZxRXsU
[2025-07-12 15:00:26] INFO:  inside logout() AFTER clear cookie  eyJhbGciOiJIUzI1NiIsInR5cCI6IkpXVCJ9.eyJpZCI6MSwiZW1haWwiOiJockBnbWFpbC5jb20iLCJpYXQiOjE3NTIzMTI2MTcsImV4cCI6MTc1MjkxNzQxN30.bDu7D40TCdi1MD70Pg1_5SVJQfYeOnaBWJleUZxRXsU
[2025-07-12 15:00:31] INFO: 🧠 Login attempt for hr@gmail.com
[2025-07-12 15:00:32] INFO: 🔑 accessToken: eyJhbGciOiJIUzI1NiIsInR5cCI6IkpXVCJ9.eyJpZCI6MSwiZW1haWwiOiJockBnbWFpbC5jb20iLCJpYXQiOjE3NTIzMTI2MzIsImV4cCI6MTc1MjMzNDIzMn0.ruDsS0gCNNK3_Lw3WW2eOU6GJ-JMxHrU31sNXZ0fUIQ
[2025-07-12 15:00:32] INFO: 🔁 refreshToken cookie set eyJhbGciOiJIUzI1NiIsInR5cCI6IkpXVCJ9.eyJpZCI6MSwiZW1haWwiOiJockBnbWFpbC5jb20iLCJpYXQiOjE3NTIzMTI2MzIsImV4cCI6MTc1MjkxNzQzMn0.uA3lKbKbGrKpGswR6dfmdpeGrR0a5Wb13-OHAMtO-yo
[2025-07-12 15:00:32] INFO: 🌐 Headers Sent: {
  "x-powered-by": "Express",
  "access-control-allow-origin": "http://localhost:3000",
  "vary": "Origin",
  "access-control-allow-credentials": "true",
  "set-cookie": "refreshToken=eyJhbGciOiJIUzI1NiIsInR5cCI6IkpXVCJ9.eyJpZCI6MSwiZW1haWwiOiJockBnbWFpbC5jb20iLCJpYXQiOjE3NTIzMTI2MzIsImV4cCI6MTc1MjkxNzQzMn0.uA3lKbKbGrKpGswR6dfmdpeGrR0a5Wb13-OHAMtO-yo; Max-Age=604800; Path=/api/auth; Expires=Sat, 19 Jul 2025 09:30:32 GMT; HttpOnly; SameSite=Lax"
}
[2025-07-12 15:00:37] INFO: 🧠 Change password attempt for 1
[2025-07-12 15:00:39] INFO:  inside logout() BEFORE clear cookie  eyJhbGciOiJIUzI1NiIsInR5cCI6IkpXVCJ9.eyJpZCI6MSwiZW1haWwiOiJockBnbWFpbC5jb20iLCJpYXQiOjE3NTIzMTI2MzIsImV4cCI6MTc1MjkxNzQzMn0.uA3lKbKbGrKpGswR6dfmdpeGrR0a5Wb13-OHAMtO-yo
[2025-07-12 15:00:39] INFO:  inside logout() AFTER clear cookie  eyJhbGciOiJIUzI1NiIsInR5cCI6IkpXVCJ9.eyJpZCI6MSwiZW1haWwiOiJockBnbWFpbC5jb20iLCJpYXQiOjE3NTIzMTI2MzIsImV4cCI6MTc1MjkxNzQzMn0.uA3lKbKbGrKpGswR6dfmdpeGrR0a5Wb13-OHAMtO-yo
[2025-07-12 15:00:51] INFO: inside getAllCandidates Controller
[2025-07-12 15:01:01] INFO: inside getAllCandidates Controller
[2025-07-12 15:01:03] INFO: 🧠 Login attempt for hr@gmail.com
[2025-07-12 15:01:04] INFO: 🔑 accessToken: eyJhbGciOiJIUzI1NiIsInR5cCI6IkpXVCJ9.eyJpZCI6MSwiZW1haWwiOiJockBnbWFpbC5jb20iLCJpYXQiOjE3NTIzMTI2NjQsImV4cCI6MTc1MjMzNDI2NH0.ui9ZHhk-OC7wnSmyDt5kah58nkjj0mLd8WsUW7EQv_4
[2025-07-12 15:01:04] INFO: 🔁 refreshToken cookie set eyJhbGciOiJIUzI1NiIsInR5cCI6IkpXVCJ9.eyJpZCI6MSwiZW1haWwiOiJockBnbWFpbC5jb20iLCJpYXQiOjE3NTIzMTI2NjQsImV4cCI6MTc1MjkxNzQ2NH0.U-FaNi_FITzaOq7a3w_itd1bpweiv0n3pij5l_jmdaw
[2025-07-12 15:01:04] INFO: 🌐 Headers Sent: {
  "x-powered-by": "Express",
  "access-control-allow-origin": "http://localhost:3000",
  "vary": "Origin",
  "access-control-allow-credentials": "true",
  "set-cookie": "refreshToken=eyJhbGciOiJIUzI1NiIsInR5cCI6IkpXVCJ9.eyJpZCI6MSwiZW1haWwiOiJockBnbWFpbC5jb20iLCJpYXQiOjE3NTIzMTI2NjQsImV4cCI6MTc1MjkxNzQ2NH0.U-FaNi_FITzaOq7a3w_itd1bpweiv0n3pij5l_jmdaw; Max-Age=604800; Path=/api/auth; Expires=Sat, 19 Jul 2025 09:31:04 GMT; HttpOnly; SameSite=Lax"
}
[2025-07-12 15:02:04] INFO: inside getAllCandidates Controller
[2025-07-12 15:02:45] INFO: inside getAllCandidates Controller
[2025-07-12 15:02:57] INFO: inside getAllCandidates Controller
[2025-07-12 15:03:59] INFO:  inside logout() BEFORE clear cookie  eyJhbGciOiJIUzI1NiIsInR5cCI6IkpXVCJ9.eyJpZCI6MSwiZW1haWwiOiJockBnbWFpbC5jb20iLCJpYXQiOjE3NTIzMTI2NjQsImV4cCI6MTc1MjkxNzQ2NH0.U-FaNi_FITzaOq7a3w_itd1bpweiv0n3pij5l_jmdaw
[2025-07-12 15:03:59] INFO:  inside logout() AFTER clear cookie  eyJhbGciOiJIUzI1NiIsInR5cCI6IkpXVCJ9.eyJpZCI6MSwiZW1haWwiOiJockBnbWFpbC5jb20iLCJpYXQiOjE3NTIzMTI2NjQsImV4cCI6MTc1MjkxNzQ2NH0.U-FaNi_FITzaOq7a3w_itd1bpweiv0n3pij5l_jmdaw
