[2025-07-22 09:34:06] INFO: inside getClassrooms Controller
[2025-07-22 09:34:10] INFO: inside getClassrooms Controller
[2025-07-22 09:35:14] INFO: inside getClassrooms Controller
[2025-07-22 09:36:05] INFO: inside getClassrooms Controller
[2025-07-22 09:36:39] INFO: inside createClassRoom Controller
[2025-07-22 09:36:45] INFO: inside getClassrooms Controller
[2025-07-22 09:36:58] INFO: inside getClassrooms Controller
[2025-07-22 09:39:01] INFO: inside getClassrooms Controller
[2025-07-22 09:41:00] INFO: inside createClassRoom Controller
[2025-07-22 09:41:14] INFO: inside getClassrooms Controller
[2025-07-22 09:51:41] INFO: inside getClassrooms Controller
[2025-07-22 10:06:12] INFO: inside getClassrooms Controller
[2025-07-22 10:06:12] ERROR: Error fetching classrooms: result is not defined
[2025-07-22 10:06:33] INFO: inside getClassrooms Controller
[2025-07-22 10:06:33] ERROR: Error fetching classrooms: result is not defined
[2025-07-22 10:07:21] INFO: inside getClassrooms Controller
[2025-07-22 10:09:20] INFO: inside getClassrooms Controller
[2025-07-22 10:09:20] INFO: inside getClassrooms Controller
[2025-07-22 10:09:21] INFO: inside getClassrooms Controller
[2025-07-22 10:09:21] INFO: inside getClassrooms Controller
[2025-07-22 10:09:48] INFO: inside getClassrooms Controller
[2025-07-22 10:09:53] INFO: inside getClassrooms Controller
[2025-07-22 10:09:56] INFO: inside getClassrooms Controller
[2025-07-22 10:10:00] INFO: inside getClassrooms Controller
[2025-07-22 10:13:18] INFO: inside getClassrooms Controller
[2025-07-22 10:13:48] INFO: inside getClassrooms Controller
[2025-07-22 10:17:16] INFO: inside getClassrooms Controller
[2025-07-22 10:17:57] INFO: inside getClassrooms Controller
[2025-07-22 10:19:37] INFO: inside getClassrooms Controller
[2025-07-22 10:20:58] INFO: inside getClassrooms Controller
[2025-07-22 10:21:01] INFO: inside getClassrooms Controller
[2025-07-22 10:21:07] INFO: inside getClassrooms Controller
[2025-07-22 10:22:19] INFO: inside getClassrooms Controller
[2025-07-22 10:22:19] INFO: inside getClassrooms Controller
[2025-07-22 10:22:51] INFO: inside getClassrooms Controller
[2025-07-22 10:22:51] INFO: inside getClassrooms Controller
[2025-07-22 10:22:55] INFO: inside getClassrooms Controller
[2025-07-22 10:23:06] INFO: inside getClassrooms Controller
[2025-07-22 10:23:08] INFO: inside getClassrooms Controller
[2025-07-22 10:23:12] INFO: inside getClassrooms Controller
[2025-07-22 10:23:17] INFO: inside getClassrooms Controller
[2025-07-22 10:24:58] INFO: inside getClassrooms Controller
[2025-07-22 10:27:31] INFO: inside getClassrooms Controller
[2025-07-22 10:28:59] INFO: inside getClassrooms Controller
[2025-07-22 10:29:05] INFO: inside getClassrooms Controller
[2025-07-22 10:30:44] INFO: inside getClassrooms Controller
[2025-07-22 10:33:39] INFO: inside getClassrooms Controller
[2025-07-22 10:33:47] INFO: inside getClassrooms Controller
[2025-07-22 10:33:49] INFO: inside getClassrooms Controller
[2025-07-22 10:34:11] INFO: inside getClassrooms Controller
[2025-07-22 10:35:20] INFO: inside getClassrooms Controller
[2025-07-22 10:35:21] INFO: inside getClassrooms Controller
[2025-07-22 10:35:21] INFO: inside getClassrooms Controller
[2025-07-22 10:35:22] INFO: inside getClassrooms Controller
[2025-07-22 10:37:20] INFO: inside getClassrooms Controller
[2025-07-22 10:37:20] ERROR: Error fetching classrooms: connect EHOSTUNREACH 13.203.61.121:5432
[2025-07-22 10:37:20] INFO: inside getClassrooms Controller
[2025-07-22 10:37:20] ERROR: Error fetching classrooms: connect EHOSTUNREACH 13.203.61.121:5432
[2025-07-22 10:37:20] INFO: inside getClassrooms Controller
[2025-07-22 10:37:20] ERROR: Error fetching classrooms: connect EHOSTUNREACH 13.203.61.121:5432
[2025-07-22 10:37:21] INFO: inside getClassrooms Controller
[2025-07-22 10:37:21] ERROR: Error fetching classrooms: connect EHOSTUNREACH 13.203.61.121:5432
[2025-07-22 10:37:21] INFO: inside getClassrooms Controller
[2025-07-22 10:37:21] ERROR: Error fetching classrooms: connect EHOSTUNREACH 13.203.61.121:5432
[2025-07-22 10:41:37] INFO: inside getClassrooms Controller
[2025-07-22 10:41:37] INFO: inside getClassrooms Controller
[2025-07-22 10:42:56] INFO: inside getClassrooms Controller
[2025-07-22 10:43:14] INFO: inside getClassrooms Controller
[2025-07-22 10:43:32] INFO: inside createClassRoom Controller
[2025-07-22 10:43:43] INFO: inside getClassrooms Controller
[2025-07-22 10:46:47] INFO: inside getClassrooms Controller
[2025-07-22 10:48:14] INFO: inside getClassrooms Controller
[2025-07-22 10:48:18] INFO: inside getClassrooms Controller
[2025-07-22 10:48:24] INFO: inside getClassrooms Controller
[2025-07-22 10:48:24] INFO: inside getClassrooms Controller
[2025-07-22 10:48:27] INFO: inside getClassrooms Controller
[2025-07-22 10:48:27] INFO: inside getClassrooms Controller
[2025-07-22 10:48:29] INFO: inside getClassrooms Controller
[2025-07-22 10:48:29] INFO: inside getClassrooms Controller
[2025-07-22 10:48:31] INFO: inside getClassrooms Controller
[2025-07-22 10:48:31] INFO: inside getClassrooms Controller
[2025-07-22 10:48:32] INFO: inside getClassrooms Controller
[2025-07-22 10:48:32] INFO: inside getClassrooms Controller
[2025-07-22 10:48:34] INFO: inside getClassrooms Controller
[2025-07-22 10:48:34] INFO: inside getClassrooms Controller
[2025-07-22 10:48:38] INFO: inside getClassrooms Controller
[2025-07-22 10:48:38] INFO: inside getClassrooms Controller
[2025-07-22 10:48:40] INFO: inside getClassrooms Controller
[2025-07-22 10:48:40] INFO: inside getClassrooms Controller
[2025-07-22 10:48:41] INFO: inside getClassrooms Controller
[2025-07-22 10:48:41] INFO: inside getClassrooms Controller
[2025-07-22 10:48:42] INFO: inside getClassrooms Controller
[2025-07-22 10:48:43] INFO: inside getClassrooms Controller
[2025-07-22 10:49:17] INFO: inside getClassrooms Controller
[2025-07-22 10:49:17] INFO: inside getClassrooms Controller
[2025-07-22 10:49:26] INFO: inside getClassrooms Controller
[2025-07-22 10:49:26] INFO: inside getClassrooms Controller
[2025-07-22 10:49:28] INFO: inside getClassrooms Controller
[2025-07-22 10:49:28] INFO: inside getClassrooms Controller
[2025-07-22 10:49:33] INFO: inside getClassrooms Controller
[2025-07-22 10:49:33] INFO: inside getClassrooms Controller
[2025-07-22 10:49:55] INFO: inside getClassrooms Controller
[2025-07-22 10:52:22] INFO: inside getClassrooms Controller
[2025-07-22 10:52:22] INFO: inside getClassrooms Controller
[2025-07-22 10:52:33] INFO: inside getClassrooms Controller
[2025-07-22 10:52:33] INFO: inside getClassrooms Controller
[2025-07-22 10:57:28] INFO: inside getClassrooms Controller
[2025-07-22 10:57:31] INFO: inside getClassrooms Controller
[2025-07-22 10:57:31] INFO: inside getClassrooms Controller
[2025-07-22 10:57:34] INFO: inside getClassrooms Controller
[2025-07-22 10:57:34] INFO: inside getClassrooms Controller
[2025-07-22 10:57:37] INFO: inside getClassrooms Controller
[2025-07-22 10:57:37] INFO: inside getClassrooms Controller
[2025-07-22 10:57:39] INFO: inside getClassrooms Controller
[2025-07-22 10:57:39] INFO: inside getClassrooms Controller
[2025-07-22 10:57:40] INFO: inside getClassrooms Controller
[2025-07-22 10:57:40] INFO: inside getClassrooms Controller
[2025-07-22 10:57:49] INFO: inside getClassrooms Controller
[2025-07-22 10:57:54] INFO: inside getClassrooms Controller
[2025-07-22 10:58:14] INFO: inside createClassRoom Controller
[2025-07-22 10:58:14] INFO: inside getClassrooms Controller
[2025-07-22 10:58:30] INFO: inside getClassrooms Controller
[2025-07-22 10:58:58] INFO: inside createClassRoom Controller
[2025-07-22 10:58:58] INFO: inside getClassrooms Controller
[2025-07-22 10:59:15] INFO: inside getClassrooms Controller
[2025-07-22 10:59:20] INFO: inside getClassrooms Controller
[2025-07-22 10:59:28] INFO: inside getClassrooms Controller
[2025-07-22 10:59:28] INFO: inside getClassrooms Controller
[2025-07-22 10:59:31] INFO: inside getClassrooms Controller
[2025-07-22 10:59:31] INFO: inside getClassrooms Controller
[2025-07-22 11:00:37] INFO: inside getClassrooms Controller
[2025-07-22 11:00:47] INFO: inside getClassrooms Controller
[2025-07-22 11:00:53] INFO: inside getClassrooms Controller
[2025-07-22 11:00:55] INFO: inside getClassrooms Controller
[2025-07-22 11:00:55] INFO: inside getClassrooms Controller
[2025-07-22 11:01:20] INFO: inside getClassrooms Controller
[2025-07-22 11:01:20] INFO: inside getClassrooms Controller
[2025-07-22 11:01:23] INFO: inside getClassrooms Controller
[2025-07-22 11:01:26] INFO: inside getClassrooms Controller
[2025-07-22 11:01:26] INFO: inside getClassrooms Controller
[2025-07-22 11:01:27] INFO: inside getClassrooms Controller
[2025-07-22 11:01:27] INFO: inside getClassrooms Controller
[2025-07-22 11:01:29] INFO: inside getClassrooms Controller
[2025-07-22 11:01:29] INFO: inside getClassrooms Controller
[2025-07-22 11:01:31] INFO: inside getClassrooms Controller
[2025-07-22 11:01:31] INFO: inside getClassrooms Controller
[2025-07-22 11:01:34] INFO: inside getClassrooms Controller
[2025-07-22 11:01:34] INFO: inside getClassrooms Controller
[2025-07-22 11:02:13] INFO: inside getClassrooms Controller
[2025-07-22 11:02:13] ERROR: Error fetching classrooms: connect EHOSTUNREACH 13.203.61.121:5432
[2025-07-22 11:03:06] INFO: inside createClassRoom Controller
[2025-07-22 11:03:06] INFO: inside getClassrooms Controller
[2025-07-22 11:03:14] INFO: inside getClassrooms Controller
[2025-07-22 11:03:14] INFO: inside getClassrooms Controller
[2025-07-22 11:03:17] INFO: inside getClassrooms Controller
[2025-07-22 11:03:17] INFO: inside getClassrooms Controller
[2025-07-22 11:03:18] INFO: inside getClassrooms Controller
[2025-07-22 11:03:18] INFO: inside getClassrooms Controller
[2025-07-22 11:03:19] INFO: inside getClassrooms Controller
[2025-07-22 11:03:19] INFO: inside getClassrooms Controller
[2025-07-22 11:03:22] INFO: inside getClassrooms Controller
[2025-07-22 11:03:22] INFO: inside getClassrooms Controller
[2025-07-22 11:03:24] INFO: inside getClassrooms Controller
[2025-07-22 11:03:24] INFO: inside getClassrooms Controller
[2025-07-22 11:03:26] INFO: inside getClassrooms Controller
[2025-07-22 11:03:26] INFO: inside getClassrooms Controller
[2025-07-22 11:03:27] INFO: inside getClassrooms Controller
[2025-07-22 11:03:29] INFO: inside getClassrooms Controller
[2025-07-22 11:03:49] ERROR: Error fetching classrooms: Connection terminated unexpectedly
[2025-07-22 11:03:49] INFO: inside getClassrooms Controller
[2025-07-22 11:03:49] INFO: inside getClassrooms Controller
[2025-07-22 11:03:49] INFO: inside getClassrooms Controller
[2025-07-22 11:03:50] ERROR: Error fetching classrooms: connect ETIMEDOUT 13.203.61.121:5432
[2025-07-22 11:03:50] INFO: inside getClassrooms Controller
[2025-07-22 11:03:50] INFO: inside getClassrooms Controller
[2025-07-22 11:03:50] INFO: inside getClassrooms Controller
[2025-07-22 11:03:52] INFO: inside getClassrooms Controller
[2025-07-22 11:03:52] INFO: inside getClassrooms Controller
[2025-07-22 11:03:54] INFO: inside getClassrooms Controller
[2025-07-22 11:03:55] INFO: inside getClassrooms Controller
[2025-07-22 11:03:57] INFO: inside getClassrooms Controller
[2025-07-22 11:03:57] INFO: inside getClassrooms Controller
[2025-07-22 11:04:02] INFO: inside getClassrooms Controller
[2025-07-22 11:04:11] INFO: inside getClassrooms Controller
[2025-07-22 11:04:11] INFO: inside getClassrooms Controller
[2025-07-22 11:04:12] INFO: inside getClassrooms Controller
[2025-07-22 11:04:12] INFO: inside getClassrooms Controller
[2025-07-22 11:05:02] INFO: inside getClassrooms Controller
[2025-07-22 11:05:04] INFO: inside getClassrooms Controller
[2025-07-22 11:05:04] INFO: inside getClassrooms Controller
[2025-07-22 11:05:07] INFO: inside getClassrooms Controller
[2025-07-22 11:05:07] INFO: inside getClassrooms Controller
[2025-07-22 11:05:11] INFO: inside getClassrooms Controller
[2025-07-22 11:05:11] INFO: inside getClassrooms Controller
[2025-07-22 11:05:18] INFO: inside getClassrooms Controller
[2025-07-22 11:05:19] INFO: inside getClassrooms Controller
[2025-07-22 11:05:21] INFO: inside getClassrooms Controller
[2025-07-22 11:05:21] INFO: inside getClassrooms Controller
[2025-07-22 11:05:23] INFO: inside getClassrooms Controller
[2025-07-22 11:05:23] INFO: inside getClassrooms Controller
[2025-07-22 11:05:28] INFO: inside getClassrooms Controller
[2025-07-22 11:05:28] INFO: inside getClassrooms Controller
[2025-07-22 11:05:30] INFO: inside getClassrooms Controller
[2025-07-22 11:05:30] INFO: inside getClassrooms Controller
[2025-07-22 11:05:32] INFO: inside getClassrooms Controller
[2025-07-22 11:05:32] INFO: inside getClassrooms Controller
[2025-07-22 11:05:39] INFO: inside getClassrooms Controller
[2025-07-22 11:05:40] INFO: inside getClassrooms Controller
[2025-07-22 11:05:48] INFO: inside getClassrooms Controller
[2025-07-22 11:05:50] INFO: inside getClassrooms Controller
[2025-07-22 11:05:50] INFO: inside getClassrooms Controller
[2025-07-22 11:05:51] INFO: inside getClassrooms Controller
[2025-07-22 11:06:05] INFO: inside getClassrooms Controller
[2025-07-22 11:06:05] INFO: inside getClassrooms Controller
[2025-07-22 11:06:21] INFO: inside getClassrooms Controller
[2025-07-22 11:06:22] INFO: inside getClassrooms Controller
[2025-07-22 11:06:27] INFO: inside getClassrooms Controller
[2025-07-22 11:06:27] INFO: inside getClassrooms Controller
[2025-07-22 11:06:37] INFO: inside getClassrooms Controller
[2025-07-22 11:09:10] INFO: inside getClassrooms Controller
[2025-07-22 11:09:54] INFO: inside getClassrooms Controller
[2025-07-22 11:09:56] INFO: inside getClassrooms Controller
[2025-07-22 11:09:57] INFO: inside getClassrooms Controller
[2025-07-22 11:09:58] INFO: inside getClassrooms Controller
[2025-07-22 11:10:01] INFO: inside getClassrooms Controller
[2025-07-22 11:10:01] INFO: inside getClassrooms Controller
[2025-07-22 11:10:04] INFO: inside getClassrooms Controller
[2025-07-22 11:14:24] INFO: inside getClassrooms Controller
[2025-07-22 11:14:24] INFO: inside getClassrooms Controller
[2025-07-22 11:14:24] INFO: inside getClassrooms Controller
[2025-07-22 11:14:24] INFO: inside getClassrooms Controller
[2025-07-22 11:14:24] INFO: inside getClassrooms Controller
[2025-07-22 11:14:24] INFO: inside getClassrooms Controller
[2025-07-22 11:14:24] INFO: inside getClassrooms Controller
[2025-07-22 11:14:24] INFO: inside getClassrooms Controller
[2025-07-22 11:14:24] INFO: inside getClassrooms Controller
[2025-07-22 11:14:24] INFO: inside getClassrooms Controller
[2025-07-22 11:14:25] INFO: inside getClassrooms Controller
[2025-07-22 11:14:25] INFO: inside getClassrooms Controller
[2025-07-22 11:14:25] INFO: inside getClassrooms Controller
[2025-07-22 11:14:32] INFO: inside getClassrooms Controller
[2025-07-22 11:14:32] INFO: inside getClassrooms Controller
[2025-07-22 11:14:36] INFO: inside getClassrooms Controller
[2025-07-22 11:14:36] INFO: inside getClassrooms Controller
[2025-07-22 11:14:41] INFO: inside getClassrooms Controller
[2025-07-22 11:14:41] INFO: inside getClassrooms Controller
[2025-07-22 11:14:44] INFO: inside getClassrooms Controller
[2025-07-22 11:14:44] INFO: inside getClassrooms Controller
[2025-07-22 11:14:45] INFO: inside getClassrooms Controller
[2025-07-22 11:14:45] INFO: inside getClassrooms Controller
[2025-07-22 11:14:47] INFO: inside getClassrooms Controller
[2025-07-22 11:14:47] INFO: inside getClassrooms Controller
[2025-07-22 11:14:50] INFO: inside getClassrooms Controller
[2025-07-22 11:14:50] INFO: inside getClassrooms Controller
[2025-07-22 11:14:52] INFO: inside getClassrooms Controller
[2025-07-22 11:14:52] INFO: inside getClassrooms Controller
[2025-07-22 11:14:54] INFO: inside getClassrooms Controller
[2025-07-22 11:15:08] INFO: inside getClassrooms Controller
[2025-07-22 11:15:12] INFO: inside getClassrooms Controller
[2025-07-22 11:15:50] INFO: inside getClassrooms Controller
[2025-07-22 11:15:58] INFO: inside getClassrooms Controller
[2025-07-22 11:16:12] INFO: inside getClassrooms Controller
[2025-07-22 11:16:12] INFO: inside getClassrooms Controller
[2025-07-22 11:16:12] INFO: inside getClassrooms Controller
[2025-07-22 11:16:12] INFO: inside getClassrooms Controller
[2025-07-22 11:16:12] INFO: inside getClassrooms Controller
[2025-07-22 11:16:13] INFO: inside getClassrooms Controller
[2025-07-22 11:16:13] INFO: inside getClassrooms Controller
[2025-07-22 11:16:13] INFO: inside getClassrooms Controller
[2025-07-22 11:16:13] INFO: inside getClassrooms Controller
[2025-07-22 11:16:13] INFO: inside getClassrooms Controller
[2025-07-22 11:16:13] INFO: inside getClassrooms Controller
[2025-07-22 11:16:13] INFO: inside getClassrooms Controller
[2025-07-22 11:16:13] INFO: inside getClassrooms Controller
[2025-07-22 11:16:13] INFO: inside getClassrooms Controller
[2025-07-22 11:16:13] INFO: inside getClassrooms Controller
[2025-07-22 11:16:13] INFO: inside getClassrooms Controller
[2025-07-22 11:16:13] INFO: inside getClassrooms Controller
[2025-07-22 11:16:13] INFO: inside getClassrooms Controller
[2025-07-22 11:16:13] INFO: inside getClassrooms Controller
[2025-07-22 11:16:13] INFO: inside getClassrooms Controller
[2025-07-22 11:16:13] INFO: inside getClassrooms Controller
[2025-07-22 11:16:13] INFO: inside getClassrooms Controller
[2025-07-22 11:16:13] INFO: inside getClassrooms Controller
[2025-07-22 11:16:13] INFO: inside getClassrooms Controller
[2025-07-22 11:16:14] INFO: inside getClassrooms Controller
[2025-07-22 11:16:14] INFO: inside getClassrooms Controller
[2025-07-22 11:16:14] INFO: inside getClassrooms Controller
[2025-07-22 11:16:14] INFO: inside getClassrooms Controller
[2025-07-22 11:16:14] INFO: inside getClassrooms Controller
[2025-07-22 11:16:14] INFO: inside getClassrooms Controller
[2025-07-22 11:16:14] INFO: inside getClassrooms Controller
[2025-07-22 11:16:14] INFO: inside getClassrooms Controller
[2025-07-22 11:16:14] INFO: inside getClassrooms Controller
[2025-07-22 11:16:14] INFO: inside getClassrooms Controller
[2025-07-22 11:16:14] INFO: inside getClassrooms Controller
[2025-07-22 11:16:14] INFO: inside getClassrooms Controller
[2025-07-22 11:16:14] INFO: inside getClassrooms Controller
[2025-07-22 11:16:14] INFO: inside getClassrooms Controller
[2025-07-22 11:16:14] INFO: inside getClassrooms Controller
[2025-07-22 11:16:14] INFO: inside getClassrooms Controller
[2025-07-22 11:16:14] INFO: inside getClassrooms Controller
[2025-07-22 11:16:14] INFO: inside getClassrooms Controller
[2025-07-22 11:16:14] INFO: inside getClassrooms Controller
[2025-07-22 11:16:14] INFO: inside getClassrooms Controller
[2025-07-22 11:16:15] INFO: inside getClassrooms Controller
[2025-07-22 11:16:15] INFO: inside getClassrooms Controller
[2025-07-22 11:16:15] INFO: inside getClassrooms Controller
[2025-07-22 11:16:15] INFO: inside getClassrooms Controller
[2025-07-22 11:16:15] INFO: inside getClassrooms Controller
[2025-07-22 11:16:15] INFO: inside getClassrooms Controller
[2025-07-22 11:16:15] INFO: inside getClassrooms Controller
[2025-07-22 11:16:15] INFO: inside getClassrooms Controller
[2025-07-22 11:16:15] INFO: inside getClassrooms Controller
[2025-07-22 11:16:15] INFO: inside getClassrooms Controller
[2025-07-22 11:16:15] INFO: inside getClassrooms Controller
[2025-07-22 11:16:15] INFO: inside getClassrooms Controller
[2025-07-22 11:16:15] INFO: inside getClassrooms Controller
[2025-07-22 11:16:15] INFO: inside getClassrooms Controller
[2025-07-22 11:16:15] INFO: inside getClassrooms Controller
[2025-07-22 11:16:15] INFO: inside getClassrooms Controller
[2025-07-22 11:16:15] INFO: inside getClassrooms Controller
[2025-07-22 11:16:15] INFO: inside getClassrooms Controller
[2025-07-22 11:16:15] INFO: inside getClassrooms Controller
[2025-07-22 11:16:15] INFO: inside getClassrooms Controller
[2025-07-22 11:16:15] INFO: inside getClassrooms Controller
[2025-07-22 11:16:16] INFO: inside getClassrooms Controller
[2025-07-22 11:16:16] INFO: inside getClassrooms Controller
[2025-07-22 11:16:18] INFO: inside getClassrooms Controller
[2025-07-22 11:16:19] INFO: inside getClassrooms Controller
[2025-07-22 11:16:49] INFO: inside getClassrooms Controller
[2025-07-22 11:16:50] INFO: inside getClassrooms Controller
[2025-07-22 11:16:52] INFO: inside getClassrooms Controller
[2025-07-22 11:16:53] INFO: inside getClassrooms Controller
[2025-07-22 11:16:54] INFO: inside getClassrooms Controller
[2025-07-22 11:16:54] INFO: inside getClassrooms Controller
[2025-07-22 11:16:55] INFO: inside getClassrooms Controller
[2025-07-22 11:16:55] INFO: inside getClassrooms Controller
[2025-07-22 11:16:59] INFO: inside getClassrooms Controller
[2025-07-22 11:16:59] INFO: inside getClassrooms Controller
[2025-07-22 11:17:00] INFO: inside getClassrooms Controller
[2025-07-22 11:17:00] INFO: inside getClassrooms Controller
[2025-07-22 11:17:02] INFO: inside getClassrooms Controller
[2025-07-22 11:17:02] INFO: inside getClassrooms Controller
[2025-07-22 11:20:51] INFO: inside getClassrooms Controller
[2025-07-22 11:20:56] INFO: inside getClassrooms Controller
[2025-07-22 11:20:56] INFO: inside getClassrooms Controller
[2025-07-22 11:20:57] INFO: inside getClassrooms Controller
[2025-07-22 11:20:58] INFO: inside getClassrooms Controller
[2025-07-22 11:21:00] INFO: inside getClassrooms Controller
[2025-07-22 11:21:00] INFO: inside getClassrooms Controller
[2025-07-22 11:21:01] INFO: inside getClassrooms Controller
[2025-07-22 11:21:01] INFO: inside getClassrooms Controller
[2025-07-22 11:21:03] INFO: inside getClassrooms Controller
[2025-07-22 11:21:19] INFO: inside getClassrooms Controller
[2025-07-22 11:21:51] INFO: inside getClassrooms Controller
[2025-07-22 11:21:51] INFO: inside getClassrooms Controller
[2025-07-22 11:21:54] INFO: inside getClassrooms Controller
[2025-07-22 11:21:54] INFO: inside getClassrooms Controller
[2025-07-22 11:21:56] INFO: inside getClassrooms Controller
[2025-07-22 11:21:56] INFO: inside getClassrooms Controller
[2025-07-22 11:22:24] INFO: inside getClassrooms Controller
[2025-07-22 11:22:24] INFO: inside getClassrooms Controller
[2025-07-22 11:22:31] INFO: inside getClassrooms Controller
[2025-07-22 11:22:31] INFO: inside getClassrooms Controller
[2025-07-22 11:22:33] INFO: inside getClassrooms Controller
[2025-07-22 11:22:34] INFO: inside getClassrooms Controller
[2025-07-22 11:22:36] INFO: inside getClassrooms Controller
[2025-07-22 11:22:36] INFO: inside getClassrooms Controller
[2025-07-22 11:22:40] INFO: inside getClassrooms Controller
[2025-07-22 11:22:40] INFO: inside getClassrooms Controller
[2025-07-22 11:22:49] INFO: inside getClassrooms Controller
[2025-07-22 11:22:52] INFO: inside getClassrooms Controller
[2025-07-22 11:22:52] INFO: inside getClassrooms Controller
[2025-07-22 11:22:54] INFO: inside getClassrooms Controller
[2025-07-22 11:22:54] INFO: inside getClassrooms Controller
[2025-07-22 11:24:16] INFO: inside getClassrooms Controller
[2025-07-22 11:24:16] INFO: inside getClassrooms Controller
[2025-07-22 11:24:20] INFO: inside getClassrooms Controller
[2025-07-22 11:24:20] INFO: inside getClassrooms Controller
[2025-07-22 11:24:22] INFO: inside getClassrooms Controller
[2025-07-22 11:24:31] INFO: inside getClassrooms Controller
[2025-07-22 11:24:31] INFO: inside getClassrooms Controller
[2025-07-22 11:24:31] INFO: inside getClassrooms Controller
[2025-07-22 11:24:32] INFO: inside getClassrooms Controller
[2025-07-22 11:24:32] INFO: inside getClassrooms Controller
[2025-07-22 11:24:34] INFO: inside getClassrooms Controller
[2025-07-22 11:24:34] INFO: inside getClassrooms Controller
[2025-07-22 11:24:34] INFO: inside getClassrooms Controller
[2025-07-22 11:24:38] INFO: inside getClassrooms Controller
[2025-07-22 11:24:38] INFO: inside getClassrooms Controller
[2025-07-22 11:24:41] INFO: inside getClassrooms Controller
[2025-07-22 11:24:41] INFO: inside getClassrooms Controller
[2025-07-22 11:24:42] INFO: inside getClassrooms Controller
[2025-07-22 11:25:22] INFO: inside getClassrooms Controller
[2025-07-22 11:25:23] INFO: inside getClassrooms Controller
[2025-07-22 11:26:29] INFO: inside getClassrooms Controller
[2025-07-22 11:26:29] INFO: inside getClassrooms Controller
[2025-07-22 11:26:32] INFO: inside getClassrooms Controller
[2025-07-22 11:26:32] INFO: inside getClassrooms Controller
[2025-07-22 11:26:34] INFO: inside getClassrooms Controller
[2025-07-22 11:27:05] INFO: inside getClassrooms Controller
[2025-07-22 11:27:05] INFO: inside getClassrooms Controller
[2025-07-22 11:27:07] INFO: inside getClassrooms Controller
[2025-07-22 11:27:07] INFO: inside getClassrooms Controller
[2025-07-22 11:27:09] INFO: inside getClassrooms Controller
[2025-07-22 11:27:38] INFO: inside getClassrooms Controller
[2025-07-22 11:27:38] INFO: inside getClassrooms Controller
[2025-07-22 11:27:38] INFO: inside getClassrooms Controller
[2025-07-22 11:27:38] INFO: inside getClassrooms Controller
[2025-07-22 11:27:38] INFO: inside getClassrooms Controller
[2025-07-22 11:27:38] INFO: inside getClassrooms Controller
[2025-07-22 11:27:38] INFO: inside getClassrooms Controller
[2025-07-22 11:27:38] INFO: inside getClassrooms Controller
[2025-07-22 11:27:38] INFO: inside getClassrooms Controller
[2025-07-22 11:27:39] INFO: inside getClassrooms Controller
[2025-07-22 11:27:39] INFO: inside getClassrooms Controller
[2025-07-22 11:27:39] INFO: inside getClassrooms Controller
[2025-07-22 11:27:40] INFO: inside getClassrooms Controller
[2025-07-22 11:27:42] INFO: inside getClassrooms Controller
[2025-07-22 11:27:42] INFO: inside getClassrooms Controller
[2025-07-22 11:27:42] INFO: inside getClassrooms Controller
[2025-07-22 11:27:47] INFO: inside getClassrooms Controller
[2025-07-22 11:27:47] INFO: inside getClassrooms Controller
[2025-07-22 11:27:47] INFO: inside getClassrooms Controller
[2025-07-22 11:27:50] INFO: inside getClassrooms Controller
[2025-07-22 11:27:50] INFO: inside getClassrooms Controller
[2025-07-22 11:27:50] INFO: inside getClassrooms Controller
[2025-07-22 11:27:52] INFO: inside getClassrooms Controller
[2025-07-22 11:27:52] INFO: inside getClassrooms Controller
[2025-07-22 11:27:52] INFO: inside getClassrooms Controller
[2025-07-22 11:27:54] INFO: inside getClassrooms Controller
[2025-07-22 11:27:54] INFO: inside getClassrooms Controller
[2025-07-22 11:27:54] INFO: inside getClassrooms Controller
[2025-07-22 11:27:58] INFO: inside getClassrooms Controller
[2025-07-22 11:27:58] INFO: inside getClassrooms Controller
[2025-07-22 11:28:02] INFO: inside getClassrooms Controller
[2025-07-22 11:28:02] INFO: inside getClassrooms Controller
[2025-07-22 11:28:04] INFO: inside getClassrooms Controller
[2025-07-22 11:28:13] INFO: inside getClassrooms Controller
[2025-07-22 11:28:13] INFO: inside getClassrooms Controller
[2025-07-22 11:28:13] INFO: inside getClassrooms Controller
[2025-07-22 11:28:13] INFO: inside getClassrooms Controller
[2025-07-22 11:28:15] INFO: inside getClassrooms Controller
[2025-07-22 11:28:15] INFO: inside getClassrooms Controller
[2025-07-22 11:28:16] INFO: inside getClassrooms Controller
[2025-07-22 11:28:30] INFO: inside getClassrooms Controller
[2025-07-22 11:28:30] INFO: inside getClassrooms Controller
[2025-07-22 11:28:30] INFO: inside getClassrooms Controller
[2025-07-22 11:28:30] INFO: inside getClassrooms Controller
[2025-07-22 11:28:31] INFO: inside getClassrooms Controller
[2025-07-22 11:28:31] INFO: inside getClassrooms Controller
[2025-07-22 11:28:31] INFO: inside getClassrooms Controller
[2025-07-22 11:28:31] INFO: inside getClassrooms Controller
[2025-07-22 11:28:31] INFO: inside getClassrooms Controller
[2025-07-22 11:28:31] INFO: inside getClassrooms Controller
[2025-07-22 11:28:31] INFO: inside getClassrooms Controller
[2025-07-22 11:28:31] INFO: inside getClassrooms Controller
[2025-07-22 11:28:31] INFO: inside getClassrooms Controller
[2025-07-22 11:28:31] INFO: inside getClassrooms Controller
[2025-07-22 11:28:31] INFO: inside getClassrooms Controller
[2025-07-22 11:28:31] INFO: inside getClassrooms Controller
[2025-07-22 11:28:31] INFO: inside getClassrooms Controller
[2025-07-22 11:28:31] INFO: inside getClassrooms Controller
[2025-07-22 11:28:31] INFO: inside getClassrooms Controller
[2025-07-22 11:28:31] INFO: inside getClassrooms Controller
[2025-07-22 11:28:31] INFO: inside getClassrooms Controller
[2025-07-22 11:28:31] INFO: inside getClassrooms Controller
[2025-07-22 11:28:31] INFO: inside getClassrooms Controller
[2025-07-22 11:28:31] INFO: inside getClassrooms Controller
[2025-07-22 11:28:31] INFO: inside getClassrooms Controller
[2025-07-22 11:28:32] INFO: inside getClassrooms Controller
[2025-07-22 11:28:32] INFO: inside getClassrooms Controller
[2025-07-22 11:28:32] INFO: inside getClassrooms Controller
[2025-07-22 11:28:32] INFO: inside getClassrooms Controller
[2025-07-22 11:28:32] INFO: inside getClassrooms Controller
[2025-07-22 11:28:32] INFO: inside getClassrooms Controller
[2025-07-22 11:28:32] INFO: inside getClassrooms Controller
[2025-07-22 11:28:32] INFO: inside getClassrooms Controller
[2025-07-22 11:28:32] INFO: inside getClassrooms Controller
[2025-07-22 11:28:32] INFO: inside getClassrooms Controller
[2025-07-22 11:28:32] INFO: inside getClassrooms Controller
[2025-07-22 11:28:32] INFO: inside getClassrooms Controller
[2025-07-22 11:28:32] INFO: inside getClassrooms Controller
[2025-07-22 11:28:32] INFO: inside getClassrooms Controller
[2025-07-22 11:28:32] INFO: inside getClassrooms Controller
[2025-07-22 11:28:32] INFO: inside getClassrooms Controller
[2025-07-22 11:28:32] INFO: inside getClassrooms Controller
[2025-07-22 11:28:32] INFO: inside getClassrooms Controller
[2025-07-22 11:28:32] INFO: inside getClassrooms Controller
[2025-07-22 11:28:32] INFO: inside getClassrooms Controller
[2025-07-22 11:28:32] INFO: inside getClassrooms Controller
[2025-07-22 11:28:32] INFO: inside getClassrooms Controller
[2025-07-22 11:28:32] INFO: inside getClassrooms Controller
[2025-07-22 11:28:33] INFO: inside getClassrooms Controller
[2025-07-22 11:28:33] INFO: inside getClassrooms Controller
[2025-07-22 11:28:33] INFO: inside getClassrooms Controller
[2025-07-22 11:28:33] INFO: inside getClassrooms Controller
[2025-07-22 11:28:33] INFO: inside getClassrooms Controller
[2025-07-22 11:28:33] INFO: inside getClassrooms Controller
[2025-07-22 11:28:33] INFO: inside getClassrooms Controller
[2025-07-22 11:28:33] INFO: inside getClassrooms Controller
[2025-07-22 11:28:33] INFO: inside getClassrooms Controller
[2025-07-22 11:28:33] INFO: inside getClassrooms Controller
[2025-07-22 11:28:33] INFO: inside getClassrooms Controller
[2025-07-22 11:28:33] INFO: inside getClassrooms Controller
[2025-07-22 11:28:33] INFO: inside getClassrooms Controller
[2025-07-22 11:28:33] INFO: inside getClassrooms Controller
[2025-07-22 11:28:33] INFO: inside getClassrooms Controller
[2025-07-22 11:28:33] INFO: inside getClassrooms Controller
[2025-07-22 11:28:33] INFO: inside getClassrooms Controller
[2025-07-22 11:28:33] INFO: inside getClassrooms Controller
[2025-07-22 11:28:33] INFO: inside getClassrooms Controller
[2025-07-22 11:28:33] INFO: inside getClassrooms Controller
[2025-07-22 11:28:33] INFO: inside getClassrooms Controller
[2025-07-22 11:28:33] INFO: inside getClassrooms Controller
[2025-07-22 11:28:33] INFO: inside getClassrooms Controller
[2025-07-22 11:28:33] INFO: inside getClassrooms Controller
[2025-07-22 11:28:34] INFO: inside getClassrooms Controller
[2025-07-22 11:28:34] INFO: inside getClassrooms Controller
[2025-07-22 11:28:34] INFO: inside getClassrooms Controller
[2025-07-22 11:28:34] INFO: inside getClassrooms Controller
[2025-07-22 11:28:34] INFO: inside getClassrooms Controller
[2025-07-22 11:28:34] INFO: inside getClassrooms Controller
[2025-07-22 11:28:34] INFO: inside getClassrooms Controller
[2025-07-22 11:28:34] INFO: inside getClassrooms Controller
[2025-07-22 11:28:34] INFO: inside getClassrooms Controller
[2025-07-22 11:28:34] INFO: inside getClassrooms Controller
[2025-07-22 11:28:34] INFO: inside getClassrooms Controller
[2025-07-22 11:28:34] INFO: inside getClassrooms Controller
[2025-07-22 11:28:34] INFO: inside getClassrooms Controller
[2025-07-22 11:28:34] INFO: inside getClassrooms Controller
[2025-07-22 11:28:34] INFO: inside getClassrooms Controller
[2025-07-22 11:28:34] INFO: inside getClassrooms Controller
[2025-07-22 11:28:34] INFO: inside getClassrooms Controller
[2025-07-22 11:28:34] INFO: inside getClassrooms Controller
[2025-07-22 11:28:34] INFO: inside getClassrooms Controller
[2025-07-22 11:28:34] INFO: inside getClassrooms Controller
[2025-07-22 11:28:34] INFO: inside getClassrooms Controller
[2025-07-22 11:28:34] INFO: inside getClassrooms Controller
[2025-07-22 11:28:35] INFO: inside getClassrooms Controller
[2025-07-22 11:28:35] INFO: inside getClassrooms Controller
[2025-07-22 11:28:35] INFO: inside getClassrooms Controller
[2025-07-22 11:28:35] INFO: inside getClassrooms Controller
[2025-07-22 11:28:35] INFO: inside getClassrooms Controller
[2025-07-22 11:28:35] INFO: inside getClassrooms Controller
[2025-07-22 11:28:35] INFO: inside getClassrooms Controller
[2025-07-22 11:28:35] INFO: inside getClassrooms Controller
[2025-07-22 11:28:35] INFO: inside getClassrooms Controller
[2025-07-22 11:28:35] INFO: inside getClassrooms Controller
[2025-07-22 11:28:35] INFO: inside getClassrooms Controller
[2025-07-22 11:28:35] INFO: inside getClassrooms Controller
[2025-07-22 11:28:35] INFO: inside getClassrooms Controller
[2025-07-22 11:28:35] INFO: inside getClassrooms Controller
[2025-07-22 11:28:35] INFO: inside getClassrooms Controller
[2025-07-22 11:28:35] INFO: inside getClassrooms Controller
[2025-07-22 11:28:35] INFO: inside getClassrooms Controller
[2025-07-22 11:28:35] INFO: inside getClassrooms Controller
[2025-07-22 11:28:35] INFO: inside getClassrooms Controller
[2025-07-22 11:28:35] INFO: inside getClassrooms Controller
[2025-07-22 11:28:35] INFO: inside getClassrooms Controller
[2025-07-22 11:28:35] INFO: inside getClassrooms Controller
[2025-07-22 11:28:35] INFO: inside getClassrooms Controller
[2025-07-22 11:28:35] INFO: inside getClassrooms Controller
[2025-07-22 11:28:36] INFO: inside getClassrooms Controller
[2025-07-22 11:28:36] INFO: inside getClassrooms Controller
[2025-07-22 11:28:36] INFO: inside getClassrooms Controller
[2025-07-22 11:28:36] INFO: inside getClassrooms Controller
[2025-07-22 11:28:36] INFO: inside getClassrooms Controller
[2025-07-22 11:28:36] INFO: inside getClassrooms Controller
[2025-07-22 11:28:36] INFO: inside getClassrooms Controller
[2025-07-22 11:28:36] INFO: inside getClassrooms Controller
[2025-07-22 11:28:42] INFO: inside getClassrooms Controller
[2025-07-22 11:28:42] INFO: inside getClassrooms Controller
[2025-07-22 11:28:48] INFO: inside getClassrooms Controller
[2025-07-22 11:28:48] INFO: inside getClassrooms Controller
[2025-07-22 11:28:52] INFO: inside getClassrooms Controller
[2025-07-22 11:28:55] INFO: inside getClassrooms Controller
[2025-07-22 11:29:00] INFO: inside getClassrooms Controller
[2025-07-22 11:29:06] INFO: inside getClassrooms Controller
[2025-07-22 11:29:06] INFO: inside getClassrooms Controller
[2025-07-22 11:29:08] INFO: inside getClassrooms Controller
[2025-07-22 11:29:08] INFO: inside getClassrooms Controller
[2025-07-22 11:29:10] INFO: inside getClassrooms Controller
[2025-07-22 11:29:11] INFO: inside getClassrooms Controller
[2025-07-22 11:29:11] INFO: inside getClassrooms Controller
[2025-07-22 11:29:12] INFO: inside getClassrooms Controller
[2025-07-22 11:29:13] INFO: inside getClassrooms Controller
[2025-07-22 11:29:13] INFO: inside getClassrooms Controller
[2025-07-22 11:29:22] INFO: inside getClassrooms Controller
[2025-07-22 11:30:28] INFO: inside getClassrooms Controller
[2025-07-22 11:32:48] INFO: inside getClassrooms Controller
[2025-07-22 11:32:50] INFO: inside getClassrooms Controller
[2025-07-22 11:33:02] INFO: inside getClassrooms Controller
[2025-07-22 11:33:10] INFO: inside getClassrooms Controller
[2025-07-22 11:33:13] INFO: inside getClassrooms Controller
[2025-07-22 11:34:08] INFO: inside getClassrooms Controller
[2025-07-22 11:34:11] INFO: inside getClassrooms Controller
[2025-07-22 11:37:16] INFO: inside getClassrooms Controller
[2025-07-22 11:37:35] INFO: inside getClassrooms Controller
[2025-07-22 11:37:36] INFO: inside getClassrooms Controller
[2025-07-22 11:37:42] INFO: inside getClassrooms Controller
[2025-07-22 11:37:42] INFO: inside getClassrooms Controller
[2025-07-22 11:38:25] INFO: inside getClassrooms Controller
[2025-07-22 11:38:26] INFO: inside getClassrooms Controller
[2025-07-22 11:38:30] INFO: inside getClassrooms Controller
[2025-07-22 11:38:31] INFO: inside getClassrooms Controller
[2025-07-22 11:38:39] INFO: inside getClassrooms Controller
[2025-07-22 11:38:39] INFO: inside getClassrooms Controller
[2025-07-22 11:39:09] INFO: inside getClassrooms Controller
[2025-07-22 11:39:13] INFO: inside getClassrooms Controller
[2025-07-22 11:40:25] INFO: inside getClassrooms Controller
[2025-07-22 11:40:32] INFO: inside getClassrooms Controller
[2025-07-22 11:40:32] INFO: inside getClassrooms Controller
[2025-07-22 11:40:37] INFO: inside getClassrooms Controller
[2025-07-22 11:40:41] INFO: inside getClassrooms Controller
[2025-07-22 11:40:46] INFO: inside getClassrooms Controller
[2025-07-22 11:40:46] INFO: inside getClassrooms Controller
[2025-07-22 11:40:50] INFO: inside getClassrooms Controller
[2025-07-22 11:41:26] INFO: inside getClassrooms Controller
[2025-07-22 11:41:46] INFO: inside createClassRoom Controller
[2025-07-22 11:41:46] INFO: inside getClassrooms Controller
[2025-07-22 11:41:49] INFO: inside getClassrooms Controller
[2025-07-22 11:41:49] INFO: inside getClassrooms Controller
[2025-07-22 11:41:54] INFO: inside getClassrooms Controller
[2025-07-22 11:41:58] INFO: inside getClassrooms Controller
[2025-07-22 11:42:00] INFO: inside getClassrooms Controller
[2025-07-22 11:42:09] INFO: inside getClassrooms Controller
[2025-07-22 11:42:24] INFO: inside getClassrooms Controller
[2025-07-22 11:42:26] INFO: inside getClassrooms Controller
[2025-07-22 11:45:10] INFO: inside getClassrooms Controller
[2025-07-22 11:45:11] INFO: inside getClassrooms Controller
[2025-07-22 11:45:14] INFO: inside getClassrooms Controller
[2025-07-22 11:45:14] INFO: inside getClassrooms Controller
[2025-07-22 11:57:42] INFO: inside getClassrooms Controller
[2025-07-22 12:00:57] INFO: inside getClassrooms Controller
[2025-07-22 12:00:58] INFO: inside getClassrooms Controller
[2025-07-22 12:00:59] INFO: inside getClassrooms Controller
[2025-07-22 12:01:06] INFO: inside getClassrooms Controller
[2025-07-22 12:01:50] INFO: inside getClassrooms Controller
[2025-07-22 12:02:00] INFO: inside getClassrooms Controller
[2025-07-22 12:02:10] INFO: inside getClassrooms Controller
[2025-07-22 12:02:10] INFO: inside getClassrooms Controller
[2025-07-22 12:02:41] INFO: inside getClassrooms Controller
[2025-07-22 12:02:49] INFO: inside getClassrooms Controller
[2025-07-22 12:03:00] INFO: inside getClassrooms Controller
[2025-07-22 12:03:05] INFO: inside getClassrooms Controller
[2025-07-22 12:03:06] INFO: inside getClassrooms Controller
[2025-07-22 12:03:09] INFO: inside getClassrooms Controller
[2025-07-22 12:03:09] INFO: inside getClassrooms Controller
[2025-07-22 12:03:17] INFO: inside getClassrooms Controller
[2025-07-22 12:07:40] INFO: inside getClassrooms Controller
[2025-07-22 12:14:45] INFO: inside getClassrooms Controller
[2025-07-22 12:14:45] INFO: inside getClassrooms Controller
[2025-07-22 12:14:47] INFO: inside getClassrooms Controller
[2025-07-22 12:14:47] INFO: inside getClassrooms Controller
[2025-07-22 12:15:01] INFO: inside getClassrooms Controller
[2025-07-22 12:15:06] INFO: inside getClassrooms Controller
[2025-07-22 12:15:21] INFO: inside createClassRoom Controller
[2025-07-22 12:15:21] INFO: inside getClassrooms Controller
[2025-07-22 12:15:24] INFO: inside getClassrooms Controller
[2025-07-22 12:15:24] INFO: inside getClassrooms Controller
[2025-07-22 12:15:27] INFO: inside getClassrooms Controller
[2025-07-22 12:16:45] INFO: inside getClassrooms Controller
[2025-07-22 12:16:45] INFO: inside getClassrooms Controller
[2025-07-22 12:18:32] INFO: inside getClassrooms Controller
[2025-07-22 12:19:19] INFO: inside getClassrooms Controller
[2025-07-22 12:19:26] INFO: inside getClassrooms Controller
[2025-07-22 12:20:35] INFO: inside getClassrooms Controller
[2025-07-22 12:20:41] INFO: inside getClassrooms Controller
[2025-07-22 12:20:43] INFO: inside getClassrooms Controller
[2025-07-22 12:20:43] INFO: inside getClassrooms Controller
[2025-07-22 12:20:46] INFO: inside getClassrooms Controller
[2025-07-22 12:20:47] INFO: inside getClassrooms Controller
[2025-07-22 12:20:47] INFO: inside getClassrooms Controller
[2025-07-22 12:20:55] INFO: inside getClassrooms Controller
[2025-07-22 12:23:23] INFO: inside getClassrooms Controller
[2025-07-22 12:23:23] INFO: inside getClassrooms Controller
[2025-07-22 12:23:28] INFO: inside getClassrooms Controller
[2025-07-22 12:23:28] INFO: inside getClassrooms Controller
[2025-07-22 12:23:43] INFO: inside getClassrooms Controller
[2025-07-22 12:25:39] INFO: inside getClassrooms Controller
[2025-07-22 12:25:41] INFO: inside getClassrooms Controller
[2025-07-22 12:25:47] INFO: inside getClassrooms Controller
[2025-07-22 12:25:53] INFO: inside getClassrooms Controller
[2025-07-22 12:26:15] INFO: inside getClassrooms Controller
[2025-07-22 12:26:16] INFO: inside getClassrooms Controller
[2025-07-22 12:26:51] INFO: inside getClassrooms Controller
[2025-07-22 12:26:56] INFO: inside getClassrooms Controller
[2025-07-22 12:26:56] INFO: inside getClassrooms Controller
[2025-07-22 12:27:24] INFO: inside getClassrooms Controller
[2025-07-22 12:27:35] INFO: inside getClassrooms Controller
[2025-07-22 12:28:59] INFO: inside getClassrooms Controller
[2025-07-22 12:33:14] INFO: inside getClassrooms Controller
[2025-07-22 12:33:14] INFO: inside getClassrooms Controller
[2025-07-22 12:34:14] INFO: inside getClassrooms Controller
[2025-07-22 12:34:23] INFO: inside getClassrooms Controller
[2025-07-22 12:34:24] INFO: inside getClassrooms Controller
[2025-07-22 12:34:31] INFO: inside getClassrooms Controller
[2025-07-22 12:37:22] INFO: inside getClassrooms Controller
[2025-07-22 12:37:23] INFO: inside getClassrooms Controller
[2025-07-22 12:37:24] INFO: inside getClassrooms Controller
[2025-07-22 12:37:31] INFO: inside getClassrooms Controller
[2025-07-22 12:37:35] INFO: inside getClassrooms Controller
[2025-07-22 12:37:35] INFO: inside getClassrooms Controller
[2025-07-22 12:37:46] INFO: inside getClassrooms Controller
[2025-07-22 12:37:57] INFO: inside getClassrooms Controller
[2025-07-22 12:38:32] INFO: inside getClassrooms Controller
[2025-07-22 12:43:04] INFO: inside getClassrooms Controller
[2025-07-22 12:43:04] INFO: inside getClassrooms Controller
[2025-07-22 12:44:39] INFO: inside getClassrooms Controller
[2025-07-22 12:44:39] INFO: inside getClassrooms Controller
[2025-07-22 12:44:40] INFO: inside getClassrooms Controller
[2025-07-22 12:44:43] INFO: inside getClassrooms Controller
[2025-07-22 12:44:43] INFO: inside getClassrooms Controller
[2025-07-22 12:44:57] INFO: inside getClassrooms Controller
[2025-07-22 12:45:06] INFO: inside getClassrooms Controller
[2025-07-22 12:45:14] INFO: inside getClassrooms Controller
[2025-07-22 12:45:19] INFO: inside getClassrooms Controller
[2025-07-22 12:46:46] INFO: inside getClassrooms Controller
[2025-07-22 12:46:46] INFO: inside getClassrooms Controller
[2025-07-22 12:46:55] INFO: inside getClassrooms Controller
[2025-07-22 12:48:14] INFO: inside getClassrooms Controller
[2025-07-22 12:48:14] INFO: inside getClassrooms Controller
[2025-07-22 12:48:18] INFO: inside getClassrooms Controller
[2025-07-22 12:48:30] INFO: inside getClassrooms Controller
[2025-07-22 12:49:05] INFO: inside getClassrooms Controller
[2025-07-22 12:49:16] INFO: inside getClassrooms Controller
[2025-07-22 12:49:43] INFO: inside getClassrooms Controller
[2025-07-22 12:51:10] INFO: inside getClassrooms Controller
[2025-07-22 12:52:02] INFO: inside getClassrooms Controller
[2025-07-22 12:52:07] INFO: inside getClassrooms Controller
[2025-07-22 12:54:24] INFO: inside getClassrooms Controller
[2025-07-22 12:55:09] INFO: inside getClassrooms Controller
[2025-07-22 12:55:11] INFO: inside getClassrooms Controller
[2025-07-22 12:55:56] INFO: inside getClassrooms Controller
[2025-07-22 12:56:00] INFO: inside getClassrooms Controller
[2025-07-22 13:15:18] INFO: inside getClassrooms Controller
[2025-07-22 13:15:53] INFO: inside getClassrooms Controller
[2025-07-22 13:15:54] INFO: inside getClassrooms Controller
[2025-07-22 13:16:01] INFO: inside getClassrooms Controller
[2025-07-22 13:17:42] INFO: inside getClassrooms Controller
[2025-07-22 13:17:50] INFO: inside getClassrooms Controller
[2025-07-22 13:18:30] INFO: inside getClassrooms Controller
[2025-07-22 13:18:30] INFO: inside getClassrooms Controller
[2025-07-22 13:19:59] INFO: inside getClassrooms Controller
[2025-07-22 13:20:01] INFO: inside getClassrooms Controller
[2025-07-22 13:20:07] INFO: inside getClassrooms Controller
[2025-07-22 13:20:08] INFO: inside getClassrooms Controller
[2025-07-22 13:20:20] INFO: inside getClassrooms Controller
[2025-07-22 13:20:21] INFO: inside getClassrooms Controller
[2025-07-22 13:21:56] INFO: inside getClassrooms Controller
[2025-07-22 13:21:56] INFO: inside getClassrooms Controller
[2025-07-22 13:21:56] INFO: inside getClassrooms Controller
[2025-07-22 13:21:56] INFO: inside getClassrooms Controller
[2025-07-22 13:22:01] INFO: inside getClassrooms Controller
[2025-07-22 13:22:01] INFO: inside getClassrooms Controller
[2025-07-22 13:22:14] INFO: inside createClassRoom Controller
[2025-07-22 13:22:14] INFO: inside getClassrooms Controller
[2025-07-22 13:23:04] INFO: inside getClassrooms Controller
[2025-07-22 13:23:07] INFO: inside getClassrooms Controller
[2025-07-22 13:23:08] INFO: inside getClassrooms Controller
[2025-07-22 13:23:13] INFO: inside getClassrooms Controller
[2025-07-22 13:23:17] INFO: inside getClassrooms Controller
[2025-07-22 13:23:23] INFO: inside getClassrooms Controller
[2025-07-22 13:23:23] INFO: inside getClassrooms Controller
[2025-07-22 13:23:31] INFO: inside createClassRoom Controller
[2025-07-22 13:23:35] INFO: inside getClassrooms Controller
[2025-07-22 13:23:36] INFO: inside getClassrooms Controller
[2025-07-22 13:23:40] INFO: inside getClassrooms Controller
[2025-07-22 13:23:42] INFO: inside getClassrooms Controller
[2025-07-22 13:23:43] INFO: inside getClassrooms Controller
[2025-07-22 13:23:43] INFO: inside getClassrooms Controller
[2025-07-22 13:23:48] INFO: inside createClassRoom Controller
[2025-07-22 13:23:48] INFO: inside getClassrooms Controller
[2025-07-22 13:23:50] INFO: inside getClassrooms Controller
[2025-07-22 13:23:51] INFO: inside getClassrooms Controller
[2025-07-22 13:26:59] INFO: inside getClassrooms Controller
[2025-07-22 13:26:59] INFO: inside getClassrooms Controller
[2025-07-22 13:27:25] INFO: inside createClassRoom Controller
[2025-07-22 13:27:30] INFO: inside getClassrooms Controller
[2025-07-22 13:27:30] INFO: inside getClassrooms Controller
[2025-07-22 13:27:35] INFO: inside getClassrooms Controller
[2025-07-22 13:27:35] INFO: inside getClassrooms Controller
[2025-07-22 13:27:44] INFO: inside createClassRoom Controller
[2025-07-22 13:27:45] INFO: inside getClassrooms Controller
[2025-07-22 13:27:55] INFO: inside getClassrooms Controller
[2025-07-22 13:27:55] INFO: inside getClassrooms Controller
[2025-07-22 13:27:57] INFO: inside getClassrooms Controller
[2025-07-22 13:27:57] INFO: inside getClassrooms Controller
[2025-07-22 13:28:23] INFO: inside getClassrooms Controller
[2025-07-22 13:30:35] INFO: inside getClassrooms Controller
[2025-07-22 13:30:43] INFO: inside getClassrooms Controller
[2025-07-22 13:31:02] INFO: inside getClassrooms Controller
[2025-07-22 13:32:16] INFO: inside createClassRoom Controller
[2025-07-22 13:32:16] INFO: inside getClassrooms Controller
[2025-07-22 13:32:16] INFO: inside createClassRoom Controller
[2025-07-22 13:32:16] INFO: inside createClassRoom Controller
[2025-07-22 13:32:16] INFO: inside createClassRoom Controller
[2025-07-22 13:32:16] INFO: inside getClassrooms Controller
[2025-07-22 13:32:16] INFO: inside createClassRoom Controller
[2025-07-22 13:32:16] INFO: inside createClassRoom Controller
[2025-07-22 13:32:16] INFO: inside createClassRoom Controller
[2025-07-22 13:32:16] INFO: inside createClassRoom Controller
[2025-07-22 13:32:16] INFO: inside getClassrooms Controller
[2025-07-22 13:32:16] INFO: inside createClassRoom Controller
[2025-07-22 13:32:16] INFO: inside createClassRoom Controller
[2025-07-22 13:32:16] INFO: inside createClassRoom Controller
[2025-07-22 13:32:17] INFO: inside createClassRoom Controller
[2025-07-22 13:32:20] INFO: inside getClassrooms Controller
[2025-07-22 13:33:35] INFO: inside getClassrooms Controller
[2025-07-22 13:33:38] INFO: inside getClassrooms Controller
[2025-07-22 13:36:13] INFO: inside getClassrooms Controller
[2025-07-22 13:37:22] INFO: inside getClassrooms Controller
[2025-07-22 13:37:22] INFO: inside getClassrooms Controller
[2025-07-22 13:40:22] INFO: inside getClassrooms Controller
[2025-07-22 13:40:22] INFO: inside getClassrooms Controller
[2025-07-22 13:40:23] INFO: inside getClassrooms Controller
[2025-07-22 13:40:23] INFO: inside getClassrooms Controller
[2025-07-22 13:40:23] INFO: inside getClassrooms Controller
[2025-07-22 13:40:23] INFO: inside getClassrooms Controller
[2025-07-22 13:40:23] INFO: inside getClassrooms Controller
[2025-07-22 13:40:23] INFO: inside getClassrooms Controller
[2025-07-22 13:40:23] INFO: inside getClassrooms Controller
[2025-07-22 13:40:23] INFO: inside getClassrooms Controller
[2025-07-22 13:40:23] INFO: inside getClassrooms Controller
[2025-07-22 13:41:02] INFO: inside getClassrooms Controller
[2025-07-22 13:41:02] INFO: inside getClassrooms Controller
[2025-07-22 13:41:17] INFO: inside getClassrooms Controller
[2025-07-22 13:41:17] INFO: inside getClassrooms Controller
[2025-07-22 13:41:19] INFO: inside getClassrooms Controller
[2025-07-22 13:41:19] INFO: inside getClassrooms Controller
[2025-07-22 13:41:27] INFO: inside getClassrooms Controller
[2025-07-22 13:41:27] INFO: inside getClassrooms Controller
[2025-07-22 13:41:39] INFO: inside createClassRoom Controller
[2025-07-22 13:41:40] INFO: inside getClassrooms Controller
[2025-07-22 13:41:42] INFO: inside getClassrooms Controller
[2025-07-22 13:41:43] INFO: inside getClassrooms Controller
[2025-07-22 13:41:46] INFO: inside getClassrooms Controller
[2025-07-22 13:41:54] INFO: inside getClassrooms Controller
[2025-07-22 13:41:55] INFO: inside getClassrooms Controller
[2025-07-22 13:42:03] INFO: inside getClassrooms Controller
[2025-07-22 13:42:03] INFO: inside getClassrooms Controller
[2025-07-22 13:42:11] INFO: inside getClassrooms Controller
[2025-07-22 13:42:14] INFO: inside getClassrooms Controller
[2025-07-22 13:42:20] INFO: inside getClassrooms Controller
[2025-07-22 13:42:20] INFO: inside getClassrooms Controller
[2025-07-22 13:42:21] INFO: inside getClassrooms Controller
[2025-07-22 13:42:21] INFO: inside getClassrooms Controller
[2025-07-22 13:42:23] INFO: inside getClassrooms Controller
[2025-07-22 13:42:24] INFO: inside getClassrooms Controller
[2025-07-22 13:44:36] INFO: inside getClassrooms Controller
[2025-07-22 13:44:36] INFO: inside getClassrooms Controller
[2025-07-22 13:44:36] INFO: inside getClassrooms Controller
[2025-07-22 13:49:30] INFO: inside getClassrooms Controller
[2025-07-22 13:49:33] INFO: inside getClassrooms Controller
[2025-07-22 13:55:45] INFO: inside getClassrooms Controller
[2025-07-22 13:55:54] INFO: inside getClassrooms Controller
[2025-07-22 14:21:15] INFO: inside getClassrooms Controller
[2025-07-22 14:21:21] INFO: inside getClassrooms Controller
[2025-07-22 14:21:26] INFO: inside getClassrooms Controller
[2025-07-22 14:21:44] INFO: inside getClassrooms Controller
[2025-07-22 14:21:45] INFO: inside getClassrooms Controller
[2025-07-22 14:22:10] INFO: inside getClassrooms Controller
[2025-07-22 14:22:11] INFO: inside getClassrooms Controller
[2025-07-22 14:22:50] INFO: inside getClassrooms Controller
[2025-07-22 14:22:54] INFO: inside getClassrooms Controller
[2025-07-22 14:22:57] INFO: inside getClassrooms Controller
[2025-07-22 14:28:22] INFO: inside getClassrooms Controller
[2025-07-22 14:28:22] INFO: inside getClassrooms Controller
[2025-07-22 14:28:22] INFO: inside getClassrooms Controller
[2025-07-22 14:28:23] INFO: inside getClassrooms Controller
[2025-07-22 14:28:23] INFO: inside getClassrooms Controller
[2025-07-22 14:28:46] INFO: inside getClassrooms Controller
[2025-07-22 14:28:50] INFO: inside getClassrooms Controller
[2025-07-22 14:28:55] INFO: inside getClassrooms Controller
[2025-07-22 14:28:55] INFO: inside getClassrooms Controller
[2025-07-22 14:29:10] INFO: inside getClassrooms Controller
[2025-07-22 14:29:11] INFO: inside getClassrooms Controller
[2025-07-22 14:29:24] INFO: inside createClassRoom Controller
[2025-07-22 14:29:24] INFO: inside getClassrooms Controller
[2025-07-22 14:29:27] INFO: inside getClassrooms Controller
[2025-07-22 14:29:27] INFO: inside getClassrooms Controller
[2025-07-22 14:29:29] INFO: inside getClassrooms Controller
[2025-07-22 14:29:29] INFO: inside getClassrooms Controller
[2025-07-22 14:29:39] INFO: inside getClassrooms Controller
[2025-07-22 14:29:39] INFO: inside getClassrooms Controller
[2025-07-22 14:29:42] INFO: inside getClassrooms Controller
[2025-07-22 14:29:42] INFO: inside getClassrooms Controller
[2025-07-22 14:30:33] INFO: inside getClassrooms Controller
[2025-07-22 14:30:33] INFO: inside getClassrooms Controller
[2025-07-22 14:30:41] INFO: inside getClassrooms Controller
[2025-07-22 14:30:42] INFO: inside getClassrooms Controller
[2025-07-22 14:31:36] INFO: inside getClassrooms Controller
[2025-07-22 14:31:36] INFO: inside getClassrooms Controller
[2025-07-22 14:32:57] INFO: inside getClassrooms Controller
[2025-07-22 14:32:58] INFO: inside getClassrooms Controller
[2025-07-22 14:34:21] INFO: inside getClassrooms Controller
[2025-07-22 14:34:23] INFO: inside getClassrooms Controller
[2025-07-22 14:38:00] INFO: inside getClassrooms Controller
[2025-07-22 14:38:10] INFO: inside getClassrooms Controller
[2025-07-22 14:38:12] INFO: inside getClassrooms Controller
[2025-07-22 14:38:14] INFO: inside getClassrooms Controller
[2025-07-22 14:38:20] INFO: inside getClassrooms Controller
[2025-07-22 14:38:20] INFO: inside getClassrooms Controller
[2025-07-22 14:38:59] INFO: inside getClassrooms Controller
[2025-07-22 14:39:03] INFO: inside getClassrooms Controller
[2025-07-22 14:39:03] INFO: inside getClassrooms Controller
[2025-07-22 14:39:07] INFO: inside getClassrooms Controller
[2025-07-22 14:39:07] INFO: inside getClassrooms Controller
[2025-07-22 14:39:12] INFO: inside getClassrooms Controller
[2025-07-22 14:39:12] INFO: inside getClassrooms Controller
[2025-07-22 14:39:16] INFO: inside getClassrooms Controller
[2025-07-22 14:39:16] INFO: inside getClassrooms Controller
[2025-07-22 14:40:17] INFO: inside getClassrooms Controller
[2025-07-22 14:50:42] INFO: inside getClassrooms Controller
[2025-07-22 14:50:42] INFO: inside getClassrooms Controller
[2025-07-22 14:50:45] INFO: inside getClassrooms Controller
[2025-07-22 14:50:45] INFO: inside getClassrooms Controller
[2025-07-22 14:51:58] INFO: inside getClassrooms Controller
[2025-07-22 14:52:42] INFO: inside getClassrooms Controller
[2025-07-22 14:52:42] INFO: inside getClassrooms Controller
[2025-07-22 14:52:45] INFO: inside getClassrooms Controller
[2025-07-22 14:52:45] INFO: inside getClassrooms Controller
[2025-07-22 14:53:04] INFO: inside getClassrooms Controller
[2025-07-22 14:53:13] INFO: inside getClassrooms Controller
[2025-07-22 14:53:13] INFO: inside getClassrooms Controller
[2025-07-22 14:53:56] INFO: inside getClassrooms Controller
[2025-07-22 14:54:12] INFO: inside getClassrooms Controller
[2025-07-22 14:55:02] INFO: inside getClassrooms Controller
[2025-07-22 14:59:03] INFO: inside getClassrooms Controller
[2025-07-22 14:59:03] INFO: inside getClassrooms Controller
[2025-07-22 14:59:06] INFO: inside getClassrooms Controller
[2025-07-22 14:59:06] INFO: inside getClassrooms Controller
[2025-07-22 14:59:10] INFO: inside getClassrooms Controller
[2025-07-22 14:59:10] INFO: inside getClassrooms Controller
[2025-07-22 14:59:11] INFO: inside getClassrooms Controller
[2025-07-22 14:59:12] INFO: inside getClassrooms Controller
[2025-07-22 14:59:14] INFO: inside getClassrooms Controller
[2025-07-22 14:59:14] INFO: inside getClassrooms Controller
[2025-07-22 14:59:28] INFO: inside getClassrooms Controller
[2025-07-22 15:00:13] INFO: inside getClassrooms Controller
[2025-07-22 15:00:16] INFO: inside getClassrooms Controller
[2025-07-22 15:02:07] INFO: inside getClassrooms Controller
[2025-07-22 15:02:08] INFO: inside getClassrooms Controller
[2025-07-22 15:02:08] INFO: inside getClassrooms Controller
[2025-07-22 15:02:08] INFO: inside getClassrooms Controller
[2025-07-22 15:02:10] INFO: inside getClassrooms Controller
[2025-07-22 15:02:10] INFO: inside getClassrooms Controller
[2025-07-22 15:02:12] INFO: inside getClassrooms Controller
[2025-07-22 15:02:12] INFO: inside getClassrooms Controller
[2025-07-22 15:02:16] INFO: inside getClassrooms Controller
[2025-07-22 15:02:21] INFO: inside getClassrooms Controller
[2025-07-22 15:02:21] INFO: inside getClassrooms Controller
[2025-07-22 15:02:23] INFO: inside getClassrooms Controller
[2025-07-22 15:02:23] INFO: inside getClassrooms Controller
[2025-07-22 15:02:26] INFO: inside getClassrooms Controller
[2025-07-22 15:02:36] INFO: inside getClassrooms Controller
[2025-07-22 15:02:39] INFO: inside getClassrooms Controller
[2025-07-22 15:02:39] INFO: inside getClassrooms Controller
[2025-07-22 15:02:42] INFO: inside getClassrooms Controller
[2025-07-22 15:02:42] INFO: inside getClassrooms Controller
[2025-07-22 15:02:44] INFO: inside getClassrooms Controller
[2025-07-22 15:02:48] INFO: inside getClassrooms Controller
[2025-07-22 15:02:53] INFO: inside getClassrooms Controller
[2025-07-22 15:02:55] INFO: inside getClassrooms Controller
[2025-07-22 15:02:57] INFO: inside getClassrooms Controller
[2025-07-22 15:02:57] INFO: inside getClassrooms Controller
[2025-07-22 15:02:59] INFO: inside getClassrooms Controller
[2025-07-22 15:03:00] INFO: inside getClassrooms Controller
[2025-07-22 15:03:01] INFO: inside getClassrooms Controller
[2025-07-22 15:03:02] INFO: inside getClassrooms Controller
[2025-07-22 15:03:06] INFO: inside getClassrooms Controller
[2025-07-22 15:03:08] INFO: inside getClassrooms Controller
[2025-07-22 15:03:08] INFO: inside getClassrooms Controller
[2025-07-22 15:03:29] INFO: inside getClassrooms Controller
[2025-07-22 15:03:33] INFO: inside getClassrooms Controller
[2025-07-22 15:03:36] INFO: inside getClassrooms Controller
[2025-07-22 15:03:41] INFO: inside getClassrooms Controller
[2025-07-22 15:03:47] INFO: inside getClassrooms Controller
[2025-07-22 15:04:08] INFO: inside createClassRoom Controller
[2025-07-22 15:04:08] INFO: inside getClassrooms Controller
[2025-07-22 15:04:10] INFO: inside getClassrooms Controller
[2025-07-22 15:04:10] INFO: inside getClassrooms Controller
[2025-07-22 15:04:23] INFO: inside getClassrooms Controller
[2025-07-22 15:04:34] INFO: inside getClassrooms Controller
[2025-07-22 15:04:34] INFO: inside getClassrooms Controller
[2025-07-22 15:04:45] INFO: inside getClassrooms Controller
[2025-07-22 15:05:32] INFO: inside getClassrooms Controller
[2025-07-22 15:05:35] INFO: inside getClassrooms Controller
[2025-07-22 15:05:35] INFO: inside getClassrooms Controller
[2025-07-22 15:05:39] INFO: inside getClassrooms Controller
[2025-07-22 15:05:39] INFO: inside getClassrooms Controller
[2025-07-22 15:05:41] INFO: inside getClassrooms Controller
[2025-07-22 15:05:41] INFO: inside getClassrooms Controller
[2025-07-22 15:06:14] INFO: inside getClassrooms Controller
[2025-07-22 15:06:18] INFO: inside getClassrooms Controller
[2025-07-22 15:06:22] INFO: inside getClassrooms Controller
[2025-07-22 15:06:25] INFO: inside getClassrooms Controller
[2025-07-22 15:06:33] INFO: inside getClassrooms Controller
[2025-07-22 15:06:38] INFO: inside getClassrooms Controller
[2025-07-22 15:06:40] INFO: inside getClassrooms Controller
[2025-07-22 15:06:44] INFO: inside getClassrooms Controller
[2025-07-22 15:06:53] INFO: inside getClassrooms Controller
[2025-07-22 15:06:59] INFO: inside getClassrooms Controller
[2025-07-22 15:07:17] INFO: inside getClassrooms Controller
[2025-07-22 15:07:51] INFO: inside getClassrooms Controller
[2025-07-22 15:08:19] INFO: inside getClassrooms Controller
[2025-07-22 15:19:45] INFO: inside getClassrooms Controller
[2025-07-22 15:19:46] INFO: inside getClassrooms Controller
[2025-07-22 15:19:48] INFO: inside getClassrooms Controller
[2025-07-22 15:19:48] INFO: inside getClassrooms Controller
[2025-07-22 15:24:16] INFO: inside getClassrooms Controller
[2025-07-22 15:24:16] INFO: inside getClassrooms Controller
[2025-07-22 15:24:20] INFO: inside getClassrooms Controller
[2025-07-22 15:24:20] INFO: inside getClassrooms Controller
[2025-07-22 15:24:43] INFO: inside getClassrooms Controller
[2025-07-22 15:24:43] INFO: inside getClassrooms Controller
[2025-07-22 15:24:44] INFO: inside getClassrooms Controller
[2025-07-22 15:24:44] INFO: inside getClassrooms Controller
[2025-07-22 15:24:47] INFO: inside getClassrooms Controller
[2025-07-22 15:24:47] INFO: inside getClassrooms Controller
[2025-07-22 15:24:48] INFO: inside getClassrooms Controller
[2025-07-22 15:24:48] INFO: inside getClassrooms Controller
[2025-07-22 15:24:50] INFO: inside getClassrooms Controller
[2025-07-22 15:24:50] INFO: inside getClassrooms Controller
[2025-07-22 15:24:54] INFO: inside getClassrooms Controller
[2025-07-22 15:24:54] INFO: inside getClassrooms Controller
[2025-07-22 15:25:00] INFO: inside getClassrooms Controller
[2025-07-22 15:25:00] INFO: inside getClassrooms Controller
[2025-07-22 15:25:05] INFO: inside getClassrooms Controller
[2025-07-22 15:25:05] INFO: inside getClassrooms Controller
[2025-07-22 15:31:09] INFO: inside getClassrooms Controller
[2025-07-22 15:31:09] INFO: inside getClassrooms Controller
[2025-07-22 15:31:10] INFO: inside getClassrooms Controller
[2025-07-22 15:31:10] INFO: inside getClassrooms Controller
[2025-07-22 15:33:11] INFO: inside getClassrooms Controller
[2025-07-22 15:33:11] INFO: inside getClassrooms Controller
[2025-07-22 15:33:12] INFO: inside getClassrooms Controller
[2025-07-22 15:33:13] INFO: inside getClassrooms Controller
[2025-07-22 15:37:13] INFO: inside getClassrooms Controller
[2025-07-22 15:37:14] INFO: inside getClassrooms Controller
[2025-07-22 15:37:16] INFO: inside getClassrooms Controller
[2025-07-22 15:38:22] INFO: inside getClassrooms Controller
[2025-07-22 15:38:22] INFO: inside getClassrooms Controller
[2025-07-22 15:38:22] INFO: inside getClassrooms Controller
[2025-07-22 15:38:23] INFO: inside getClassrooms Controller
[2025-07-22 15:38:23] INFO: inside getClassrooms Controller
[2025-07-22 15:41:21] INFO: inside getClassrooms Controller
[2025-07-22 15:41:30] INFO: inside getClassrooms Controller
[2025-07-22 15:41:31] INFO: inside getClassrooms Controller
[2025-07-22 15:41:31] INFO: inside getClassrooms Controller
[2025-07-22 15:41:32] INFO: inside getClassrooms Controller
[2025-07-22 15:41:32] INFO: inside getClassrooms Controller
[2025-07-22 15:41:33] INFO: inside getClassrooms Controller
[2025-07-22 15:41:33] INFO: inside getClassrooms Controller
[2025-07-22 15:41:34] INFO: inside getClassrooms Controller
[2025-07-22 15:46:19] INFO: inside getClassrooms Controller
[2025-07-22 15:46:27] INFO: inside getClassrooms Controller
[2025-07-22 15:46:30] INFO: inside getClassrooms Controller
[2025-07-22 15:46:31] INFO: inside getClassrooms Controller
[2025-07-22 15:46:32] INFO: inside getClassrooms Controller
[2025-07-22 15:46:32] INFO: inside getClassrooms Controller
[2025-07-22 15:46:34] INFO: inside getClassrooms Controller
[2025-07-22 15:46:34] INFO: inside getClassrooms Controller
[2025-07-22 15:46:35] INFO: inside getClassrooms Controller
[2025-07-22 15:46:36] INFO: inside getClassrooms Controller
[2025-07-22 15:46:37] INFO: inside getClassrooms Controller
[2025-07-22 15:46:37] INFO: inside getClassrooms Controller
[2025-07-22 15:46:38] INFO: inside getClassrooms Controller
[2025-07-22 15:46:39] INFO: inside getClassrooms Controller
[2025-07-22 15:46:40] INFO: inside getClassrooms Controller
[2025-07-22 15:46:40] INFO: inside getClassrooms Controller
[2025-07-22 15:46:41] INFO: inside getClassrooms Controller
[2025-07-22 15:46:41] INFO: inside getClassrooms Controller
[2025-07-22 15:46:43] INFO: inside getClassrooms Controller
[2025-07-22 15:46:43] INFO: inside getClassrooms Controller
[2025-07-22 15:46:44] INFO: inside getClassrooms Controller
[2025-07-22 15:46:45] INFO: inside getClassrooms Controller
[2025-07-22 15:46:46] INFO: inside getClassrooms Controller
[2025-07-22 15:46:46] INFO: inside getClassrooms Controller
[2025-07-22 15:46:47] INFO: inside getClassrooms Controller
[2025-07-22 15:46:47] INFO: inside getClassrooms Controller
[2025-07-22 15:46:48] INFO: inside getClassrooms Controller
[2025-07-22 15:46:48] INFO: inside getClassrooms Controller
[2025-07-22 15:46:50] INFO: inside getClassrooms Controller
[2025-07-22 15:46:50] INFO: inside getClassrooms Controller
[2025-07-22 15:46:51] INFO: inside getClassrooms Controller
[2025-07-22 15:46:51] INFO: inside getClassrooms Controller
[2025-07-22 15:46:54] INFO: inside getClassrooms Controller
[2025-07-22 15:46:54] INFO: inside getClassrooms Controller
[2025-07-22 15:46:56] INFO: inside getClassrooms Controller
[2025-07-22 15:46:56] INFO: inside getClassrooms Controller
[2025-07-22 15:46:57] INFO: inside getClassrooms Controller
[2025-07-22 15:46:57] INFO: inside getClassrooms Controller
[2025-07-22 15:46:58] INFO: inside getClassrooms Controller
[2025-07-22 15:46:58] INFO: inside getClassrooms Controller
[2025-07-22 15:47:00] INFO: inside getClassrooms Controller
[2025-07-22 15:47:00] INFO: inside getClassrooms Controller
[2025-07-22 15:47:01] INFO: inside getClassrooms Controller
[2025-07-22 15:47:01] INFO: inside getClassrooms Controller
[2025-07-22 15:47:03] INFO: inside getClassrooms Controller
[2025-07-22 15:47:03] INFO: inside getClassrooms Controller
[2025-07-22 15:47:04] INFO: inside getClassrooms Controller
[2025-07-22 15:47:04] INFO: inside getClassrooms Controller
[2025-07-22 15:47:05] INFO: inside getClassrooms Controller
[2025-07-22 15:47:05] INFO: inside getClassrooms Controller
[2025-07-22 15:47:06] INFO: inside getClassrooms Controller
[2025-07-22 15:47:07] INFO: inside getClassrooms Controller
[2025-07-22 15:47:07] INFO: inside getClassrooms Controller
[2025-07-22 15:47:07] INFO: inside getClassrooms Controller
[2025-07-22 15:47:09] INFO: inside getClassrooms Controller
[2025-07-22 15:47:09] INFO: inside getClassrooms Controller
[2025-07-22 15:47:10] INFO: inside getClassrooms Controller
[2025-07-22 15:47:10] INFO: inside getClassrooms Controller
[2025-07-22 15:47:11] INFO: inside getClassrooms Controller
[2025-07-22 15:47:11] INFO: inside getClassrooms Controller
[2025-07-22 15:47:12] INFO: inside getClassrooms Controller
[2025-07-22 15:47:12] INFO: inside getClassrooms Controller
[2025-07-22 15:47:13] INFO: inside getClassrooms Controller
[2025-07-22 15:47:13] INFO: inside getClassrooms Controller
[2025-07-22 15:47:14] INFO: inside getClassrooms Controller
[2025-07-22 15:47:14] INFO: inside getClassrooms Controller
[2025-07-22 15:47:15] INFO: inside getClassrooms Controller
[2025-07-22 15:47:15] INFO: inside getClassrooms Controller
[2025-07-22 15:47:16] INFO: inside getClassrooms Controller
[2025-07-22 15:47:16] INFO: inside getClassrooms Controller
[2025-07-22 15:47:17] INFO: inside getClassrooms Controller
[2025-07-22 15:47:17] INFO: inside getClassrooms Controller
[2025-07-22 15:47:18] INFO: inside getClassrooms Controller
[2025-07-22 15:47:18] INFO: inside getClassrooms Controller
[2025-07-22 15:47:19] INFO: inside getClassrooms Controller
[2025-07-22 15:47:20] INFO: inside getClassrooms Controller
[2025-07-22 15:47:20] INFO: inside getClassrooms Controller
[2025-07-22 15:47:20] INFO: inside getClassrooms Controller
[2025-07-22 15:47:21] INFO: inside getClassrooms Controller
[2025-07-22 15:47:22] INFO: inside getClassrooms Controller
[2025-07-22 15:47:23] INFO: inside getClassrooms Controller
[2025-07-22 15:47:23] INFO: inside getClassrooms Controller
[2025-07-22 15:47:24] INFO: inside getClassrooms Controller
[2025-07-22 15:47:24] INFO: inside getClassrooms Controller
[2025-07-22 15:47:25] INFO: inside getClassrooms Controller
[2025-07-22 15:47:25] INFO: inside getClassrooms Controller
[2025-07-22 15:47:26] INFO: inside getClassrooms Controller
[2025-07-22 15:47:26] INFO: inside getClassrooms Controller
[2025-07-22 15:47:27] INFO: inside getClassrooms Controller
[2025-07-22 15:47:27] INFO: inside getClassrooms Controller
[2025-07-22 15:47:29] INFO: inside getClassrooms Controller
[2025-07-22 15:47:29] INFO: inside getClassrooms Controller
[2025-07-22 15:47:31] INFO: inside getClassrooms Controller
[2025-07-22 15:47:35] INFO: inside getClassrooms Controller
[2025-07-22 15:47:38] INFO: inside getClassrooms Controller
[2025-07-22 15:47:38] INFO: inside getClassrooms Controller
[2025-07-22 15:50:03] INFO: inside getClassrooms Controller
[2025-07-22 15:50:04] INFO: inside getClassrooms Controller
[2025-07-22 15:50:05] INFO: inside getClassrooms Controller
[2025-07-22 15:50:06] INFO: inside getClassrooms Controller
[2025-07-22 15:50:07] INFO: inside getClassrooms Controller
[2025-07-22 15:50:07] INFO: inside getClassrooms Controller
[2025-07-22 15:51:41] INFO: inside getClassrooms Controller
[2025-07-22 15:51:42] INFO: inside getClassrooms Controller
[2025-07-22 15:51:44] INFO: inside getClassrooms Controller
[2025-07-22 15:51:44] INFO: inside getClassrooms Controller
[2025-07-22 15:51:45] INFO: inside getClassrooms Controller
[2025-07-22 15:51:45] INFO: inside getClassrooms Controller
[2025-07-22 15:51:46] INFO: inside getClassrooms Controller
[2025-07-22 15:51:46] INFO: inside getClassrooms Controller
[2025-07-22 16:06:22] INFO: inside getClassrooms Controller
[2025-07-22 16:06:22] INFO: inside getClassrooms Controller
[2025-07-22 16:06:23] INFO: inside getClassrooms Controller
[2025-07-22 16:06:24] INFO: inside getClassrooms Controller
[2025-07-22 16:06:26] INFO: inside getClassrooms Controller
[2025-07-22 16:06:28] INFO: inside getClassrooms Controller
[2025-07-22 16:06:36] INFO: inside getClassrooms Controller
[2025-07-22 16:06:37] INFO: inside getClassrooms Controller
[2025-07-22 16:06:41] INFO: inside getClassrooms Controller
[2025-07-22 16:06:41] INFO: inside getClassrooms Controller
[2025-07-22 16:06:52] INFO: inside getClassrooms Controller
[2025-07-22 16:06:53] INFO: inside getClassrooms Controller
[2025-07-22 16:07:16] INFO: inside createClassRoom Controller
[2025-07-22 16:07:17] INFO: inside getClassrooms Controller
[2025-07-22 16:07:20] INFO: inside getClassrooms Controller
[2025-07-22 16:07:20] INFO: inside getClassrooms Controller
[2025-07-22 16:07:33] INFO: inside getClassrooms Controller
[2025-07-22 16:07:40] INFO: inside getClassrooms Controller
[2025-07-22 16:07:44] INFO: inside getClassrooms Controller
[2025-07-22 16:07:46] INFO: inside getClassrooms Controller
[2025-07-22 16:07:54] INFO: inside getClassrooms Controller
[2025-07-22 16:07:54] INFO: inside getClassrooms Controller
[2025-07-22 16:07:59] INFO: inside getClassrooms Controller
[2025-07-22 16:07:59] INFO: inside getClassrooms Controller
[2025-07-22 16:08:01] INFO: inside getClassrooms Controller
[2025-07-22 16:08:01] INFO: inside getClassrooms Controller
[2025-07-22 16:08:13] INFO: inside getClassrooms Controller
[2025-07-22 16:08:21] INFO: inside getClassrooms Controller
[2025-07-22 16:08:48] INFO: inside getClassrooms Controller
[2025-07-22 16:08:53] INFO: inside getClassrooms Controller
[2025-07-22 16:08:57] INFO: inside getClassrooms Controller
[2025-07-22 16:09:13] INFO: inside getClassrooms Controller
[2025-07-22 16:09:22] INFO: inside getClassrooms Controller
[2025-07-22 16:09:27] INFO: inside getClassrooms Controller
[2025-07-22 16:09:29] INFO: inside getClassrooms Controller
[2025-07-22 16:09:32] INFO: inside getClassrooms Controller
[2025-07-22 16:09:41] INFO: inside getClassrooms Controller
[2025-07-22 16:09:45] INFO: inside getClassrooms Controller
[2025-07-22 16:09:53] INFO: inside getClassrooms Controller
[2025-07-22 16:09:54] INFO: inside getClassrooms Controller
[2025-07-22 16:09:56] INFO: inside getClassrooms Controller
[2025-07-22 16:09:58] INFO: inside getClassrooms Controller
[2025-07-22 16:10:03] INFO: inside getClassrooms Controller
[2025-07-22 16:12:40] INFO: inside getClassrooms Controller
[2025-07-22 16:12:40] INFO: inside getClassrooms Controller
[2025-07-22 16:12:44] INFO: inside getClassrooms Controller
[2025-07-22 16:12:44] INFO: inside getClassrooms Controller
[2025-07-22 16:13:11] INFO: inside getClassrooms Controller
[2025-07-22 16:13:18] INFO: inside getClassrooms Controller
[2025-07-22 16:17:15] INFO: inside getClassrooms Controller
[2025-07-22 16:17:18] INFO: inside getClassrooms Controller
[2025-07-22 16:32:07] INFO: inside getClassrooms Controller
[2025-07-22 16:32:09] INFO: inside getClassrooms Controller
[2025-07-22 16:46:45] INFO: inside getClassrooms Controller
[2025-07-22 16:46:45] INFO: inside getClassrooms Controller
[2025-07-22 16:46:47] INFO: inside getClassrooms Controller
[2025-07-22 16:46:47] INFO: inside getClassrooms Controller
[2025-07-22 16:46:48] INFO: inside getClassrooms Controller
[2025-07-22 16:46:49] INFO: inside getClassrooms Controller
[2025-07-22 16:46:50] INFO: inside getClassrooms Controller
[2025-07-22 16:46:50] INFO: inside getClassrooms Controller
[2025-07-22 16:47:03] INFO: inside getClassrooms Controller
[2025-07-22 16:47:04] INFO: inside getClassrooms Controller
[2025-07-22 16:47:07] INFO: inside getClassrooms Controller
[2025-07-22 16:47:07] INFO: inside getClassrooms Controller
[2025-07-22 16:47:12] INFO: inside getClassrooms Controller
[2025-07-22 16:47:12] INFO: inside getClassrooms Controller
[2025-07-22 16:47:17] INFO: inside getClassrooms Controller
[2025-07-22 16:47:22] INFO: inside getClassrooms Controller
[2025-07-22 16:47:31] INFO: inside getClassrooms Controller
[2025-07-22 16:47:31] INFO: inside getClassrooms Controller
[2025-07-22 16:47:32] INFO: inside getClassrooms Controller
[2025-07-22 16:47:34] INFO: inside getClassrooms Controller
[2025-07-22 16:47:35] INFO: inside getClassrooms Controller
[2025-07-22 16:47:36] INFO: inside getClassrooms Controller
[2025-07-22 16:47:36] INFO: inside getClassrooms Controller
[2025-07-22 16:47:37] INFO: inside getClassrooms Controller
[2025-07-22 16:47:38] INFO: inside getClassrooms Controller
[2025-07-22 16:47:38] INFO: inside getClassrooms Controller
[2025-07-22 16:47:38] INFO: inside getClassrooms Controller
[2025-07-22 16:47:38] INFO: inside getClassrooms Controller
[2025-07-22 16:47:40] INFO: inside getClassrooms Controller
[2025-07-22 16:47:40] INFO: inside getClassrooms Controller
[2025-07-22 16:47:41] INFO: inside getClassrooms Controller
[2025-07-22 16:47:41] INFO: inside getClassrooms Controller
[2025-07-22 16:47:44] INFO: inside getClassrooms Controller
[2025-07-22 16:47:44] INFO: inside getClassrooms Controller
[2025-07-22 16:51:51] INFO: inside getClassrooms Controller
[2025-07-22 16:51:51] INFO: inside getClassrooms Controller
[2025-07-22 16:51:55] INFO: inside getClassrooms Controller
[2025-07-22 16:51:55] INFO: inside getClassrooms Controller
[2025-07-22 16:52:33] INFO: inside getClassrooms Controller
[2025-07-22 16:52:33] INFO: inside getClassrooms Controller
