[2025-07-14 10:20:18] INFO: inside refreshAccessToken  undefined
[2025-07-14 10:24:25] INFO: inside refreshAccessToken  undefined
[2025-07-14 10:24:40] INFO: inside getAllCandidates Controller
[2025-07-14 10:24:43] INFO: inside getAllCandidates Controller
[2025-07-14 10:38:08] INFO: inside getAllCandidates Controller
[2025-07-14 10:38:17] INFO: inside getAllCandidates Controller
[2025-07-14 10:38:38] INFO: 🧠 Login attempt for hr@gmail.com
[2025-07-14 10:38:38] INFO: 🔑 accessToken: eyJhbGciOiJIUzI1NiIsInR5cCI6IkpXVCJ9.eyJpZCI6MSwiZW1haWwiOiJockBnbWFpbC5jb20iLCJpYXQiOjE3NTI0Njk3MTgsImV4cCI6MTc1MjQ5MTMxOH0.21HkXZcLS3U8iKiiN8ORY6Bod0uce0AP1hwFjKvsymw
[2025-07-14 10:38:38] INFO: 🔁 refreshToken cookie set eyJhbGciOiJIUzI1NiIsInR5cCI6IkpXVCJ9.eyJpZCI6MSwiZW1haWwiOiJockBnbWFpbC5jb20iLCJpYXQiOjE3NTI0Njk3MTgsImV4cCI6MTc1MzA3NDUxOH0.7DI5ze0_u2cg1k05rniNZpyNhqx05WzEocsRIHmeZiA
[2025-07-14 10:38:38] INFO: 🌐 Headers Sent: {
  "x-powered-by": "Express",
  "access-control-allow-origin": "http://localhost:3000",
  "vary": "Origin",
  "access-control-allow-credentials": "true",
  "set-cookie": "refreshToken=eyJhbGciOiJIUzI1NiIsInR5cCI6IkpXVCJ9.eyJpZCI6MSwiZW1haWwiOiJockBnbWFpbC5jb20iLCJpYXQiOjE3NTI0Njk3MTgsImV4cCI6MTc1MzA3NDUxOH0.7DI5ze0_u2cg1k05rniNZpyNhqx05WzEocsRIHmeZiA; Max-Age=604800; Path=/api/auth; Expires=Mon, 21 Jul 2025 05:08:38 GMT; HttpOnly; SameSite=Lax"
}
[2025-07-14 10:47:22] INFO: inside getAllCandidates Controller
[2025-07-14 10:52:06] INFO: inside getAllCandidates Controller
[2025-07-14 10:52:11] INFO: inside getAllCandidates Controller
[2025-07-14 10:53:07] INFO: inside getAllCandidates Controller
[2025-07-14 10:53:21] INFO: inside getAllCandidates Controller
[2025-07-14 10:53:45] INFO: inside getAllCandidates Controller
[2025-07-14 10:55:24] INFO: inside getAllCandidates Controller
[2025-07-14 11:04:41] INFO: inside getAllCandidates Controller
[2025-07-14 11:06:04] INFO: inside getAllCandidates Controller
[2025-07-14 11:08:51] INFO: inside getAllCandidates Controller
[2025-07-14 11:09:30] INFO: inside getAllCandidates Controller
[2025-07-14 11:11:31] INFO: inside getAllCandidates Controller
[2025-07-14 11:11:31] INFO: inside getAllCandidates Controller
[2025-07-14 11:36:24] INFO: inside getAllCandidates Controller
[2025-07-14 11:36:25] INFO: inside getAllCandidates Controller
[2025-07-14 11:36:36] INFO: inside getAllCandidates Controller
[2025-07-14 11:36:49] INFO: inside getAllCandidates Controller
[2025-07-14 11:37:35] INFO: inside getAllCandidates Controller
[2025-07-14 11:37:40] INFO: inside getAllCandidates Controller
[2025-07-14 11:38:10] INFO: inside getAllCandidates Controller
[2025-07-14 11:38:24] INFO: inside getAllCandidates Controller
[2025-07-14 11:38:44] INFO: inside getAllCandidates Controller
[2025-07-14 11:38:49] INFO: inside getAllCandidates Controller
[2025-07-14 11:41:49] INFO: inside getAllCandidates Controller
[2025-07-14 11:41:54] INFO: inside getAllCandidates Controller
[2025-07-14 11:41:54] INFO: inside getAllCandidates Controller
[2025-07-14 11:41:56] INFO: inside getAllCandidates Controller
[2025-07-14 11:49:08] INFO: inside getAllCandidates Controller
[2025-07-14 11:52:45] INFO: inside getAllCandidates Controller
[2025-07-14 11:52:48] INFO: inside getAllCandidates Controller
[2025-07-14 11:54:34] INFO: inside getAllCandidates Controller
[2025-07-14 11:54:34] INFO: inside getAllCandidates Controller
[2025-07-14 11:54:41] INFO: inside getAllCandidates Controller
[2025-07-14 11:54:41] INFO: inside getAllCandidates Controller
[2025-07-14 11:54:50] INFO: inside getAllCandidates Controller
[2025-07-14 11:55:55] INFO: inside getAllCandidates Controller
[2025-07-14 11:59:12] INFO: inside getAllCandidates Controller
[2025-07-14 12:00:22] INFO: inside getAllCandidates Controller
[2025-07-14 12:00:46] INFO: inside getAllCandidates Controller
[2025-07-14 12:03:14] INFO: inside getAllCandidates Controller
[2025-07-14 12:04:14] INFO: inside getAllCandidates Controller
[2025-07-14 12:04:23] INFO: inside getAllCandidates Controller
[2025-07-14 12:06:01] INFO: inside getAllCandidates Controller
[2025-07-14 12:06:37] INFO: inside getAllCandidates Controller
[2025-07-14 12:06:37] INFO: inside getAllCandidates Controller
[2025-07-14 12:06:43] INFO: inside getAllCandidates Controller
[2025-07-14 12:11:19] INFO: inside refreshAccessToken  eyJhbGciOiJIUzI1NiIsInR5cCI6IkpXVCJ9.eyJpZCI6MSwiZW1haWwiOiJockBnbWFpbC5jb20iLCJpYXQiOjE3NTI0Njk3MTgsImV4cCI6MTc1MzA3NDUxOH0.7DI5ze0_u2cg1k05rniNZpyNhqx05WzEocsRIHmeZiA
[2025-07-14 12:11:19] INFO: 🍪 Refresh Cookie Present: Yes
[2025-07-14 12:11:19] INFO: access Token inside refreshAccessToken()  eyJhbGciOiJIUzI1NiIsInR5cCI6IkpXVCJ9.eyJpZCI6MSwiZW1haWwiOiJockBnbWFpbC5jb20iLCJpYXQiOjE3NTI0NzUyNzksImV4cCI6MTc1MjQ3NjQ3OX0.SngpvnBEgfVeBnPew-SMGqiZeWoUH-i8pKgSYgYRu6Q
[2025-07-14 12:11:24] INFO: inside getAllCandidates Controller
[2025-07-14 12:12:53] INFO: inside getAllCandidates Controller
[2025-07-14 12:13:48] INFO: inside getAllCandidates Controller
[2025-07-14 12:14:30] INFO: inside getAllCandidates Controller
[2025-07-14 12:15:05] INFO: inside getAllCandidates Controller
[2025-07-14 12:17:04] INFO: inside getAllCandidates Controller
[2025-07-14 12:18:21] INFO: inside getAllCandidates Controller
[2025-07-14 12:26:06] INFO: inside getAllCandidates Controller
[2025-07-14 12:26:06] INFO: inside getAllCandidates Controller
[2025-07-14 12:26:12] INFO: inside getAllCandidates Controller
[2025-07-14 12:26:20] INFO: inside getAllCandidates Controller
[2025-07-14 12:26:20] INFO: inside getAllCandidates Controller
[2025-07-14 12:27:12] INFO: inside getAllCandidates Controller
[2025-07-14 12:27:30] INFO: inside getAllCandidates Controller
[2025-07-14 12:27:44] INFO: inside getAllCandidates Controller
[2025-07-14 12:28:04] INFO:  inside logout() BEFORE clear cookie  eyJhbGciOiJIUzI1NiIsInR5cCI6IkpXVCJ9.eyJpZCI6MSwiZW1haWwiOiJockBnbWFpbC5jb20iLCJpYXQiOjE3NTI0Njk3MTgsImV4cCI6MTc1MzA3NDUxOH0.7DI5ze0_u2cg1k05rniNZpyNhqx05WzEocsRIHmeZiA
[2025-07-14 12:28:04] INFO:  inside logout() AFTER clear cookie  eyJhbGciOiJIUzI1NiIsInR5cCI6IkpXVCJ9.eyJpZCI6MSwiZW1haWwiOiJockBnbWFpbC5jb20iLCJpYXQiOjE3NTI0Njk3MTgsImV4cCI6MTc1MzA3NDUxOH0.7DI5ze0_u2cg1k05rniNZpyNhqx05WzEocsRIHmeZiA
[2025-07-14 12:28:15] INFO: 🧠 Login attempt for hr@gmail.com
[2025-07-14 12:28:15] INFO: 🔑 accessToken: eyJhbGciOiJIUzI1NiIsInR5cCI6IkpXVCJ9.eyJpZCI6MSwiZW1haWwiOiJockBnbWFpbC5jb20iLCJpYXQiOjE3NTI0NzYyOTUsImV4cCI6MTc1MjQ5Nzg5NX0.NV1X-Grxlb-vQzO8f46qGfVNkTcg39o5H-RjjL7oChg
[2025-07-14 12:28:15] INFO: 🔁 refreshToken cookie set eyJhbGciOiJIUzI1NiIsInR5cCI6IkpXVCJ9.eyJpZCI6MSwiZW1haWwiOiJockBnbWFpbC5jb20iLCJpYXQiOjE3NTI0NzYyOTUsImV4cCI6MTc1MzA4MTA5NX0.XAaQKguzzYhujoJwEE60H6HH5kXodwjpb5_PM5sOJTo
[2025-07-14 12:28:15] INFO: 🌐 Headers Sent: {
  "x-powered-by": "Express",
  "access-control-allow-origin": "http://localhost:3000",
  "vary": "Origin",
  "access-control-allow-credentials": "true",
  "set-cookie": "refreshToken=eyJhbGciOiJIUzI1NiIsInR5cCI6IkpXVCJ9.eyJpZCI6MSwiZW1haWwiOiJockBnbWFpbC5jb20iLCJpYXQiOjE3NTI0NzYyOTUsImV4cCI6MTc1MzA4MTA5NX0.XAaQKguzzYhujoJwEE60H6HH5kXodwjpb5_PM5sOJTo; Max-Age=604800; Path=/api/auth; Expires=Mon, 21 Jul 2025 06:58:15 GMT; HttpOnly; SameSite=Lax"
}
[2025-07-14 12:34:05] INFO: inside getAllCandidates Controller
[2025-07-14 12:34:09] INFO: inside getAllCandidates Controller
[2025-07-14 12:34:28] INFO: inside getAllCandidates Controller
[2025-07-14 12:34:37] INFO: inside getAllCandidates Controller
[2025-07-14 12:34:42] INFO: inside getAllCandidates Controller
[2025-07-14 12:40:28] INFO: inside getAllCandidates Controller
[2025-07-14 12:41:37] INFO: inside getAllCandidates Controller
[2025-07-14 12:44:32] INFO: inside getAllCandidates Controller
[2025-07-14 12:44:36] INFO: inside getAllCandidates Controller
[2025-07-14 12:45:18] INFO: inside getAllCandidates Controller
[2025-07-14 12:45:50] INFO: inside getAllCandidates Controller
[2025-07-14 12:52:08] INFO: inside getAllCandidates Controller
[2025-07-14 12:52:08] INFO: inside getAllCandidates Controller
[2025-07-14 12:52:10] INFO: inside getAllCandidates Controller
[2025-07-14 12:52:12] INFO: inside getAllCandidates Controller
[2025-07-14 12:52:29] INFO: inside getAllCandidates Controller
[2025-07-14 12:52:40] INFO: inside getAllCandidates Controller
[2025-07-14 12:52:46] INFO: inside getAllCandidates Controller
[2025-07-14 12:53:07] INFO: inside getAllCandidates Controller
[2025-07-14 12:53:09] INFO: inside getAllCandidates Controller
[2025-07-14 12:53:11] INFO: inside getAllCandidates Controller
[2025-07-14 12:53:14] INFO: inside getAllCandidates Controller
[2025-07-14 12:53:17] INFO: inside getAllCandidates Controller
[2025-07-14 12:53:21] INFO: inside getAllCandidates Controller
[2025-07-14 12:53:25] INFO: inside getAllCandidates Controller
[2025-07-14 12:54:05] INFO: inside getAllCandidates Controller
[2025-07-14 12:54:10] INFO: inside getAllCandidates Controller
[2025-07-14 12:54:24] INFO: inside getAllCandidates Controller
[2025-07-14 12:54:32] INFO: inside getAllCandidates Controller
[2025-07-14 12:54:44] INFO: inside getAllCandidates Controller
[2025-07-14 12:54:47] INFO: inside getAllCandidates Controller
[2025-07-14 12:56:09] INFO: inside getAllCandidates Controller
[2025-07-14 12:56:34] INFO: inside getAllCandidates Controller
[2025-07-14 12:56:36] INFO: inside getAllCandidates Controller
[2025-07-14 12:58:01] INFO: inside getAllCandidates Controller
[2025-07-14 13:07:53] INFO: inside getAllCandidates Controller
[2025-07-14 13:08:57] INFO: inside getAllCandidates Controller
[2025-07-14 13:08:57] INFO: inside getAllCandidates Controller
[2025-07-14 13:09:00] INFO: inside getAllCandidates Controller
[2025-07-14 13:09:07] INFO: inside getAllCandidates Controller
[2025-07-14 13:09:19] INFO: inside getAllCandidates Controller
[2025-07-14 13:09:19] INFO: inside getAllCandidates Controller
[2025-07-14 13:09:27] INFO: inside getAllCandidates Controller
[2025-07-14 13:10:08] INFO: inside getAllCandidates Controller
[2025-07-14 13:10:08] INFO: inside getAllCandidates Controller
[2025-07-14 13:10:12] INFO: inside getAllCandidates Controller
[2025-07-14 13:10:29] INFO: inside getAllCandidates Controller
[2025-07-14 13:10:43] INFO: inside getAllCandidates Controller
[2025-07-14 13:11:21] INFO: inside getAllCandidates Controller
[2025-07-14 13:11:50] INFO: inside getAllCandidates Controller
[2025-07-14 13:17:16] INFO: inside getAllCandidates Controller
[2025-07-14 13:18:38] INFO: inside getAllCandidates Controller
[2025-07-14 13:20:34] INFO: inside getAllCandidates Controller
[2025-07-14 13:21:39] INFO: inside getAllCandidates Controller
[2025-07-14 13:21:47] INFO: inside getAllCandidates Controller
[2025-07-14 13:22:27] INFO: inside getAllCandidates Controller
[2025-07-14 13:22:37] INFO: inside getAllCandidates Controller
[2025-07-14 13:22:39] INFO: inside getAllCandidates Controller
[2025-07-14 13:22:49] INFO: inside getAllCandidates Controller
[2025-07-14 13:22:49] INFO: inside getAllCandidates Controller
[2025-07-14 13:22:50] INFO: inside getAllCandidates Controller
[2025-07-14 13:22:51] INFO: inside getAllCandidates Controller
[2025-07-14 13:23:29] INFO: inside getAllCandidates Controller
[2025-07-14 13:23:30] INFO: inside getAllCandidates Controller
[2025-07-14 13:23:53] INFO: inside getAllCandidates Controller
[2025-07-14 13:24:25] INFO: inside getAllCandidates Controller
[2025-07-14 13:32:28] INFO: inside getAllCandidates Controller
[2025-07-14 13:32:29] INFO: inside getAllCandidates Controller
[2025-07-14 13:39:02] INFO: inside getAllCandidates Controller
[2025-07-14 13:39:42] INFO: inside getAllCandidates Controller
[2025-07-14 13:39:45] INFO: inside getAllCandidates Controller
[2025-07-14 13:39:51] INFO: inside getAllCandidates Controller
[2025-07-14 13:39:54] INFO: inside getAllCandidates Controller
[2025-07-14 13:39:57] INFO: inside getAllCandidates Controller
[2025-07-14 13:40:04] INFO: inside getAllCandidates Controller
[2025-07-14 13:40:38] INFO: inside getAllCandidates Controller
[2025-07-14 13:42:38] INFO: inside getAllCandidates Controller
[2025-07-14 13:42:56] INFO: inside getAllCandidates Controller
[2025-07-14 14:11:59] INFO: inside getAllCandidates Controller
[2025-07-14 14:12:18] INFO: inside getAllCandidates Controller
[2025-07-14 14:12:27] INFO: inside getAllCandidates Controller
[2025-07-14 14:13:10] INFO: inside getAllCandidates Controller
[2025-07-14 14:13:11] INFO: inside getAllCandidates Controller
[2025-07-14 14:13:31] INFO: inside getAllCandidates Controller
[2025-07-14 14:13:32] INFO: inside getAllCandidates Controller
[2025-07-14 14:13:37] INFO: inside getAllCandidates Controller
[2025-07-14 14:13:38] INFO: inside getAllCandidates Controller
[2025-07-14 14:13:41] INFO: inside getAllCandidates Controller
[2025-07-14 14:13:43] INFO: inside getAllCandidates Controller
[2025-07-14 14:13:43] INFO: inside getAllCandidates Controller
[2025-07-14 14:13:45] INFO: inside getAllCandidates Controller
[2025-07-14 14:13:49] INFO: inside getAllCandidates Controller
[2025-07-14 14:14:07] INFO: inside getAllCandidates Controller
[2025-07-14 14:14:08] INFO: inside getAllCandidates Controller
[2025-07-14 14:14:11] INFO: inside getAllCandidates Controller
[2025-07-14 14:14:13] INFO: inside getAllCandidates Controller
[2025-07-14 14:14:41] INFO: inside getAllCandidates Controller
[2025-07-14 14:15:24] INFO: inside getAllCandidates Controller
[2025-07-14 14:15:25] INFO: inside getAllCandidates Controller
[2025-07-14 14:16:54] INFO: inside getAllCandidates Controller
[2025-07-14 14:16:54] INFO: inside getAllCandidates Controller
[2025-07-14 14:17:04] INFO: inside getAllCandidates Controller
[2025-07-14 14:17:06] INFO: inside getAllCandidates Controller
[2025-07-14 14:17:48] INFO: inside getAllCandidates Controller
[2025-07-14 14:17:49] INFO: inside getAllCandidates Controller
[2025-07-14 14:18:05] INFO: inside getAllCandidates Controller
[2025-07-14 14:18:06] INFO: inside getAllCandidates Controller
[2025-07-14 14:18:30] INFO: inside getAllCandidates Controller
[2025-07-14 14:20:37] INFO: inside getAllCandidates Controller
[2025-07-14 14:23:08] INFO: inside getAllCandidates Controller
[2025-07-14 14:23:33] INFO: inside getAllCandidates Controller
[2025-07-14 14:24:13] INFO: inside getAllCandidates Controller
[2025-07-14 14:29:12] INFO: inside getAllCandidates Controller
[2025-07-14 14:29:39] INFO: inside getAllCandidates Controller
[2025-07-14 14:32:58] INFO: inside getAllCandidates Controller
[2025-07-14 14:32:59] INFO: inside getAllCandidates Controller
[2025-07-14 14:33:04] INFO: inside getAllCandidates Controller
[2025-07-14 14:33:04] INFO: inside getAllCandidates Controller
[2025-07-14 14:33:58] INFO: inside getAllCandidates Controller
[2025-07-14 14:34:00] INFO: inside getAllCandidates Controller
[2025-07-14 14:34:03] INFO: inside getAllCandidates Controller
[2025-07-14 14:34:04] INFO: inside getAllCandidates Controller
[2025-07-14 14:34:06] INFO: inside getAllCandidates Controller
[2025-07-14 14:35:39] INFO: inside getAllCandidates Controller
[2025-07-14 14:47:58] INFO: inside getAllCandidates Controller
[2025-07-14 14:52:12] INFO: inside getAllCandidates Controller
[2025-07-14 14:52:12] INFO: inside getAllCandidates Controller
[2025-07-14 14:55:51] INFO: inside getAllCandidates Controller
[2025-07-14 14:55:53] INFO: inside getAllCandidates Controller
[2025-07-14 15:12:02] INFO: inside getAllCandidates Controller
[2025-07-14 15:32:38] INFO: inside getAllCandidates Controller
[2025-07-14 15:34:40] INFO: inside getAllCandidates Controller
[2025-07-14 15:34:48] INFO: inside getAllCandidates Controller
[2025-07-14 15:37:03] INFO: inside getAllCandidates Controller
[2025-07-14 15:37:40] INFO: inside getAllCandidates Controller
[2025-07-14 15:38:19] INFO: inside getAllCandidates Controller
[2025-07-14 15:38:23] INFO: inside getAllCandidates Controller
[2025-07-14 15:42:58] INFO: inside getAllCandidates Controller
[2025-07-14 15:42:58] INFO: inside getAllCandidates Controller
[2025-07-14 15:43:17] INFO: inside getAllCandidates Controller
[2025-07-14 15:43:17] INFO: inside getAllCandidates Controller
[2025-07-14 15:43:19] INFO: inside getAllCandidates Controller
[2025-07-14 15:43:29] INFO: inside getAllCandidates Controller
[2025-07-14 15:43:29] INFO: inside getAllCandidates Controller
[2025-07-14 15:43:31] INFO: inside getAllCandidates Controller
[2025-07-14 15:43:43] INFO: inside getAllCandidates Controller
[2025-07-14 15:43:49] INFO: inside getAllCandidates Controller
[2025-07-14 15:44:54] INFO: inside getAllCandidates Controller
[2025-07-14 15:46:01] INFO: inside getAllCandidates Controller
[2025-07-14 15:46:30] INFO: inside getAllCandidates Controller
[2025-07-14 15:46:57] INFO: inside getAllCandidates Controller
[2025-07-14 15:47:18] INFO: inside getAllCandidates Controller
[2025-07-14 15:47:56] INFO: inside getAllCandidates Controller
[2025-07-14 15:47:59] INFO: inside getAllCandidates Controller
[2025-07-14 15:48:01] INFO: inside getAllCandidates Controller
[2025-07-14 15:48:45] INFO: inside getAllCandidates Controller
[2025-07-14 15:48:45] INFO: inside getAllCandidates Controller
[2025-07-14 15:48:51] INFO: inside getAllCandidates Controller
[2025-07-14 15:48:51] INFO: inside getAllCandidates Controller
[2025-07-14 15:49:02] INFO: inside getAllCandidates Controller
[2025-07-14 15:49:03] INFO: inside getAllCandidates Controller
[2025-07-14 15:49:05] INFO: inside getAllCandidates Controller
[2025-07-14 15:55:47] INFO: inside getAllCandidates Controller
[2025-07-14 15:55:47] INFO: inside getAllCandidates Controller
[2025-07-14 15:55:49] INFO: inside getAllCandidates Controller
[2025-07-14 15:55:49] INFO: inside getAllCandidates Controller
[2025-07-14 15:55:52] INFO: inside getAllCandidates Controller
[2025-07-14 15:55:52] INFO: inside getAllCandidates Controller
[2025-07-14 15:55:56] INFO: inside getAllCandidates Controller
[2025-07-14 15:56:00] INFO: inside getAllCandidates Controller
[2025-07-14 15:56:00] INFO: inside getAllCandidates Controller
[2025-07-14 15:56:01] INFO: inside getAllCandidates Controller
[2025-07-14 15:56:07] INFO: inside getAllCandidates Controller
[2025-07-14 15:56:08] INFO: inside getAllCandidates Controller
[2025-07-14 15:56:09] INFO: inside getAllCandidates Controller
[2025-07-14 15:57:03] INFO: inside getAllCandidates Controller
[2025-07-14 15:57:16] INFO: inside getAllCandidates Controller
[2025-07-14 15:57:18] INFO: inside getAllCandidates Controller
[2025-07-14 16:02:09] INFO: inside getAllCandidates Controller
[2025-07-14 16:02:20] INFO: inside getAllCandidates Controller
[2025-07-14 16:03:27] INFO: inside getAllCandidates Controller
[2025-07-14 16:04:33] INFO: inside getAllCandidates Controller
[2025-07-14 16:04:36] INFO: inside getAllCandidates Controller
[2025-07-14 16:04:40] INFO: inside getAllCandidates Controller
[2025-07-14 16:05:13] INFO: inside getAllCandidates Controller
[2025-07-14 16:05:44] INFO: inside getAllCandidates Controller
[2025-07-14 16:06:15] INFO: inside getAllCandidates Controller
[2025-07-14 16:06:41] INFO: inside getAllCandidates Controller
[2025-07-14 16:07:08] INFO: inside getAllCandidates Controller
[2025-07-14 16:07:43] INFO: inside getAllCandidates Controller
[2025-07-14 16:10:59] INFO: inside getAllCandidates Controller
[2025-07-14 16:10:59] ERROR: ❌ Error in getAllCandidates: Error: connect EHOSTUNREACH 13.233.75.110:5432
[2025-07-14 16:13:51] INFO: inside getAllCandidates Controller
[2025-07-14 16:13:51] INFO: inside getAllCandidates Controller
[2025-07-14 16:13:51] INFO: inside getAllCandidates Controller
[2025-07-14 16:13:53] INFO: inside refreshAccessToken  eyJhbGciOiJIUzI1NiIsInR5cCI6IkpXVCJ9.eyJpZCI6MSwiZW1haWwiOiJockBnbWFpbC5jb20iLCJpYXQiOjE3NTI0NzYyOTUsImV4cCI6MTc1MzA4MTA5NX0.XAaQKguzzYhujoJwEE60H6HH5kXodwjpb5_PM5sOJTo
[2025-07-14 16:13:53] INFO: 🍪 Refresh Cookie Present: Yes
[2025-07-14 16:13:53] INFO: access Token inside refreshAccessToken()  eyJhbGciOiJIUzI1NiIsInR5cCI6IkpXVCJ9.eyJpZCI6MSwiZW1haWwiOiJockBnbWFpbC5jb20iLCJpYXQiOjE3NTI0ODk4MzMsImV4cCI6MTc1MjQ5MTAzM30.J4cYIM7dJp2XKp7qttlsG9wmItRhX3ejm6oKX1wvWIQ
[2025-07-14 16:14:38] INFO: inside getAllCandidates Controller
[2025-07-14 16:14:49] INFO: inside getAllCandidates Controller
[2025-07-14 16:23:03] INFO: inside getAllCandidates Controller
[2025-07-14 16:23:10] INFO: inside getAllCandidates Controller
[2025-07-14 16:23:14] INFO: inside getAllCandidates Controller
[2025-07-14 16:23:18] INFO: inside getAllCandidates Controller
[2025-07-14 16:23:22] INFO: inside getAllCandidates Controller
[2025-07-14 16:23:38] INFO: inside getAllCandidates Controller
[2025-07-14 16:23:44] INFO: inside getAllCandidates Controller
[2025-07-14 16:23:53] INFO: inside getAllCandidates Controller
[2025-07-14 16:25:34] INFO: inside getAllCandidates Controller
[2025-07-14 16:25:34] INFO: inside getAllCandidates Controller
[2025-07-14 16:25:34] INFO: inside getAllCandidates Controller
[2025-07-14 16:25:44] INFO: inside getAllCandidates Controller
[2025-07-14 16:25:44] INFO: inside getAllCandidates Controller
[2025-07-14 16:25:45] INFO: inside getAllCandidates Controller
[2025-07-14 16:25:52] INFO: inside getAllCandidates Controller
[2025-07-14 16:25:52] INFO: inside getAllCandidates Controller
[2025-07-14 16:25:53] INFO: inside getAllCandidates Controller
[2025-07-14 16:25:57] INFO: inside getAllCandidates Controller
[2025-07-14 16:26:10] INFO: inside getAllCandidates Controller
[2025-07-14 16:26:11] INFO: inside getAllCandidates Controller
[2025-07-14 16:26:12] INFO: inside getAllCandidates Controller
[2025-07-14 16:26:15] INFO: inside getAllCandidates Controller
[2025-07-14 16:26:15] INFO: inside getAllCandidates Controller
[2025-07-14 16:26:16] INFO: inside getAllCandidates Controller
[2025-07-14 16:26:20] INFO: inside getAllCandidates Controller
[2025-07-14 16:27:35] INFO: inside getAllCandidates Controller
[2025-07-14 16:27:35] INFO: inside getAllCandidates Controller
[2025-07-14 16:27:36] INFO: inside getAllCandidates Controller
[2025-07-14 16:28:01] INFO: inside getAllCandidates Controller
[2025-07-14 16:28:29] INFO: inside getAllCandidates Controller
[2025-07-14 16:28:39] INFO: inside getAllCandidates Controller
[2025-07-14 16:28:41] INFO: inside getAllCandidates Controller
[2025-07-14 16:31:15] INFO: inside getAllCandidates Controller
[2025-07-14 16:31:15] INFO: inside getAllCandidates Controller
[2025-07-14 16:31:15] INFO: inside getAllCandidates Controller
[2025-07-14 16:31:18] INFO: inside getAllCandidates Controller
[2025-07-14 16:31:18] INFO: inside getAllCandidates Controller
[2025-07-14 16:31:19] INFO: inside getAllCandidates Controller
[2025-07-14 16:33:24] INFO: inside getAllCandidates Controller
[2025-07-14 16:34:04] INFO: inside getAllCandidates Controller
[2025-07-14 16:34:34] INFO: inside getAllCandidates Controller
[2025-07-14 16:35:09] INFO: inside getAllCandidates Controller
[2025-07-14 16:35:24] INFO: inside getAllCandidates Controller
[2025-07-14 16:35:25] INFO: inside getAllCandidates Controller
[2025-07-14 16:35:26] INFO: inside getAllCandidates Controller
[2025-07-14 16:35:30] INFO: inside getAllCandidates Controller
[2025-07-14 16:35:30] INFO: inside getAllCandidates Controller
[2025-07-14 16:35:32] INFO: inside getAllCandidates Controller
[2025-07-14 16:35:36] INFO: inside getAllCandidates Controller
[2025-07-14 16:35:36] INFO: inside getAllCandidates Controller
[2025-07-14 16:35:44] INFO: inside getAllCandidates Controller
[2025-07-14 16:35:44] INFO: inside getAllCandidates Controller
[2025-07-14 16:35:45] INFO: inside getAllCandidates Controller
[2025-07-14 16:35:51] INFO: inside getAllCandidates Controller
[2025-07-14 16:35:51] INFO: inside getAllCandidates Controller
[2025-07-14 16:35:52] INFO: inside getAllCandidates Controller
[2025-07-14 16:36:17] INFO: inside getAllCandidates Controller
[2025-07-14 16:36:17] INFO: inside getAllCandidates Controller
[2025-07-14 16:36:18] INFO: inside getAllCandidates Controller
[2025-07-14 16:36:22] INFO: inside getAllCandidates Controller
[2025-07-14 16:36:22] INFO: inside getAllCandidates Controller
[2025-07-14 16:36:49] INFO: inside getAllCandidates Controller
[2025-07-14 16:37:33] INFO: inside getAllCandidates Controller
[2025-07-14 16:37:33] INFO: inside getAllCandidates Controller
[2025-07-14 16:37:33] INFO: inside getAllCandidates Controller
[2025-07-14 16:45:32] INFO: inside getAllCandidates Controller
[2025-07-14 16:48:01] INFO: inside getAllCandidates Controller
[2025-07-14 16:48:06] INFO: inside getAllCandidates Controller
[2025-07-14 16:48:11] INFO: inside getAllCandidates Controller
[2025-07-14 16:48:23] INFO: inside getAllCandidates Controller
[2025-07-14 16:48:37] INFO: inside getAllCandidates Controller
[2025-07-14 16:51:47] INFO: inside getAllCandidates Controller
[2025-07-14 16:52:37] INFO: inside getAllCandidates Controller
[2025-07-14 16:52:51] INFO: inside getAllCandidates Controller
[2025-07-14 16:52:56] INFO: inside getAllCandidates Controller
[2025-07-14 16:53:04] INFO: inside getAllCandidates Controller
[2025-07-14 16:53:57] INFO: inside getAllCandidates Controller
[2025-07-14 16:54:30] INFO: inside getAllCandidates Controller
[2025-07-14 16:54:37] INFO: inside getAllCandidates Controller
[2025-07-14 16:55:11] INFO: inside getAllCandidates Controller
[2025-07-14 16:55:40] INFO: inside getAllCandidates Controller
[2025-07-14 16:55:44] INFO: inside getAllCandidates Controller
[2025-07-14 16:56:39] INFO: inside getAllCandidates Controller
[2025-07-14 16:56:39] INFO: inside getAllCandidates Controller
[2025-07-14 16:56:40] INFO: inside getAllCandidates Controller
[2025-07-14 16:58:43] INFO: inside getAllCandidates Controller
[2025-07-14 16:59:28] INFO: inside getAllCandidates Controller
[2025-07-14 16:59:32] INFO: inside getAllCandidates Controller
[2025-07-14 16:59:36] INFO: inside getAllCandidates Controller
[2025-07-14 16:59:41] INFO: inside getAllCandidates Controller
[2025-07-14 16:59:44] INFO: inside getAllCandidates Controller
[2025-07-14 17:00:15] INFO: inside getAllCandidates Controller
[2025-07-14 17:00:23] INFO: inside getAllCandidates Controller
[2025-07-14 17:00:27] INFO: inside getAllCandidates Controller
[2025-07-14 17:01:11] INFO: inside getAllCandidates Controller
[2025-07-14 17:01:15] INFO: inside getAllCandidates Controller
[2025-07-14 17:01:19] INFO: inside getAllCandidates Controller
[2025-07-14 17:01:22] INFO: inside getAllCandidates Controller
[2025-07-14 17:01:27] INFO: inside getAllCandidates Controller
[2025-07-14 17:01:30] INFO: inside getAllCandidates Controller
[2025-07-14 17:01:34] INFO: inside getAllCandidates Controller
[2025-07-14 17:01:51] INFO: inside getAllCandidates Controller
[2025-07-14 17:01:59] INFO: inside getAllCandidates Controller
[2025-07-14 17:02:31] INFO: inside getAllCandidates Controller
[2025-07-14 17:02:48] INFO: inside getAllCandidates Controller
[2025-07-14 17:02:56] INFO: inside getAllCandidates Controller
[2025-07-14 17:02:59] INFO: inside getAllCandidates Controller
[2025-07-14 17:03:02] INFO: inside getAllCandidates Controller
[2025-07-14 17:03:05] INFO: inside getAllCandidates Controller
[2025-07-14 17:04:34] INFO: inside getAllCandidates Controller
[2025-07-14 17:04:42] INFO: inside getAllCandidates Controller
[2025-07-14 17:05:35] INFO: inside getAllCandidates Controller
[2025-07-14 17:06:24] INFO: inside getAllCandidates Controller
[2025-07-14 17:06:31] INFO: inside getAllCandidates Controller
[2025-07-14 17:06:34] INFO: inside getAllCandidates Controller
[2025-07-14 17:06:38] INFO: inside getAllCandidates Controller
[2025-07-14 17:06:52] INFO: inside getAllCandidates Controller
[2025-07-14 17:07:02] INFO: inside getAllCandidates Controller
[2025-07-14 17:07:10] INFO: inside getAllCandidates Controller
[2025-07-14 17:07:33] INFO: inside getAllCandidates Controller
[2025-07-14 17:08:14] INFO: inside getAllCandidates Controller
[2025-07-14 17:08:53] INFO: inside getAllCandidates Controller
[2025-07-14 17:09:09] INFO: inside getAllCandidates Controller
[2025-07-14 17:09:14] INFO: inside getAllCandidates Controller
[2025-07-14 17:10:06] INFO: inside getAllCandidates Controller
[2025-07-14 17:10:28] INFO: inside getAllCandidates Controller
[2025-07-14 17:10:47] INFO: inside getAllCandidates Controller
[2025-07-14 17:10:53] INFO: inside getAllCandidates Controller
[2025-07-14 17:10:55] INFO: inside getAllCandidates Controller
[2025-07-14 17:12:10] INFO: inside getAllCandidates Controller
[2025-07-14 17:12:13] INFO: inside getAllCandidates Controller
[2025-07-14 17:13:21] INFO: inside getAllCandidates Controller
[2025-07-14 17:16:32] INFO: inside getAllCandidates Controller
[2025-07-14 17:17:34] INFO: inside getAllCandidates Controller
[2025-07-14 17:17:37] INFO: inside getAllCandidates Controller
[2025-07-14 17:18:33] INFO: inside getAllCandidates Controller
[2025-07-14 17:21:01] INFO: inside getAllCandidates Controller
[2025-07-14 17:21:18] INFO: inside getAllCandidates Controller
[2025-07-14 17:21:25] INFO: inside getAllCandidates Controller
[2025-07-14 17:21:29] INFO: inside getAllCandidates Controller
[2025-07-14 17:21:33] INFO: inside getAllCandidates Controller
[2025-07-14 17:22:13] INFO: inside getAllCandidates Controller
[2025-07-14 17:23:26] INFO: inside getAllCandidates Controller
[2025-07-14 17:23:30] INFO: inside getAllCandidates Controller
[2025-07-14 17:23:45] INFO: inside getAllCandidates Controller
[2025-07-14 17:29:43] INFO: inside getAllCandidates Controller
[2025-07-14 17:29:45] INFO: inside getAllCandidates Controller
